{
  "fio version" : "fio-3.16",
  "timestamp" : 1600544091,
  "timestamp_ms" : 1600544091786,
  "time" : "Sat Sep 19 15:34:51 2020",
  "global options" : {
    "unified_rw_reporting" : "1",
    "time_based" : "1",
    "runtime" : "90",
    "directory" : "/media/auto/work/tmp",
    "filename" : "testfile.dat",
    "filesize" : "20GiB",
    "direct" : "1",
    "ioengine" : "libaio"
  },
  "jobs" : [
    {
      "jobname" : "jobname",
      "groupid" : 0,
      "error" : 0,
      "eta" : 0,
      "elapsed" : 91,
      "job options" : {
        "name" : "jobname",
        "iodepth" : "16",
        "bs" : "256k",
        "rw" : "read"
      },
      "mixed" : {
        "io_bytes" : 325994676224,
        "io_kbytes" : 318354176,
        "bw_bytes" : 3622082578,
        "bw" : 3537190,
        "iops" : 13817.148508,
        "runtime" : 90002,
        "total_ios" : 1243571,
        "short_ios" : 0,
        "drop_ios" : 0,
        "slat_ns" : {
          "min" : 5932,
          "max" : 221105,
          "mean" : 10408.685333,
          "stddev" : 1872.476776
        },
        "clat_ns" : {
          "min" : 207770,
          "max" : 2252555,
          "mean" : 1146941.864347,
          "stddev" : 105200.389668,
          "percentile" : {
            "1.000000" : 897024,
            "5.000000" : 954368,
            "10.000000" : 1003520,
            "20.000000" : 1089536,
            "30.000000" : 1138688,
            "40.000000" : 1138688,
            "50.000000" : 1138688,
            "60.000000" : 1155072,
            "70.000000" : 1155072,
            "80.000000" : 1204224,
            "90.000000" : 1302528,
            "95.000000" : 1351680,
            "99.000000" : 1400832,
            "99.500000" : 1417216,
            "99.900000" : 1466368,
            "99.950000" : 1466368,
            "99.990000" : 1597440
          }
        },
        "lat_ns" : {
          "min" : 219732,
          "max" : 2262474,
          "mean" : 1157453.815885,
          "stddev" : 105162.838116
        },
        "bw_min" : 3527168,
        "bw_max" : 3542016,
        "bw_agg" : 99.993249,
        "bw_mean" : 3536951.188889,
        "bw_dev" : 3715.038276,
        "bw_samples" : 180,
        "iops_min" : 13778,
        "iops_max" : 13836,
        "iops_mean" : 13816.200000,
        "iops_stddev" : 14.508868,
        "iops_samples" : 180
      },
      "job_runtime" : 90001,
      "usr_cpu" : 1.794425,
      "sys_cpu" : 16.376485,
      "ctx" : 1242714,
      "majf" : 0,
      "minf" : 1034,
      "iodepth_level" : {
        "1" : 0.100000,
        "2" : 0.100000,
        "4" : 0.100000,
        "8" : 0.100000,
        "16" : 99.979495,
        "32" : 0.000000,
        ">=64" : 0.000000
      },
      "iodepth_submit" : {
        "0" : 0.000000,
        "4" : 100.000000,
        "8" : 0.000000,
        "16" : 0.000000,
        "32" : 0.000000,
        "64" : 0.000000,
        ">=64" : 0.000000
      },
      "iodepth_complete" : {
        "0" : 0.000000,
        "4" : 99.998633,
        "8" : 0.000000,
        "16" : 0.100000,
        "32" : 0.000000,
        "64" : 0.000000,
        ">=64" : 0.000000
      },
      "latency_ns" : {
        "2" : 0.000000,
        "4" : 0.000000,
        "10" : 0.000000,
        "20" : 0.000000,
        "50" : 0.000000,
        "100" : 0.000000,
        "250" : 0.000000,
        "500" : 0.000000,
        "750" : 0.000000,
        "1000" : 0.000000
      },
      "latency_us" : {
        "2" : 0.000000,
        "4" : 0.000000,
        "10" : 0.000000,
        "20" : 0.000000,
        "50" : 0.000000,
        "100" : 0.000000,
        "250" : 0.010000,
        "500" : 0.010000,
        "750" : 0.010000,
        "1000" : 9.382737
      },
      "latency_ms" : {
        "2" : 90.608739,
        "4" : 0.010000,
        "10" : 0.000000,
        "20" : 0.000000,
        "50" : 0.000000,
        "100" : 0.000000,
        "250" : 0.000000,
        "500" : 0.000000,
        "750" : 0.000000,
        "1000" : 0.000000,
        "2000" : 0.000000,
        ">=2000" : 0.000000
      },
      "latency_depth" : 16,
      "latency_target" : 0,
      "latency_percentile" : 100.000000,
      "latency_window" : 0
    }
  ],
  "disk_util" : [
    {
      "name" : "nvme0n1",
      "read_ios" : 1242343,
      "write_ios" : 0,
      "read_merges" : 0,
      "write_merges" : 0,
      "read_ticks" : 1427656,
      "write_ticks" : 0,
      "in_queue" : 0,
      "util" : 99.937750
    }
  ]
}
