{
  "fio version" : "fio-3.16",
  "timestamp" : 1600543650,
  "timestamp_ms" : 1600543650024,
  "time" : "Sat Sep 19 15:27:30 2020",
  "global options" : {
    "unified_rw_reporting" : "1",
    "time_based" : "1",
    "runtime" : "90",
    "directory" : "/media/auto/work/tmp",
    "filename" : "testfile.dat",
    "filesize" : "20GiB",
    "direct" : "1",
    "ioengine" : "libaio"
  },
  "jobs" : [
    {
      "jobname" : "jobname",
      "groupid" : 0,
      "error" : 0,
      "eta" : 0,
      "elapsed" : 91,
      "job options" : {
        "name" : "jobname",
        "iodepth" : "16",
        "bs" : "32k",
        "rw" : "read"
      },
      "mixed" : {
        "io_bytes" : 250452770816,
        "io_kbytes" : 244582784,
        "bw_bytes" : 2782777644,
        "bw" : 2717556,
        "iops" : 84923.634182,
        "runtime" : 90001,
        "total_ios" : 7643212,
        "short_ios" : 0,
        "drop_ios" : 0,
        "slat_ns" : {
          "min" : 2124,
          "max" : 391134,
          "mean" : 4153.612267,
          "stddev" : 1633.099723
        },
        "clat_ns" : {
          "min" : 46908,
          "max" : 2060305,
          "mean" : 183688.923882,
          "stddev" : 76430.928368,
          "percentile" : {
            "1.000000" : 100864,
            "5.000000" : 112128,
            "10.000000" : 117248,
            "20.000000" : 123392,
            "30.000000" : 129536,
            "40.000000" : 136192,
            "50.000000" : 142336,
            "60.000000" : 158720,
            "70.000000" : 232448,
            "80.000000" : 264192,
            "90.000000" : 292864,
            "95.000000" : 325632,
            "99.000000" : 395264,
            "99.500000" : 428032,
            "99.900000" : 489472,
            "99.950000" : 509952,
            "99.990000" : 561152
          }
        },
        "lat_ns" : {
          "min" : 49643,
          "max" : 2063801,
          "mean" : 187949.076215,
          "stddev" : 76210.185151
        },
        "bw_min" : 2654272,
        "bw_max" : 2772416,
        "bw_agg" : 100.000000,
        "bw_mean" : 2717632.944134,
        "bw_dev" : 24468.112997,
        "bw_samples" : 179,
        "iops_min" : 82946,
        "iops_max" : 86638,
        "iops_mean" : 84926.027933,
        "iops_stddev" : 764.617106,
        "iops_samples" : 179
      },
      "job_runtime" : 90000,
      "usr_cpu" : 10.106667,
      "sys_cpu" : 41.936667,
      "ctx" : 4188493,
      "majf" : 0,
      "minf" : 140,
      "iodepth_level" : {
        "1" : 0.100000,
        "2" : 0.100000,
        "4" : 0.100000,
        "8" : 0.100000,
        "16" : 99.997449,
        "32" : 0.000000,
        ">=64" : 0.000000
      },
      "iodepth_submit" : {
        "0" : 0.000000,
        "4" : 100.000000,
        "8" : 0.000000,
        "16" : 0.000000,
        "32" : 0.000000,
        "64" : 0.000000,
        ">=64" : 0.000000
      },
      "iodepth_complete" : {
        "0" : 0.000000,
        "4" : 99.999830,
        "8" : 0.000000,
        "16" : 0.100000,
        "32" : 0.000000,
        "64" : 0.000000,
        ">=64" : 0.000000
      },
      "latency_ns" : {
        "2" : 0.000000,
        "4" : 0.000000,
        "10" : 0.000000,
        "20" : 0.000000,
        "50" : 0.000000,
        "100" : 0.000000,
        "250" : 0.000000,
        "500" : 0.000000,
        "750" : 0.000000,
        "1000" : 0.000000
      },
      "latency_us" : {
        "2" : 0.000000,
        "4" : 0.000000,
        "10" : 0.000000,
        "20" : 0.000000,
        "50" : 0.010000,
        "100" : 0.911554,
        "250" : 73.873759,
        "500" : 25.146287,
        "750" : 0.067877,
        "1000" : 0.010000
      },
      "latency_ms" : {
        "2" : 0.010000,
        "4" : 0.010000,
        "10" : 0.000000,
        "20" : 0.000000,
        "50" : 0.000000,
        "100" : 0.000000,
        "250" : 0.000000,
        "500" : 0.000000,
        "750" : 0.000000,
        "1000" : 0.000000,
        "2000" : 0.000000,
        ">=2000" : 0.000000
      },
      "latency_depth" : 16,
      "latency_target" : 0,
      "latency_percentile" : 100.000000,
      "latency_window" : 0
    }
  ],
  "disk_util" : [
    {
      "name" : "nvme0n1",
      "read_ios" : 7634721,
      "write_ios" : 0,
      "read_merges" : 0,
      "write_merges" : 0,
      "read_ticks" : 1376817,
      "write_ticks" : 0,
      "in_queue" : 0,
      "util" : 99.964429
    }
  ]
}
