{
  "fio version" : "fio-3.16",
  "timestamp" : 1600651536,
  "timestamp_ms" : 1600651536108,
  "time" : "Sun Sep 20 21:25:36 2020",
  "global options" : {
    "unified_rw_reporting" : "1",
    "time_based" : "1",
    "runtime" : "90",
    "directory" : "/media/auto/work/tmp",
    "filename" : "testfile.dat",
    "filesize" : "20GiB",
    "direct" : "1",
    "ioengine" : "libaio"
  },
  "jobs" : [
    {
      "jobname" : "jobname",
      "groupid" : 0,
      "error" : 0,
      "eta" : 0,
      "elapsed" : 91,
      "job options" : {
        "name" : "jobname",
        "iodepth" : "4",
        "bs" : "32k",
        "rw" : "randread"
      },
      "mixed" : {
        "io_bytes" : 54524837888,
        "io_kbytes" : 53246912,
        "bw_bytes" : 605824800,
        "bw" : 591625,
        "iops" : 18488.305685,
        "runtime" : 90001,
        "total_ios" : 1663966,
        "short_ios" : 0,
        "drop_ios" : 0,
        "slat_ns" : {
          "min" : 3286,
          "max" : 225113,
          "mean" : 4476.887953,
          "stddev" : 669.498863
        },
        "clat_ns" : {
          "min" : 26410,
          "max" : 638838,
          "mean" : 211141.606322,
          "stddev" : 60836.178306,
          "percentile" : {
            "1.000000" : 129536,
            "5.000000" : 132096,
            "10.000000" : 140288,
            "20.000000" : 160768,
            "30.000000" : 166912,
            "40.000000" : 183296,
            "50.000000" : 199680,
            "60.000000" : 218112,
            "70.000000" : 236544,
            "80.000000" : 257024,
            "90.000000" : 292864,
            "95.000000" : 325632,
            "99.000000" : 391168,
            "99.500000" : 415744,
            "99.900000" : 464896,
            "99.950000" : 481280,
            "99.990000" : 528384
          }
        },
        "lat_ns" : {
          "min" : 30047,
          "max" : 643266,
          "mean" : 215731.286085,
          "stddev" : 60797.857758
        },
        "bw_min" : 585024,
        "bw_max" : 627264,
        "bw_agg" : 99.991138,
        "bw_mean" : 591572.569832,
        "bw_dev" : 4547.568288,
        "bw_samples" : 179,
        "iops_min" : 18282,
        "iops_max" : 19602,
        "iops_mean" : 18486.625698,
        "iops_stddev" : 142.115634,
        "iops_samples" : 179
      },
      "job_runtime" : 90000,
      "usr_cpu" : 3.027778,
      "sys_cpu" : 10.772222,
      "ctx" : 1503271,
      "majf" : 0,
      "minf" : 44,
      "iodepth_level" : {
        "1" : 0.100000,
        "2" : 0.100000,
        "4" : 99.999820,
        "8" : 0.000000,
        "16" : 0.000000,
        "32" : 0.000000,
        ">=64" : 0.000000
      },
      "iodepth_submit" : {
        "0" : 0.000000,
        "4" : 100.000000,
        "8" : 0.000000,
        "16" : 0.000000,
        "32" : 0.000000,
        "64" : 0.000000,
        ">=64" : 0.000000
      },
      "iodepth_complete" : {
        "0" : 0.000000,
        "4" : 100.000000,
        "8" : 0.000000,
        "16" : 0.000000,
        "32" : 0.000000,
        "64" : 0.000000,
        ">=64" : 0.000000
      },
      "latency_ns" : {
        "2" : 0.000000,
        "4" : 0.000000,
        "10" : 0.000000,
        "20" : 0.000000,
        "50" : 0.000000,
        "100" : 0.000000,
        "250" : 0.000000,
        "500" : 0.000000,
        "750" : 0.000000,
        "1000" : 0.000000
      },
      "latency_us" : {
        "2" : 0.000000,
        "4" : 0.000000,
        "10" : 0.000000,
        "20" : 0.000000,
        "50" : 0.010000,
        "100" : 0.010000,
        "250" : 76.183528,
        "500" : 23.782517,
        "750" : 0.027885,
        "1000" : 0.000000
      },
      "latency_ms" : {
        "2" : 0.000000,
        "4" : 0.000000,
        "10" : 0.000000,
        "20" : 0.000000,
        "50" : 0.000000,
        "100" : 0.000000,
        "250" : 0.000000,
        "500" : 0.000000,
        "750" : 0.000000,
        "1000" : 0.000000,
        "2000" : 0.000000,
        ">=2000" : 0.000000
      },
      "latency_depth" : 4,
      "latency_target" : 0,
      "latency_percentile" : 100.000000,
      "latency_window" : 0
    }
  ],
  "disk_util" : [
    {
      "name" : "nvme0n1",
      "read_ios" : 1662110,
      "write_ios" : 0,
      "read_merges" : 0,
      "write_merges" : 0,
      "read_ticks" : 351197,
      "write_ticks" : 0,
      "in_queue" : 0,
      "util" : 99.936639
    }
  ]
}
