{
  "fio version" : "fio-3.16",
  "timestamp" : 1600653082,
  "timestamp_ms" : 1600653082556,
  "time" : "Sun Sep 20 21:51:22 2020",
  "global options" : {
    "unified_rw_reporting" : "1",
    "time_based" : "1",
    "runtime" : "90",
    "directory" : "/media/auto/work/tmp",
    "filename" : "testfile.dat",
    "filesize" : "20GiB",
    "direct" : "1",
    "ioengine" : "libaio"
  },
  "jobs" : [
    {
      "jobname" : "jobname",
      "groupid" : 0,
      "error" : 0,
      "eta" : 0,
      "elapsed" : 91,
      "job options" : {
        "name" : "jobname",
        "iodepth" : "16",
        "bs" : "512k",
        "rw" : "randread"
      },
      "mixed" : {
        "io_bytes" : 324724064256,
        "io_kbytes" : 317113344,
        "bw_bytes" : 3607964981,
        "bw" : 3523403,
        "iops" : 6881.647075,
        "runtime" : 90002,
        "total_ios" : 619362,
        "short_ios" : 0,
        "drop_ios" : 0,
        "slat_ns" : {
          "min" : 17563,
          "max" : 182602,
          "mean" : 22944.683172,
          "stddev" : 3424.385730
        },
        "clat_ns" : {
          "min" : 824156,
          "max" : 4107494,
          "mean" : 2301363.682307,
          "stddev" : 152256.050470,
          "percentile" : {
            "1.000000" : 1974272,
            "5.000000" : 2072576,
            "10.000000" : 2113536,
            "20.000000" : 2179072,
            "30.000000" : 2211840,
            "40.000000" : 2244608,
            "50.000000" : 2277376,
            "60.000000" : 2342912,
            "70.000000" : 2375680,
            "80.000000" : 2408448,
            "90.000000" : 2506752,
            "95.000000" : 2572288,
            "99.000000" : 2703360,
            "99.500000" : 2768896,
            "99.900000" : 2867200,
            "99.950000" : 2932736,
            "99.990000" : 3031040
          }
        },
        "lat_ns" : {
          "min" : 986149,
          "max" : 4128063,
          "mean" : 2324424.260697,
          "stddev" : 152151.578069
        },
        "bw_min" : 3295232,
        "bw_max" : 3540992,
        "bw_agg" : 99.991894,
        "bw_mean" : 3523117.394444,
        "bw_dev" : 22061.395878,
        "bw_samples" : 180,
        "iops_min" : 6436,
        "iops_max" : 6916,
        "iops_mean" : 6881.088889,
        "iops_stddev" : 43.099118,
        "iops_samples" : 180
      },
      "job_runtime" : 90002,
      "usr_cpu" : 0.916646,
      "sys_cpu" : 16.904069,
      "ctx" : 619164,
      "majf" : 0,
      "minf" : 2057,
      "iodepth_level" : {
        "1" : 0.100000,
        "2" : 0.100000,
        "4" : 0.100000,
        "8" : 0.100000,
        "16" : 99.997578,
        "32" : 0.000000,
        ">=64" : 0.000000
      },
      "iodepth_submit" : {
        "0" : 0.000000,
        "4" : 100.000000,
        "8" : 0.000000,
        "16" : 0.000000,
        "32" : 0.000000,
        "64" : 0.000000,
        ">=64" : 0.000000
      },
      "iodepth_complete" : {
        "0" : 0.000000,
        "4" : 99.999839,
        "8" : 0.000000,
        "16" : 0.100000,
        "32" : 0.000000,
        "64" : 0.000000,
        ">=64" : 0.000000
      },
      "latency_ns" : {
        "2" : 0.000000,
        "4" : 0.000000,
        "10" : 0.000000,
        "20" : 0.000000,
        "50" : 0.000000,
        "100" : 0.000000,
        "250" : 0.000000,
        "500" : 0.000000,
        "750" : 0.000000,
        "1000" : 0.000000
      },
      "latency_us" : {
        "2" : 0.000000,
        "4" : 0.000000,
        "10" : 0.000000,
        "20" : 0.000000,
        "50" : 0.000000,
        "100" : 0.000000,
        "250" : 0.000000,
        "500" : 0.000000,
        "750" : 0.000000,
        "1000" : 0.010000
      },
      "latency_ms" : {
        "2" : 1.710954,
        "4" : 98.287916,
        "10" : 0.010000,
        "20" : 0.000000,
        "50" : 0.000000,
        "100" : 0.000000,
        "250" : 0.000000,
        "500" : 0.000000,
        "750" : 0.000000,
        "1000" : 0.000000,
        "2000" : 0.000000,
        ">=2000" : 0.000000
      },
      "latency_depth" : 16,
      "latency_target" : 0,
      "latency_percentile" : 100.000000,
      "latency_window" : 0
    }
  ],
  "disk_util" : [
    {
      "name" : "nvme0n1",
      "read_ios" : 1121313,
      "write_ios" : 0,
      "read_merges" : 0,
      "write_merges" : 0,
      "read_ticks" : 2440334,
      "write_ticks" : 0,
      "in_queue" : 0,
      "util" : 99.939972
    }
  ]
}
