{
  "fio version" : "fio-3.16",
  "timestamp" : 1600543318,
  "timestamp_ms" : 1600543318689,
  "time" : "Sat Sep 19 15:21:58 2020",
  "global options" : {
    "unified_rw_reporting" : "1",
    "time_based" : "1",
    "runtime" : "90",
    "directory" : "/media/auto/work/tmp",
    "filename" : "testfile.dat",
    "filesize" : "20GiB",
    "direct" : "1",
    "ioengine" : "libaio"
  },
  "jobs" : [
    {
      "jobname" : "jobname",
      "groupid" : 0,
      "error" : 0,
      "eta" : 0,
      "elapsed" : 91,
      "job options" : {
        "name" : "jobname",
        "iodepth" : "32",
        "bs" : "16k",
        "rw" : "read"
      },
      "mixed" : {
        "io_bytes" : 264410169344,
        "io_kbytes" : 258213056,
        "bw_bytes" : 2937858127,
        "bw" : 2869002,
        "iops" : 179312.629860,
        "runtime" : 90001,
        "total_ios" : 16138316,
        "short_ios" : 0,
        "drop_ios" : 0,
        "slat_ns" : {
          "min" : 1703,
          "max" : 409308,
          "mean" : 2968.116768,
          "stddev" : 1584.290180
        },
        "clat_ns" : {
          "min" : 15980,
          "max" : 1514261,
          "mean" : 175021.260661,
          "stddev" : 57307.421861,
          "percentile" : {
            "1.000000" : 109056,
            "5.000000" : 127488,
            "10.000000" : 138240,
            "20.000000" : 144384,
            "30.000000" : 148480,
            "40.000000" : 150528,
            "50.000000" : 154624,
            "60.000000" : 158720,
            "70.000000" : 168960,
            "80.000000" : 195584,
            "90.000000" : 242688,
            "95.000000" : 296960,
            "99.000000" : 415744,
            "99.500000" : 456704,
            "99.900000" : 522240,
            "99.950000" : 544768,
            "99.990000" : 593920
          }
        },
        "lat_ns" : {
          "min" : 19477,
          "max" : 1517958,
          "mean" : 178094.444672,
          "stddev" : 57577.258792
        },
        "bw_min" : 2729088,
        "bw_max" : 2980704,
        "bw_agg" : 100.000000,
        "bw_mean" : 2869015.156425,
        "bw_dev" : 42322.265809,
        "bw_samples" : 179,
        "iops_min" : 170568,
        "iops_max" : 186294,
        "iops_mean" : 179313.474860,
        "iops_stddev" : 2645.118296,
        "iops_samples" : 179
      },
      "job_runtime" : 90000,
      "usr_cpu" : 16.966667,
      "sys_cpu" : 58.972222,
      "ctx" : 4464565,
      "majf" : 0,
      "minf" : 139,
      "iodepth_level" : {
        "1" : 0.100000,
        "2" : 0.100000,
        "4" : 0.100000,
        "8" : 0.100000,
        "16" : 0.100000,
        "32" : 99.997311,
        ">=64" : 0.000000
      },
      "iodepth_submit" : {
        "0" : 0.000000,
        "4" : 100.000000,
        "8" : 0.000000,
        "16" : 0.000000,
        "32" : 0.000000,
        "64" : 0.000000,
        ">=64" : 0.000000
      },
      "iodepth_complete" : {
        "0" : 0.000000,
        "4" : 99.999913,
        "8" : 0.000000,
        "16" : 0.000000,
        "32" : 0.100000,
        "64" : 0.000000,
        ">=64" : 0.000000
      },
      "latency_ns" : {
        "2" : 0.000000,
        "4" : 0.000000,
        "10" : 0.000000,
        "20" : 0.000000,
        "50" : 0.000000,
        "100" : 0.000000,
        "250" : 0.000000,
        "500" : 0.000000,
        "750" : 0.000000,
        "1000" : 0.000000
      },
      "latency_us" : {
        "2" : 0.000000,
        "4" : 0.000000,
        "10" : 0.000000,
        "20" : 0.010000,
        "50" : 0.010000,
        "100" : 0.316563,
        "250" : 90.540760,
        "500" : 8.954993,
        "750" : 0.187256,
        "1000" : 0.010000
      },
      "latency_ms" : {
        "2" : 0.010000,
        "4" : 0.000000,
        "10" : 0.000000,
        "20" : 0.000000,
        "50" : 0.000000,
        "100" : 0.000000,
        "250" : 0.000000,
        "500" : 0.000000,
        "750" : 0.000000,
        "1000" : 0.000000,
        "2000" : 0.000000,
        ">=2000" : 0.000000
      },
      "latency_depth" : 32,
      "latency_target" : 0,
      "latency_percentile" : 100.000000,
      "latency_window" : 0
    }
  ],
  "disk_util" : [
    {
      "name" : "nvme0n1",
      "read_ios" : 16119946,
      "write_ios" : 0,
      "read_merges" : 0,
      "write_merges" : 0,
      "read_ticks" : 2420622,
      "write_ticks" : 0,
      "in_queue" : 0,
      "util" : 99.952203
    }
  ]
}
