{
  "fio version" : "fio-3.16",
  "timestamp" : 1600650983,
  "timestamp_ms" : 1600650983797,
  "time" : "Sun Sep 20 21:16:23 2020",
  "global options" : {
    "unified_rw_reporting" : "1",
    "time_based" : "1",
    "runtime" : "90",
    "directory" : "/media/auto/work/tmp",
    "filename" : "testfile.dat",
    "filesize" : "20GiB",
    "direct" : "1",
    "ioengine" : "libaio"
  },
  "jobs" : [
    {
      "jobname" : "jobname",
      "groupid" : 0,
      "error" : 0,
      "eta" : 0,
      "elapsed" : 91,
      "job options" : {
        "name" : "jobname",
        "iodepth" : "8",
        "bs" : "16k",
        "rw" : "randread"
      },
      "mixed" : {
        "io_bytes" : 70341246976,
        "io_kbytes" : 68692624,
        "bw_bytes" : 781560726,
        "bw" : 763242,
        "iops" : 47702.681081,
        "runtime" : 90001,
        "total_ios" : 4293289,
        "short_ios" : 0,
        "drop_ios" : 0,
        "slat_ns" : {
          "min" : 1863,
          "max" : 62236,
          "mean" : 3096.130409,
          "stddev" : 742.401258
        },
        "clat_ns" : {
          "min" : 59462,
          "max" : 730009,
          "mean" : 164024.741442,
          "stddev" : 56398.018286,
          "percentile" : {
            "1.000000" : 78336,
            "5.000000" : 89600,
            "10.000000" : 98816,
            "20.000000" : 115200,
            "30.000000" : 129536,
            "40.000000" : 142336,
            "50.000000" : 154624,
            "60.000000" : 168960,
            "70.000000" : 185344,
            "80.000000" : 207872,
            "90.000000" : 240640,
            "95.000000" : 272384,
            "99.000000" : 333824,
            "99.500000" : 362496,
            "99.900000" : 415744,
            "99.950000" : 436224,
            "99.990000" : 477184
          }
        },
        "lat_ns" : {
          "min" : 69541,
          "max" : 732844,
          "mean" : 167219.937243,
          "stddev" : 56364.331459
        },
        "bw_min" : 749696,
        "bw_max" : 769376,
        "bw_agg" : 99.991052,
        "bw_mean" : 763173.703911,
        "bw_dev" : 2570.862098,
        "bw_samples" : 179,
        "iops_min" : 46856,
        "iops_max" : 48086,
        "iops_mean" : 47698.346369,
        "iops_stddev" : 160.683067,
        "iops_samples" : 179
      },
      "job_runtime" : 90000,
      "usr_cpu" : 6.260000,
      "sys_cpu" : 19.456667,
      "ctx" : 3279677,
      "majf" : 0,
      "minf" : 42,
      "iodepth_level" : {
        "1" : 0.100000,
        "2" : 0.100000,
        "4" : 0.100000,
        "8" : 99.999837,
        "16" : 0.000000,
        "32" : 0.000000,
        ">=64" : 0.000000
      },
      "iodepth_submit" : {
        "0" : 0.000000,
        "4" : 100.000000,
        "8" : 0.000000,
        "16" : 0.000000,
        "32" : 0.000000,
        "64" : 0.000000,
        ">=64" : 0.000000
      },
      "iodepth_complete" : {
        "0" : 0.000000,
        "4" : 99.999977,
        "8" : 0.100000,
        "16" : 0.000000,
        "32" : 0.000000,
        "64" : 0.000000,
        ">=64" : 0.000000
      },
      "latency_ns" : {
        "2" : 0.000000,
        "4" : 0.000000,
        "10" : 0.000000,
        "20" : 0.000000,
        "50" : 0.000000,
        "100" : 0.000000,
        "250" : 0.000000,
        "500" : 0.000000,
        "750" : 0.000000,
        "1000" : 0.000000
      },
      "latency_us" : {
        "2" : 0.000000,
        "4" : 0.000000,
        "10" : 0.000000,
        "20" : 0.000000,
        "50" : 0.000000,
        "100" : 10.913242,
        "250" : 81.030930,
        "500" : 8.051822,
        "750" : 0.010000,
        "1000" : 0.000000
      },
      "latency_ms" : {
        "2" : 0.000000,
        "4" : 0.000000,
        "10" : 0.000000,
        "20" : 0.000000,
        "50" : 0.000000,
        "100" : 0.000000,
        "250" : 0.000000,
        "500" : 0.000000,
        "750" : 0.000000,
        "1000" : 0.000000,
        "2000" : 0.000000,
        ">=2000" : 0.000000
      },
      "latency_depth" : 8,
      "latency_target" : 0,
      "latency_percentile" : 100.000000,
      "latency_window" : 0
    }
  ],
  "disk_util" : [
    {
      "name" : "nvme0n1",
      "read_ios" : 4288450,
      "write_ios" : 0,
      "read_merges" : 0,
      "write_merges" : 0,
      "read_ticks" : 700956,
      "write_ticks" : 0,
      "in_queue" : 0,
      "util" : 99.932193
    }
  ]
}
