{
  "fio version" : "fio-3.16",
  "timestamp" : 1600544864,
  "timestamp_ms" : 1600544864896,
  "time" : "Sat Sep 19 15:47:44 2020",
  "global options" : {
    "unified_rw_reporting" : "1",
    "time_based" : "1",
    "runtime" : "90",
    "directory" : "/media/auto/work/tmp",
    "filename" : "testfile.dat",
    "filesize" : "20GiB",
    "direct" : "1",
    "ioengine" : "libaio"
  },
  "jobs" : [
    {
      "jobname" : "jobname",
      "groupid" : 0,
      "error" : 0,
      "eta" : 0,
      "elapsed" : 91,
      "job options" : {
        "name" : "jobname",
        "iodepth" : "8",
        "bs" : "4k",
        "rw" : "randread"
      },
      "mixed" : {
        "io_bytes" : 32384208896,
        "io_kbytes" : 31625204,
        "bw_bytes" : 359820545,
        "bw" : 351387,
        "iops" : 87846.812813,
        "runtime" : 90001,
        "total_ios" : 7906301,
        "short_ios" : 0,
        "drop_ios" : 0,
        "slat_ns" : {
          "min" : 1443,
          "max" : 261921,
          "mean" : 2594.609059,
          "stddev" : 889.923410
        },
        "clat_ns" : {
          "min" : 8026,
          "max" : 1253361,
          "mean" : 87864.529430,
          "stddev" : 25269.486655,
          "percentile" : {
            "1.000000" : 58112,
            "5.000000" : 66048,
            "10.000000" : 67072,
            "20.000000" : 68096,
            "30.000000" : 71168,
            "40.000000" : 76288,
            "50.000000" : 81408,
            "60.000000" : 84480,
            "70.000000" : 90624,
            "80.000000" : 101888,
            "90.000000" : 124416,
            "95.000000" : 140288,
            "99.000000" : 175104,
            "99.500000" : 191488,
            "99.900000" : 228352,
            "99.950000" : 244736,
            "99.990000" : 288768
          }
        },
        "lat_ns" : {
          "min" : 11322,
          "max" : 1255626,
          "mean" : 90559.705472,
          "stddev" : 25264.939323
        },
        "bw_min" : 341264,
        "bw_max" : 353672,
        "bw_agg" : 99.996548,
        "bw_mean" : 351374.871508,
        "bw_dev" : 1176.345527,
        "bw_samples" : 179,
        "iops_min" : 85316,
        "iops_max" : 88418,
        "iops_mean" : 87843.720670,
        "iops_stddev" : 294.088021,
        "iops_samples" : 179
      },
      "job_runtime" : 90000,
      "usr_cpu" : 11.310000,
      "sys_cpu" : 30.446667,
      "ctx" : 4622878,
      "majf" : 0,
      "minf" : 20,
      "iodepth_level" : {
        "1" : 0.100000,
        "2" : 0.100000,
        "4" : 0.100000,
        "8" : 99.999911,
        "16" : 0.000000,
        "32" : 0.000000,
        ">=64" : 0.000000
      },
      "iodepth_submit" : {
        "0" : 0.000000,
        "4" : 100.000000,
        "8" : 0.000000,
        "16" : 0.000000,
        "32" : 0.000000,
        "64" : 0.000000,
        ">=64" : 0.000000
      },
      "iodepth_complete" : {
        "0" : 0.000000,
        "4" : 99.999987,
        "8" : 0.100000,
        "16" : 0.000000,
        "32" : 0.000000,
        "64" : 0.000000,
        ">=64" : 0.000000
      },
      "latency_ns" : {
        "2" : 0.000000,
        "4" : 0.000000,
        "10" : 0.000000,
        "20" : 0.000000,
        "50" : 0.000000,
        "100" : 0.000000,
        "250" : 0.000000,
        "500" : 0.000000,
        "750" : 0.000000,
        "1000" : 0.000000
      },
      "latency_us" : {
        "2" : 0.000000,
        "4" : 0.000000,
        "10" : 0.010000,
        "20" : 0.010000,
        "50" : 0.248991,
        "100" : 78.765392,
        "250" : 20.943232,
        "500" : 0.041865,
        "750" : 0.000000,
        "1000" : 0.000000
      },
      "latency_ms" : {
        "2" : 0.010000,
        "4" : 0.000000,
        "10" : 0.000000,
        "20" : 0.000000,
        "50" : 0.000000,
        "100" : 0.000000,
        "250" : 0.000000,
        "500" : 0.000000,
        "750" : 0.000000,
        "1000" : 0.000000,
        "2000" : 0.000000,
        ">=2000" : 0.000000
      },
      "latency_depth" : 8,
      "latency_target" : 0,
      "latency_percentile" : 100.000000,
      "latency_window" : 0
    }
  ],
  "disk_util" : [
    {
      "name" : "nvme0n1",
      "read_ios" : 7897934,
      "write_ios" : 0,
      "read_merges" : 0,
      "write_merges" : 0,
      "read_ticks" : 681043,
      "write_ticks" : 0,
      "in_queue" : 0,
      "util" : 99.936639
    }
  ]
}
