{
  "fio version" : "fio-3.16",
  "timestamp" : 1600652309,
  "timestamp_ms" : 1600652309332,
  "time" : "Sun Sep 20 21:38:29 2020",
  "global options" : {
    "unified_rw_reporting" : "1",
    "time_based" : "1",
    "runtime" : "90",
    "directory" : "/media/auto/work/tmp",
    "filename" : "testfile.dat",
    "filesize" : "20GiB",
    "direct" : "1",
    "ioengine" : "libaio"
  },
  "jobs" : [
    {
      "jobname" : "jobname",
      "groupid" : 0,
      "error" : 0,
      "eta" : 0,
      "elapsed" : 91,
      "job options" : {
        "name" : "jobname",
        "iodepth" : "8",
        "bs" : "256k",
        "rw" : "randread"
      },
      "mixed" : {
        "io_bytes" : 107511808000,
        "io_kbytes" : 104992000,
        "bw_bytes" : 1194549098,
        "bw" : 1166551,
        "iops" : 4556.843181,
        "runtime" : 90002,
        "total_ios" : 410125,
        "short_ios" : 0,
        "drop_ios" : 0,
        "slat_ns" : {
          "min" : 7073,
          "max" : 107973,
          "mean" : 14087.379060,
          "stddev" : 2103.851458
        },
        "clat_ns" : {
          "min" : 152907,
          "max" : 3735897,
          "mean" : 1740746.942496,
          "stddev" : 311091.888821,
          "percentile" : {
            "1.000000" : 815104,
            "5.000000" : 1286144,
            "10.000000" : 1384448,
            "20.000000" : 1499136,
            "30.000000" : 1581056,
            "40.000000" : 1662976,
            "50.000000" : 1728512,
            "60.000000" : 1794048,
            "70.000000" : 1892352,
            "80.000000" : 1990656,
            "90.000000" : 2146304,
            "95.000000" : 2244608,
            "99.000000" : 2506752,
            "99.500000" : 2605056,
            "99.900000" : 2867200,
            "99.950000" : 2965504,
            "99.990000" : 3260416
          }
        },
        "lat_ns" : {
          "min" : 166803,
          "max" : 3750124,
          "mean" : 1754958.651811,
          "stddev" : 311049.905702
        },
        "bw_min" : 1092096,
        "bw_max" : 1548774,
        "bw_agg" : 99.992244,
        "bw_mean" : 1166460.522222,
        "bw_dev" : 44939.396770,
        "bw_samples" : 180,
        "iops_min" : 4266,
        "iops_max" : 6049,
        "iops_mean" : 4556.450000,
        "iops_stddev" : 175.508528,
        "iops_samples" : 180
      },
      "job_runtime" : 90001,
      "usr_cpu" : 0.684437,
      "sys_cpu" : 7.203253,
      "ctx" : 391671,
      "majf" : 0,
      "minf" : 521,
      "iodepth_level" : {
        "1" : 0.100000,
        "2" : 0.100000,
        "4" : 0.100000,
        "8" : 99.998293,
        "16" : 0.000000,
        "32" : 0.000000,
        ">=64" : 0.000000
      },
      "iodepth_submit" : {
        "0" : 0.000000,
        "4" : 100.000000,
        "8" : 0.000000,
        "16" : 0.000000,
        "32" : 0.000000,
        "64" : 0.000000,
        ">=64" : 0.000000
      },
      "iodepth_complete" : {
        "0" : 0.000000,
        "4" : 99.999756,
        "8" : 0.100000,
        "16" : 0.000000,
        "32" : 0.000000,
        "64" : 0.000000,
        ">=64" : 0.000000
      },
      "latency_ns" : {
        "2" : 0.000000,
        "4" : 0.000000,
        "10" : 0.000000,
        "20" : 0.000000,
        "50" : 0.000000,
        "100" : 0.000000,
        "250" : 0.000000,
        "500" : 0.000000,
        "750" : 0.000000,
        "1000" : 0.000000
      },
      "latency_us" : {
        "2" : 0.000000,
        "4" : 0.000000,
        "10" : 0.000000,
        "20" : 0.000000,
        "50" : 0.000000,
        "100" : 0.000000,
        "250" : 0.010000,
        "500" : 0.141908,
        "750" : 0.734410,
        "1000" : 0.404755
      },
      "latency_ms" : {
        "2" : 79.892228,
        "4" : 18.824992,
        "10" : 0.000000,
        "20" : 0.000000,
        "50" : 0.000000,
        "100" : 0.000000,
        "250" : 0.000000,
        "500" : 0.000000,
        "750" : 0.000000,
        "1000" : 0.000000,
        "2000" : 0.000000,
        ">=2000" : 0.000000
      },
      "latency_depth" : 8,
      "latency_target" : 0,
      "latency_percentile" : 100.000000,
      "latency_window" : 0
    }
  ],
  "disk_util" : [
    {
      "name" : "nvme0n1",
      "read_ios" : 409670,
      "write_ios" : 0,
      "read_merges" : 0,
      "write_merges" : 0,
      "read_ticks" : 714733,
      "write_ticks" : 0,
      "in_queue" : 0,
      "util" : 99.941083
    }
  ]
}
