{
  "fio version" : "fio-3.16",
  "timestamp" : 1600651757,
  "timestamp_ms" : 1600651757019,
  "time" : "Sun Sep 20 21:29:17 2020",
  "global options" : {
    "unified_rw_reporting" : "1",
    "time_based" : "1",
    "runtime" : "90",
    "directory" : "/media/auto/work/tmp",
    "filename" : "testfile.dat",
    "filesize" : "20GiB",
    "direct" : "1",
    "ioengine" : "libaio"
  },
  "jobs" : [
    {
      "jobname" : "jobname",
      "groupid" : 0,
      "error" : 0,
      "eta" : 0,
      "elapsed" : 91,
      "job options" : {
        "name" : "jobname",
        "iodepth" : "16",
        "bs" : "32k",
        "rw" : "randread"
      },
      "mixed" : {
        "io_bytes" : 89767936000,
        "io_kbytes" : 87664000,
        "bw_bytes" : 997410428,
        "bw" : 974033,
        "iops" : 30438.550683,
        "runtime" : 90001,
        "total_ios" : 2739500,
        "short_ios" : 0,
        "drop_ios" : 0,
        "slat_ns" : {
          "min" : 2295,
          "max" : 224210,
          "mean" : 3817.395374,
          "stddev" : 832.395125
        },
        "clat_ns" : {
          "min" : 88917,
          "max" : 2091403,
          "mean" : 521227.066183,
          "stddev" : 208516.636431,
          "percentile" : {
            "1.000000" : 162816,
            "5.000000" : 222208,
            "10.000000" : 268288,
            "20.000000" : 333824,
            "30.000000" : 391168,
            "40.000000" : 444416,
            "50.000000" : 497664,
            "60.000000" : 552960,
            "70.000000" : 618496,
            "80.000000" : 692224,
            "90.000000" : 806912,
            "95.000000" : 897024,
            "99.000000" : 1089536,
            "99.500000" : 1155072,
            "99.900000" : 1302528,
            "99.950000" : 1368064,
            "99.990000" : 1515520
          }
        },
        "lat_ns" : {
          "min" : 94748,
          "max" : 2095060,
          "mean" : 525147.426713,
          "stddev" : 208497.734421
        },
        "bw_min" : 956032,
        "bw_max" : 1033664,
        "bw_agg" : 99.995068,
        "bw_mean" : 973984.961111,
        "bw_dev" : 9175.227828,
        "bw_samples" : 180,
        "iops_min" : 29876,
        "iops_max" : 32302,
        "iops_mean" : 30437.027778,
        "iops_stddev" : 286.741692,
        "iops_samples" : 180
      },
      "job_runtime" : 90000,
      "usr_cpu" : 4.027778,
      "sys_cpu" : 14.881111,
      "ctx" : 2233792,
      "majf" : 0,
      "minf" : 138,
      "iodepth_level" : {
        "1" : 0.100000,
        "2" : 0.100000,
        "4" : 0.100000,
        "8" : 0.100000,
        "16" : 99.999452,
        "32" : 0.000000,
        ">=64" : 0.000000
      },
      "iodepth_submit" : {
        "0" : 0.000000,
        "4" : 100.000000,
        "8" : 0.000000,
        "16" : 0.000000,
        "32" : 0.000000,
        "64" : 0.000000,
        ">=64" : 0.000000
      },
      "iodepth_complete" : {
        "0" : 0.000000,
        "4" : 99.999963,
        "8" : 0.000000,
        "16" : 0.100000,
        "32" : 0.000000,
        "64" : 0.000000,
        ">=64" : 0.000000
      },
      "latency_ns" : {
        "2" : 0.000000,
        "4" : 0.000000,
        "10" : 0.000000,
        "20" : 0.000000,
        "50" : 0.000000,
        "100" : 0.000000,
        "250" : 0.000000,
        "500" : 0.000000,
        "750" : 0.000000,
        "1000" : 0.000000
      },
      "latency_us" : {
        "2" : 0.000000,
        "4" : 0.000000,
        "10" : 0.000000,
        "20" : 0.000000,
        "50" : 0.000000,
        "100" : 0.010000,
        "250" : 7.808688,
        "500" : 42.507793,
        "750" : 35.485965,
        "1000" : 11.974411
      },
      "latency_ms" : {
        "2" : 2.222887,
        "4" : 0.010000,
        "10" : 0.000000,
        "20" : 0.000000,
        "50" : 0.000000,
        "100" : 0.000000,
        "250" : 0.000000,
        "500" : 0.000000,
        "750" : 0.000000,
        "1000" : 0.000000,
        "2000" : 0.000000,
        ">=2000" : 0.000000
      },
      "latency_depth" : 16,
      "latency_target" : 0,
      "latency_percentile" : 100.000000,
      "latency_window" : 0
    }
  ],
  "disk_util" : [
    {
      "name" : "nvme0n1",
      "read_ios" : 2736424,
      "write_ios" : 0,
      "read_merges" : 0,
      "write_merges" : 0,
      "read_ticks" : 1425778,
      "write_ticks" : 0,
      "in_queue" : 0,
      "util" : 99.938861
    }
  ]
}
