{
  "fio version" : "fio-3.16",
  "timestamp" : 1600566826,
  "timestamp_ms" : 1600566826448,
  "time" : "Sat Sep 19 21:53:46 2020",
  "global options" : {
    "unified_rw_reporting" : "1",
    "time_based" : "1",
    "runtime" : "90",
    "directory" : "/media/auto/work/tmp",
    "filename" : "testfile.dat",
    "filesize" : "20GiB",
    "direct" : "1",
    "ioengine" : "libaio"
  },
  "jobs" : [
    {
      "jobname" : "jobname",
      "groupid" : 0,
      "error" : 0,
      "eta" : 0,
      "elapsed" : 91,
      "job options" : {
        "name" : "jobname",
        "iodepth" : "2",
        "bs" : "8k",
        "rw" : "read"
      },
      "mixed" : {
        "io_bytes" : 87573389312,
        "io_kbytes" : 85520888,
        "bw_bytes" : 973026847,
        "bw" : 950221,
        "iops" : 118777.691359,
        "runtime" : 90001,
        "total_ios" : 10690111,
        "short_ios" : 0,
        "drop_ios" : 0,
        "slat_ns" : {
          "min" : 1532,
          "max" : 42730,
          "mean" : 2487.546305,
          "stddev" : 275.001514
        },
        "clat_ns" : {
          "min" : 2795,
          "max" : 281609,
          "mean" : 13910.233019,
          "stddev" : 4050.163808,
          "percentile" : {
            "1.000000" : 12224,
            "5.000000" : 12992,
            "10.000000" : 12992,
            "20.000000" : 13120,
            "30.000000" : 13120,
            "40.000000" : 13248,
            "50.000000" : 13376,
            "60.000000" : 13376,
            "70.000000" : 13504,
            "80.000000" : 14144,
            "90.000000" : 15296,
            "95.000000" : 16320,
            "99.000000" : 20096,
            "99.500000" : 24192,
            "99.900000" : 86528,
            "99.950000" : 93696,
            "99.990000" : 160768
          }
        },
        "lat_ns" : {
          "min" : 10179,
          "max" : 284184,
          "mean" : 16480.358617,
          "stddev" : 4070.595294
        },
        "bw_min" : 939584,
        "bw_max" : 959632,
        "bw_agg" : 99.999563,
        "bw_mean" : 950216.849162,
        "bw_dev" : 3867.554121,
        "bw_samples" : 179,
        "iops_min" : 117448,
        "iops_max" : 119954,
        "iops_mean" : 118777.128492,
        "iops_stddev" : 483.412832,
        "iops_samples" : 179
      },
      "job_runtime" : 90000,
      "usr_cpu" : 12.372222,
      "sys_cpu" : 43.612222,
      "ctx" : 5350373,
      "majf" : 0,
      "minf" : 16,
      "iodepth_level" : {
        "1" : 0.100000,
        "2" : 99.999953,
        "4" : 0.000000,
        "8" : 0.000000,
        "16" : 0.000000,
        "32" : 0.000000,
        ">=64" : 0.000000
      },
      "iodepth_submit" : {
        "0" : 0.000000,
        "4" : 100.000000,
        "8" : 0.000000,
        "16" : 0.000000,
        "32" : 0.000000,
        "64" : 0.000000,
        ">=64" : 0.000000
      },
      "iodepth_complete" : {
        "0" : 0.000000,
        "4" : 100.000000,
        "8" : 0.000000,
        "16" : 0.000000,
        "32" : 0.000000,
        "64" : 0.000000,
        ">=64" : 0.000000
      },
      "latency_ns" : {
        "2" : 0.000000,
        "4" : 0.000000,
        "10" : 0.000000,
        "20" : 0.000000,
        "50" : 0.000000,
        "100" : 0.000000,
        "250" : 0.000000,
        "500" : 0.000000,
        "750" : 0.000000,
        "1000" : 0.000000
      },
      "latency_us" : {
        "2" : 0.000000,
        "4" : 0.010000,
        "10" : 0.026202,
        "20" : 98.970591,
        "50" : 0.818560,
        "100" : 0.139054,
        "250" : 0.043264,
        "500" : 0.010000,
        "750" : 0.000000,
        "1000" : 0.000000
      },
      "latency_ms" : {
        "2" : 0.000000,
        "4" : 0.000000,
        "10" : 0.000000,
        "20" : 0.000000,
        "50" : 0.000000,
        "100" : 0.000000,
        "250" : 0.000000,
        "500" : 0.000000,
        "750" : 0.000000,
        "1000" : 0.000000,
        "2000" : 0.000000,
        ">=2000" : 0.000000
      },
      "latency_depth" : 2,
      "latency_target" : 0,
      "latency_percentile" : 100.000000,
      "latency_window" : 0
    }
  ],
  "disk_util" : [
    {
      "name" : "nvme0n1",
      "read_ios" : 10678232,
      "write_ios" : 0,
      "read_merges" : 0,
      "write_merges" : 0,
      "read_ticks" : 124370,
      "write_ticks" : 0,
      "in_queue" : 0,
      "util" : 99.951087
    }
  ]
}
