{
  "fio version" : "fio-3.16",
  "timestamp" : 1600568041,
  "timestamp_ms" : 1600568041483,
  "time" : "Sat Sep 19 22:14:01 2020",
  "global options" : {
    "unified_rw_reporting" : "1",
    "time_based" : "1",
    "runtime" : "90",
    "directory" : "/media/auto/work/tmp",
    "filename" : "testfile.dat",
    "filesize" : "20GiB",
    "direct" : "1",
    "ioengine" : "libaio"
  },
  "jobs" : [
    {
      "jobname" : "jobname",
      "groupid" : 0,
      "error" : 0,
      "eta" : 0,
      "elapsed" : 91,
      "job options" : {
        "name" : "jobname",
        "iodepth" : "1",
        "bs" : "8k",
        "rw" : "randread"
      },
      "mixed" : {
        "io_bytes" : 9118449664,
        "io_kbytes" : 8904736,
        "bw_bytes" : 101314981,
        "bw" : 98940,
        "iops" : 12367.551472,
        "runtime" : 90001,
        "total_ios" : 1113092,
        "short_ios" : 0,
        "drop_ios" : 0,
        "slat_ns" : {
          "min" : 2504,
          "max" : 167624,
          "mean" : 3274.044433,
          "stddev" : 501.990812
        },
        "clat_ns" : {
          "min" : 49102,
          "max" : 1509943,
          "mean" : 76880.267088,
          "stddev" : 8235.954138,
          "percentile" : {
            "1.000000" : 68096,
            "5.000000" : 68096,
            "10.000000" : 69120,
            "20.000000" : 69120,
            "30.000000" : 69120,
            "40.000000" : 70144,
            "50.000000" : 71168,
            "60.000000" : 83456,
            "70.000000" : 84480,
            "80.000000" : 84480,
            "90.000000" : 85504,
            "95.000000" : 86528,
            "99.000000" : 87552,
            "99.500000" : 91648,
            "99.900000" : 129536,
            "99.950000" : 138240,
            "99.990000" : 154624
          }
        },
        "lat_ns" : {
          "min" : 53370,
          "max" : 1513329,
          "mean" : 80262.364695,
          "stddev" : 8291.712668
        },
        "bw_min" : 98192,
        "bw_max" : 99440,
        "bw_agg" : 99.996460,
        "bw_mean" : 98936.497207,
        "bw_dev" : 198.246311,
        "bw_samples" : 179,
        "iops_min" : 12274,
        "iops_max" : 12430,
        "iops_mean" : 12367.067039,
        "iops_stddev" : 24.791399,
        "iops_samples" : 179
      },
      "job_runtime" : 90000,
      "usr_cpu" : 2.047778,
      "sys_cpu" : 5.823333,
      "ctx" : 1113222,
      "majf" : 0,
      "minf" : 13,
      "iodepth_level" : {
        "1" : 100.000000,
        "2" : 0.000000,
        "4" : 0.000000,
        "8" : 0.000000,
        "16" : 0.000000,
        "32" : 0.000000,
        ">=64" : 0.000000
      },
      "iodepth_submit" : {
        "0" : 0.000000,
        "4" : 100.000000,
        "8" : 0.000000,
        "16" : 0.000000,
        "32" : 0.000000,
        "64" : 0.000000,
        ">=64" : 0.000000
      },
      "iodepth_complete" : {
        "0" : 0.000000,
        "4" : 100.000000,
        "8" : 0.000000,
        "16" : 0.000000,
        "32" : 0.000000,
        "64" : 0.000000,
        ">=64" : 0.000000
      },
      "latency_ns" : {
        "2" : 0.000000,
        "4" : 0.000000,
        "10" : 0.000000,
        "20" : 0.000000,
        "50" : 0.000000,
        "100" : 0.000000,
        "250" : 0.000000,
        "500" : 0.000000,
        "750" : 0.000000,
        "1000" : 0.000000
      },
      "latency_us" : {
        "2" : 0.000000,
        "4" : 0.000000,
        "10" : 0.000000,
        "20" : 0.000000,
        "50" : 0.010000,
        "100" : 99.678373,
        "250" : 0.321357,
        "500" : 0.010000,
        "750" : 0.000000,
        "1000" : 0.000000
      },
      "latency_ms" : {
        "2" : 0.010000,
        "4" : 0.000000,
        "10" : 0.000000,
        "20" : 0.000000,
        "50" : 0.000000,
        "100" : 0.000000,
        "250" : 0.000000,
        "500" : 0.000000,
        "750" : 0.000000,
        "1000" : 0.000000,
        "2000" : 0.000000,
        ">=2000" : 0.000000
      },
      "latency_depth" : 1,
      "latency_target" : 0,
      "latency_percentile" : 100.000000,
      "latency_window" : 0
    }
  ],
  "disk_util" : [
    {
      "name" : "nvme0n1",
      "read_ios" : 1111863,
      "write_ios" : 0,
      "read_merges" : 0,
      "write_merges" : 0,
      "read_ticks" : 85499,
      "write_ticks" : 0,
      "in_queue" : 0,
      "util" : 99.932193
    }
  ]
}
