{
  "fio version" : "fio-3.16",
  "timestamp" : 1600567378,
  "timestamp_ms" : 1600567378741,
  "time" : "Sat Sep 19 22:02:58 2020",
  "global options" : {
    "unified_rw_reporting" : "1",
    "time_based" : "1",
    "runtime" : "90",
    "directory" : "/media/auto/work/tmp",
    "filename" : "testfile.dat",
    "filesize" : "20GiB",
    "direct" : "1",
    "ioengine" : "libaio"
  },
  "jobs" : [
    {
      "jobname" : "jobname",
      "groupid" : 0,
      "error" : 0,
      "eta" : 0,
      "elapsed" : 91,
      "job options" : {
        "name" : "jobname",
        "iodepth" : "1",
        "bs" : "256k",
        "rw" : "read"
      },
      "mixed" : {
        "io_bytes" : 224107692032,
        "io_kbytes" : 218855168,
        "bw_bytes" : 2490057799,
        "bw" : 2431697,
        "iops" : 9498.816680,
        "runtime" : 90001,
        "total_ios" : 854903,
        "short_ios" : 0,
        "drop_ios" : 0,
        "slat_ns" : {
          "min" : 7073,
          "max" : 188203,
          "mean" : 12716.550841,
          "stddev" : 1764.861376
        },
        "clat_ns" : {
          "min" : 36919,
          "max" : 573185,
          "mean" : 91967.506424,
          "stddev" : 29013.580174,
          "percentile" : {
            "1.000000" : 82432,
            "5.000000" : 83456,
            "10.000000" : 83456,
            "20.000000" : 83456,
            "30.000000" : 84480,
            "40.000000" : 84480,
            "50.000000" : 84480,
            "60.000000" : 84480,
            "70.000000" : 84480,
            "80.000000" : 85504,
            "90.000000" : 88576,
            "95.000000" : 162816,
            "99.000000" : 240640,
            "99.500000" : 259072,
            "99.900000" : 317440,
            "99.950000" : 333824,
            "99.990000" : 382976
          }
        },
        "lat_ns" : {
          "min" : 88015,
          "max" : 583945,
          "mean" : 104790.809296,
          "stddev" : 29117.131978
        },
        "bw_min" : 2351104,
        "bw_max" : 2497024,
        "bw_agg" : 100.000000,
        "bw_mean" : 2431914.575419,
        "bw_dev" : 34462.033936,
        "bw_samples" : 179,
        "iops_min" : 9184,
        "iops_max" : 9754,
        "iops_mean" : 9499.659218,
        "iops_stddev" : 134.615896,
        "iops_samples" : 179
      },
      "job_runtime" : 90000,
      "usr_cpu" : 1.142222,
      "sys_cpu" : 13.660000,
      "ctx" : 855193,
      "majf" : 0,
      "minf" : 77,
      "iodepth_level" : {
        "1" : 100.000000,
        "2" : 0.000000,
        "4" : 0.000000,
        "8" : 0.000000,
        "16" : 0.000000,
        "32" : 0.000000,
        ">=64" : 0.000000
      },
      "iodepth_submit" : {
        "0" : 0.000000,
        "4" : 100.000000,
        "8" : 0.000000,
        "16" : 0.000000,
        "32" : 0.000000,
        "64" : 0.000000,
        ">=64" : 0.000000
      },
      "iodepth_complete" : {
        "0" : 0.000000,
        "4" : 100.000000,
        "8" : 0.000000,
        "16" : 0.000000,
        "32" : 0.000000,
        "64" : 0.000000,
        ">=64" : 0.000000
      },
      "latency_ns" : {
        "2" : 0.000000,
        "4" : 0.000000,
        "10" : 0.000000,
        "20" : 0.000000,
        "50" : 0.000000,
        "100" : 0.000000,
        "250" : 0.000000,
        "500" : 0.000000,
        "750" : 0.000000,
        "1000" : 0.000000
      },
      "latency_us" : {
        "2" : 0.000000,
        "4" : 0.000000,
        "10" : 0.000000,
        "20" : 0.000000,
        "50" : 0.010000,
        "100" : 91.874517,
        "250" : 7.399787,
        "500" : 0.724293,
        "750" : 0.010000,
        "1000" : 0.000000
      },
      "latency_ms" : {
        "2" : 0.000000,
        "4" : 0.000000,
        "10" : 0.000000,
        "20" : 0.000000,
        "50" : 0.000000,
        "100" : 0.000000,
        "250" : 0.000000,
        "500" : 0.000000,
        "750" : 0.000000,
        "1000" : 0.000000,
        "2000" : 0.000000,
        ">=2000" : 0.000000
      },
      "latency_depth" : 1,
      "latency_target" : 0,
      "latency_percentile" : 100.000000,
      "latency_window" : 0
    }
  ],
  "disk_util" : [
    {
      "name" : "nvme0n1",
      "read_ios" : 853937,
      "write_ios" : 0,
      "read_merges" : 0,
      "write_merges" : 0,
      "read_ticks" : 82081,
      "write_ticks" : 0,
      "in_queue" : 0,
      "util" : 99.939972
    }
  ]
}
