{
  "fio version" : "fio-3.16",
  "timestamp" : 1600544202,
  "timestamp_ms" : 1600544202231,
  "time" : "Sat Sep 19 15:36:42 2020",
  "global options" : {
    "unified_rw_reporting" : "1",
    "time_based" : "1",
    "runtime" : "90",
    "directory" : "/media/auto/work/tmp",
    "filename" : "testfile.dat",
    "filesize" : "20GiB",
    "direct" : "1",
    "ioengine" : "libaio"
  },
  "jobs" : [
    {
      "jobname" : "jobname",
      "groupid" : 0,
      "error" : 0,
      "eta" : 0,
      "elapsed" : 91,
      "job options" : {
        "name" : "jobname",
        "iodepth" : "32",
        "bs" : "256k",
        "rw" : "read"
      },
      "mixed" : {
        "io_bytes" : 325998346240,
        "io_kbytes" : 318357760,
        "bw_bytes" : 3622083111,
        "bw" : 3537190,
        "iops" : 13817.150539,
        "runtime" : 90003,
        "total_ios" : 1243585,
        "short_ios" : 0,
        "drop_ios" : 0,
        "slat_ns" : {
          "min" : 6101,
          "max" : 103935,
          "mean" : 10380.504705,
          "stddev" : 1917.391476
        },
        "clat_ns" : {
          "min" : 302417,
          "max" : 4490463,
          "mean" : 2304817.940204,
          "stddev" : 120064.089865,
          "percentile" : {
            "1.000000" : 2039808,
            "5.000000" : 2088960,
            "10.000000" : 2146304,
            "20.000000" : 2211840,
            "30.000000" : 2277376,
            "40.000000" : 2310144,
            "50.000000" : 2310144,
            "60.000000" : 2310144,
            "70.000000" : 2310144,
            "80.000000" : 2375680,
            "90.000000" : 2473984,
            "95.000000" : 2506752,
            "99.000000" : 2572288,
            "99.500000" : 2572288,
            "99.900000" : 2637824,
            "99.950000" : 2670592,
            "99.990000" : 3883008
          }
        },
        "lat_ns" : {
          "min" : 315201,
          "max" : 4499891,
          "mean" : 2315320.367026,
          "stddev" : 120013.661955
        },
        "bw_min" : 3527680,
        "bw_max" : 3542016,
        "bw_agg" : 99.996417,
        "bw_mean" : 3537063.272222,
        "bw_dev" : 3354.135699,
        "bw_samples" : 180,
        "iops_min" : 13780,
        "iops_max" : 13836,
        "iops_mean" : 13816.644444,
        "iops_stddev" : 13.115142,
        "iops_samples" : 180
      },
      "job_runtime" : 90002,
      "usr_cpu" : 1.763294,
      "sys_cpu" : 16.334081,
      "ctx" : 1242654,
      "majf" : 0,
      "minf" : 2059,
      "iodepth_level" : {
        "1" : 0.100000,
        "2" : 0.100000,
        "4" : 0.100000,
        "8" : 0.100000,
        "16" : 0.100000,
        "32" : 99.957623,
        ">=64" : 0.000000
      },
      "iodepth_submit" : {
        "0" : 0.000000,
        "4" : 100.000000,
        "8" : 0.000000,
        "16" : 0.000000,
        "32" : 0.000000,
        "64" : 0.000000,
        ">=64" : 0.000000
      },
      "iodepth_complete" : {
        "0" : 0.000000,
        "4" : 99.998632,
        "8" : 0.000000,
        "16" : 0.000000,
        "32" : 0.100000,
        "64" : 0.000000,
        ">=64" : 0.000000
      },
      "latency_ns" : {
        "2" : 0.000000,
        "4" : 0.000000,
        "10" : 0.000000,
        "20" : 0.000000,
        "50" : 0.000000,
        "100" : 0.000000,
        "250" : 0.000000,
        "500" : 0.000000,
        "750" : 0.000000,
        "1000" : 0.000000
      },
      "latency_us" : {
        "2" : 0.000000,
        "4" : 0.000000,
        "10" : 0.000000,
        "20" : 0.000000,
        "50" : 0.000000,
        "100" : 0.000000,
        "250" : 0.000000,
        "500" : 0.010000,
        "750" : 0.010000,
        "1000" : 0.010000
      },
      "latency_ms" : {
        "2" : 0.221698,
        "4" : 99.760692,
        "10" : 0.010000,
        "20" : 0.000000,
        "50" : 0.000000,
        "100" : 0.000000,
        "250" : 0.000000,
        "500" : 0.000000,
        "750" : 0.000000,
        "1000" : 0.000000,
        "2000" : 0.000000,
        ">=2000" : 0.000000
      },
      "latency_depth" : 32,
      "latency_target" : 0,
      "latency_percentile" : 100.000000,
      "latency_window" : 0
    }
  ],
  "disk_util" : [
    {
      "name" : "nvme0n1",
      "read_ios" : 1242305,
      "write_ios" : 0,
      "read_merges" : 0,
      "write_merges" : 0,
      "read_ticks" : 2865571,
      "write_ticks" : 0,
      "in_queue" : 0,
      "util" : 99.936639
    }
  ]
}
