{
  "fio version" : "fio-3.16",
  "timestamp" : 1600650762,
  "timestamp_ms" : 1600650762872,
  "time" : "Sun Sep 20 21:12:42 2020",
  "global options" : {
    "unified_rw_reporting" : "1",
    "time_based" : "1",
    "runtime" : "90",
    "directory" : "/media/auto/work/tmp",
    "filename" : "testfile.dat",
    "filesize" : "20GiB",
    "direct" : "1",
    "ioengine" : "libaio"
  },
  "jobs" : [
    {
      "jobname" : "jobname",
      "groupid" : 0,
      "error" : 0,
      "eta" : 0,
      "elapsed" : 91,
      "job options" : {
        "name" : "jobname",
        "iodepth" : "2",
        "bs" : "16k",
        "rw" : "randread"
      },
      "mixed" : {
        "io_bytes" : 30456758272,
        "io_kbytes" : 29742928,
        "bw_bytes" : 338404665,
        "bw" : 330473,
        "iops" : 20654.581616,
        "runtime" : 90001,
        "total_ios" : 1858933,
        "short_ios" : 0,
        "drop_ios" : 0,
        "slat_ns" : {
          "min" : 1893,
          "max" : 95169,
          "mean" : 3619.842101,
          "stddev" : 620.885396
        },
        "clat_ns" : {
          "min" : 14718,
          "max" : 924525,
          "mean" : 92501.325308,
          "stddev" : 17466.348694,
          "percentile" : {
            "1.000000" : 70144,
            "5.000000" : 71168,
            "10.000000" : 72192,
            "20.000000" : 78336,
            "30.000000" : 84480,
            "40.000000" : 85504,
            "50.000000" : 88576,
            "60.000000" : 92672,
            "70.000000" : 95744,
            "80.000000" : 105984,
            "90.000000" : 117248,
            "95.000000" : 125440,
            "99.000000" : 144384,
            "99.500000" : 154624,
            "99.900000" : 189440,
            "99.950000" : 199680,
            "99.990000" : 216064
          }
        },
        "lat_ns" : {
          "min" : 37691,
          "max" : 930346,
          "mean" : 96234.223181,
          "stddev" : 17468.106335
        },
        "bw_min" : 302624,
        "bw_max" : 337472,
        "bw_agg" : 99.994746,
        "bw_mean" : 330455.636872,
        "bw_dev" : 2652.078398,
        "bw_samples" : 179,
        "iops_min" : 18914,
        "iops_max" : 21092,
        "iops_mean" : 20653.458101,
        "iops_stddev" : 165.757242,
        "iops_samples" : 179
      },
      "job_runtime" : 90000,
      "usr_cpu" : 3.214444,
      "sys_cpu" : 10.550000,
      "ctx" : 1820740,
      "majf" : 0,
      "minf" : 20,
      "iodepth_level" : {
        "1" : 0.100000,
        "2" : 99.999946,
        "4" : 0.000000,
        "8" : 0.000000,
        "16" : 0.000000,
        "32" : 0.000000,
        ">=64" : 0.000000
      },
      "iodepth_submit" : {
        "0" : 0.000000,
        "4" : 100.000000,
        "8" : 0.000000,
        "16" : 0.000000,
        "32" : 0.000000,
        "64" : 0.000000,
        ">=64" : 0.000000
      },
      "iodepth_complete" : {
        "0" : 0.000000,
        "4" : 100.000000,
        "8" : 0.000000,
        "16" : 0.000000,
        "32" : 0.000000,
        "64" : 0.000000,
        ">=64" : 0.000000
      },
      "latency_ns" : {
        "2" : 0.000000,
        "4" : 0.000000,
        "10" : 0.000000,
        "20" : 0.000000,
        "50" : 0.000000,
        "100" : 0.000000,
        "250" : 0.000000,
        "500" : 0.000000,
        "750" : 0.000000,
        "1000" : 0.000000
      },
      "latency_us" : {
        "2" : 0.000000,
        "4" : 0.000000,
        "10" : 0.000000,
        "20" : 0.010000,
        "50" : 0.010000,
        "100" : 74.892371,
        "250" : 25.106123,
        "500" : 0.010000,
        "750" : 0.010000,
        "1000" : 0.010000
      },
      "latency_ms" : {
        "2" : 0.000000,
        "4" : 0.000000,
        "10" : 0.000000,
        "20" : 0.000000,
        "50" : 0.000000,
        "100" : 0.000000,
        "250" : 0.000000,
        "500" : 0.000000,
        "750" : 0.000000,
        "1000" : 0.000000,
        "2000" : 0.000000,
        ">=2000" : 0.000000
      },
      "latency_depth" : 2,
      "latency_target" : 0,
      "latency_percentile" : 100.000000,
      "latency_window" : 0
    }
  ],
  "disk_util" : [
    {
      "name" : "nvme0n1",
      "read_ios" : 1856864,
      "write_ios" : 0,
      "read_merges" : 0,
      "write_merges" : 0,
      "read_ticks" : 172071,
      "write_ticks" : 0,
      "in_queue" : 0,
      "util" : 99.939972
    }
  ]
}
