{
  "fio version" : "fio-3.16",
  "timestamp" : 1600544644,
  "timestamp_ms" : 1600544644014,
  "time" : "Sat Sep 19 15:44:04 2020",
  "global options" : {
    "unified_rw_reporting" : "1",
    "time_based" : "1",
    "runtime" : "90",
    "directory" : "/media/auto/work/tmp",
    "filename" : "testfile.dat",
    "filesize" : "20GiB",
    "direct" : "1",
    "ioengine" : "libaio"
  },
  "jobs" : [
    {
      "jobname" : "jobname",
      "groupid" : 0,
      "error" : 0,
      "eta" : 0,
      "elapsed" : 91,
      "job options" : {
        "name" : "jobname",
        "iodepth" : "32",
        "bs" : "512k",
        "rw" : "read"
      },
      "mixed" : {
        "io_bytes" : 326060474368,
        "io_kbytes" : 318418432,
        "bw_bytes" : 3622692898,
        "bw" : 3537786,
        "iops" : 6909.738348,
        "runtime" : 90005,
        "total_ios" : 621911,
        "short_ios" : 0,
        "drop_ios" : 0,
        "slat_ns" : {
          "min" : 10360,
          "max" : 295464,
          "mean" : 19678.899262,
          "stddev" : 3416.145526
        },
        "clat_ns" : {
          "min" : 522620,
          "max" : 9073409,
          "mean" : 4610247.117826,
          "stddev" : 157730.015417,
          "percentile" : {
            "1.000000" : 4358144,
            "5.000000" : 4423680,
            "10.000000" : 4423680,
            "20.000000" : 4554752,
            "30.000000" : 4620288,
            "40.000000" : 4620288,
            "50.000000" : 4620288,
            "60.000000" : 4620288,
            "70.000000" : 4620288,
            "80.000000" : 4685824,
            "90.000000" : 4751360,
            "95.000000" : 4816896,
            "99.000000" : 4882432,
            "99.500000" : 4882432,
            "99.900000" : 5013504,
            "99.950000" : 6455296,
            "99.990000" : 8454144
          }
        },
        "lat_ns" : {
          "min" : 544150,
          "max" : 9084400,
          "mean" : 4630037.781359,
          "stddev" : 157540.584762
        },
        "bw_min" : 3528704,
        "bw_max" : 3542016,
        "bw_agg" : 99.997243,
        "bw_mean" : 3537688.466667,
        "bw_dev" : 3438.748298,
        "bw_samples" : 180,
        "iops_min" : 6892,
        "iops_max" : 6918,
        "iops_mean" : 6909.544444,
        "iops_stddev" : 6.721368,
        "iops_samples" : 180
      },
      "job_runtime" : 90004,
      "usr_cpu" : 0.861073,
      "sys_cpu" : 14.878228,
      "ctx" : 622166,
      "majf" : 0,
      "minf" : 4107,
      "iodepth_level" : {
        "1" : 0.100000,
        "2" : 0.100000,
        "4" : 0.100000,
        "8" : 0.100000,
        "16" : 0.100000,
        "32" : 99.915261,
        ">=64" : 0.000000
      },
      "iodepth_submit" : {
        "0" : 0.000000,
        "4" : 100.000000,
        "8" : 0.000000,
        "16" : 0.000000,
        "32" : 0.000000,
        "64" : 0.000000,
        ">=64" : 0.000000
      },
      "iodepth_complete" : {
        "0" : 0.000000,
        "4" : 99.997264,
        "8" : 0.000000,
        "16" : 0.000000,
        "32" : 0.100000,
        "64" : 0.000000,
        ">=64" : 0.000000
      },
      "latency_ns" : {
        "2" : 0.000000,
        "4" : 0.000000,
        "10" : 0.000000,
        "20" : 0.000000,
        "50" : 0.000000,
        "100" : 0.000000,
        "250" : 0.000000,
        "500" : 0.000000,
        "750" : 0.000000,
        "1000" : 0.000000
      },
      "latency_us" : {
        "2" : 0.000000,
        "4" : 0.000000,
        "10" : 0.000000,
        "20" : 0.000000,
        "50" : 0.000000,
        "100" : 0.000000,
        "250" : 0.000000,
        "500" : 0.000000,
        "750" : 0.010000,
        "1000" : 0.010000
      },
      "latency_ms" : {
        "2" : 0.023798,
        "4" : 0.051454,
        "10" : 99.910598,
        "20" : 0.000000,
        "50" : 0.000000,
        "100" : 0.000000,
        "250" : 0.000000,
        "500" : 0.000000,
        "750" : 0.000000,
        "1000" : 0.000000,
        "2000" : 0.000000,
        ">=2000" : 0.000000
      },
      "latency_depth" : 32,
      "latency_target" : 0,
      "latency_percentile" : 100.000000,
      "latency_window" : 0
    }
  ],
  "disk_util" : [
    {
      "name" : "nvme0n1",
      "read_ios" : 660089,
      "write_ios" : 0,
      "read_merges" : 0,
      "write_merges" : 0,
      "read_ticks" : 3042414,
      "write_ticks" : 0,
      "in_queue" : 2637960,
      "util" : 99.934417
    }
  ]
}
