{
  "fio version" : "fio-3.16",
  "timestamp" : 1600652530,
  "timestamp_ms" : 1600652530253,
  "time" : "Sun Sep 20 21:42:10 2020",
  "global options" : {
    "unified_rw_reporting" : "1",
    "time_based" : "1",
    "runtime" : "90",
    "directory" : "/media/auto/work/tmp",
    "filename" : "testfile.dat",
    "filesize" : "20GiB",
    "direct" : "1",
    "ioengine" : "libaio"
  },
  "jobs" : [
    {
      "jobname" : "jobname",
      "groupid" : 0,
      "error" : 0,
      "eta" : 0,
      "elapsed" : 91,
      "job options" : {
        "name" : "jobname",
        "iodepth" : "32",
        "bs" : "256k",
        "rw" : "randread"
      },
      "mixed" : {
        "io_bytes" : 108014862336,
        "io_kbytes" : 105483264,
        "bw_bytes" : 1200071798,
        "bw" : 1171945,
        "iops" : 4577.910607,
        "runtime" : 90007,
        "total_ios" : 412044,
        "short_ios" : 0,
        "drop_ios" : 0,
        "slat_ns" : {
          "min" : 10680,
          "max" : 104426,
          "mean" : 14335.007948,
          "stddev" : 1536.229314
        },
        "clat_ns" : {
          "min" : 1897780,
          "max" : 13356403,
          "mean" : 6974815.005329,
          "stddev" : 557515.764718,
          "percentile" : {
            "1.000000" : 4554752,
            "5.000000" : 6389760,
            "10.000000" : 6520832,
            "20.000000" : 6717440,
            "30.000000" : 6782976,
            "40.000000" : 6914048,
            "50.000000" : 6979584,
            "60.000000" : 7110656,
            "70.000000" : 7176192,
            "80.000000" : 7307264,
            "90.000000" : 7503872,
            "95.000000" : 7634944,
            "99.000000" : 8028160,
            "99.500000" : 8159232,
            "99.900000" : 8585216,
            "99.950000" : 8716288,
            "99.990000" : 9371648
          }
        },
        "lat_ns" : {
          "min" : 1912077,
          "max" : 13370740,
          "mean" : 6989276.535729,
          "stddev" : 557501.411920
        },
        "bw_min" : 1110016,
        "bw_max" : 1466880,
        "bw_agg" : 99.993639,
        "bw_mean" : 1171870.455556,
        "bw_dev" : 41270.778190,
        "bw_samples" : 180,
        "iops_min" : 4336,
        "iops_max" : 5730,
        "iops_mean" : 4577.588889,
        "iops_stddev" : 161.220304,
        "iops_samples" : 180
      },
      "job_runtime" : 90006,
      "usr_cpu" : 0.754394,
      "sys_cpu" : 7.310624,
      "ctx" : 394864,
      "majf" : 0,
      "minf" : 2057,
      "iodepth_level" : {
        "1" : 0.100000,
        "2" : 0.100000,
        "4" : 0.100000,
        "8" : 0.100000,
        "16" : 0.100000,
        "32" : 99.992477,
        ">=64" : 0.000000
      },
      "iodepth_submit" : {
        "0" : 0.000000,
        "4" : 100.000000,
        "8" : 0.000000,
        "16" : 0.000000,
        "32" : 0.000000,
        "64" : 0.000000,
        ">=64" : 0.000000
      },
      "iodepth_complete" : {
        "0" : 0.000000,
        "4" : 99.999757,
        "8" : 0.000000,
        "16" : 0.000000,
        "32" : 0.100000,
        "64" : 0.000000,
        ">=64" : 0.000000
      },
      "latency_ns" : {
        "2" : 0.000000,
        "4" : 0.000000,
        "10" : 0.000000,
        "20" : 0.000000,
        "50" : 0.000000,
        "100" : 0.000000,
        "250" : 0.000000,
        "500" : 0.000000,
        "750" : 0.000000,
        "1000" : 0.000000
      },
      "latency_us" : {
        "2" : 0.000000,
        "4" : 0.000000,
        "10" : 0.000000,
        "20" : 0.000000,
        "50" : 0.000000,
        "100" : 0.000000,
        "250" : 0.000000,
        "500" : 0.000000,
        "750" : 0.000000,
        "1000" : 0.000000
      },
      "latency_ms" : {
        "2" : 0.010000,
        "4" : 0.743853,
        "10" : 99.249595,
        "20" : 0.010000,
        "50" : 0.000000,
        "100" : 0.000000,
        "250" : 0.000000,
        "500" : 0.000000,
        "750" : 0.000000,
        "1000" : 0.000000,
        "2000" : 0.000000,
        ">=2000" : 0.000000
      },
      "latency_depth" : 32,
      "latency_target" : 0,
      "latency_percentile" : 100.000000,
      "latency_window" : 0
    }
  ],
  "disk_util" : [
    {
      "name" : "nvme0n1",
      "read_ios" : 411554,
      "write_ios" : 0,
      "read_merges" : 0,
      "write_merges" : 0,
      "read_ticks" : 2872130,
      "write_ticks" : 0,
      "in_queue" : 1651896,
      "util" : 99.939972
    }
  ]
}
