{
  "fio version" : "fio-3.16",
  "timestamp" : 1600547073,
  "timestamp_ms" : 1600547073752,
  "time" : "Sat Sep 19 16:24:33 2020",
  "global options" : {
    "unified_rw_reporting" : "1",
    "time_based" : "1",
    "runtime" : "90",
    "directory" : "/media/auto/work/tmp",
    "filename" : "testfile.dat",
    "filesize" : "20GiB",
    "direct" : "1",
    "ioengine" : "libaio"
  },
  "jobs" : [
    {
      "jobname" : "jobname",
      "groupid" : 0,
      "error" : 0,
      "eta" : 0,
      "elapsed" : 91,
      "job options" : {
        "name" : "jobname",
        "iodepth" : "8",
        "bs" : "512k",
        "rw" : "randread"
      },
      "mixed" : {
        "io_bytes" : 109381681152,
        "io_kbytes" : 106818048,
        "bw_bytes" : 1215297999,
        "bw" : 1186814,
        "iops" : 2317.996978,
        "runtime" : 90004,
        "total_ios" : 208629,
        "short_ios" : 0,
        "drop_ios" : 0,
        "slat_ns" : {
          "min" : 15700,
          "max" : 330310,
          "mean" : 21173.130222,
          "stddev" : 2764.582981
        },
        "clat_ns" : {
          "min" : 768582,
          "max" : 5769282,
          "mean" : 3429127.895657,
          "stddev" : 419605.952607,
          "percentile" : {
            "1.000000" : 1171456,
            "5.000000" : 2932736,
            "10.000000" : 3063808,
            "20.000000" : 3194880,
            "30.000000" : 3293184,
            "40.000000" : 3391488,
            "50.000000" : 3457024,
            "60.000000" : 3522560,
            "70.000000" : 3620864,
            "80.000000" : 3719168,
            "90.000000" : 3850240,
            "95.000000" : 3981312,
            "99.000000" : 4227072,
            "99.500000" : 4292608,
            "99.900000" : 4489216,
            "99.950000" : 4554752,
            "99.990000" : 4751360
          }
        },
        "lat_ns" : {
          "min" : 788569,
          "max" : 5790151,
          "mean" : 3450432.019178,
          "stddev" : 419536.699690
        },
        "bw_min" : 1160192,
        "bw_max" : 1567744,
        "bw_agg" : 99.990762,
        "bw_mean" : 1186704.366667,
        "bw_dev" : 55887.136357,
        "bw_samples" : 180,
        "iops_min" : 2266,
        "iops_max" : 3062,
        "iops_mean" : 2317.761111,
        "iops_stddev" : 109.159990,
        "iops_samples" : 180
      },
      "job_runtime" : 90003,
      "usr_cpu" : 0.438874,
      "sys_cpu" : 5.384265,
      "ctx" : 205350,
      "majf" : 0,
      "minf" : 1035,
      "iodepth_level" : {
        "1" : 0.100000,
        "2" : 0.100000,
        "4" : 0.100000,
        "8" : 99.996645,
        "16" : 0.000000,
        "32" : 0.000000,
        ">=64" : 0.000000
      },
      "iodepth_submit" : {
        "0" : 0.000000,
        "4" : 100.000000,
        "8" : 0.000000,
        "16" : 0.000000,
        "32" : 0.000000,
        "64" : 0.000000,
        ">=64" : 0.000000
      },
      "iodepth_complete" : {
        "0" : 0.000000,
        "4" : 99.999521,
        "8" : 0.100000,
        "16" : 0.000000,
        "32" : 0.000000,
        "64" : 0.000000,
        ">=64" : 0.000000
      },
      "latency_ns" : {
        "2" : 0.000000,
        "4" : 0.000000,
        "10" : 0.000000,
        "20" : 0.000000,
        "50" : 0.000000,
        "100" : 0.000000,
        "250" : 0.000000,
        "500" : 0.000000,
        "750" : 0.000000,
        "1000" : 0.000000
      },
      "latency_us" : {
        "2" : 0.000000,
        "4" : 0.000000,
        "10" : 0.000000,
        "20" : 0.000000,
        "50" : 0.000000,
        "100" : 0.000000,
        "250" : 0.000000,
        "500" : 0.000000,
        "750" : 0.000000,
        "1000" : 0.495617
      },
      "latency_ms" : {
        "2" : 1.040124,
        "4" : 94.103888,
        "10" : 4.360372,
        "20" : 0.000000,
        "50" : 0.000000,
        "100" : 0.000000,
        "250" : 0.000000,
        "500" : 0.000000,
        "750" : 0.000000,
        "1000" : 0.000000,
        "2000" : 0.000000,
        ">=2000" : 0.000000
      },
      "latency_depth" : 8,
      "latency_target" : 0,
      "latency_percentile" : 100.000000,
      "latency_window" : 0
    }
  ],
  "disk_util" : [
    {
      "name" : "nvme0n1",
      "read_ios" : 208409,
      "write_ios" : 0,
      "read_merges" : 0,
      "write_merges" : 0,
      "read_ticks" : 715608,
      "write_ticks" : 0,
      "in_queue" : 37436,
      "util" : 99.932193
    }
  ]
}
