{
  "fio version" : "fio-3.16",
  "timestamp" : 1600545085,
  "timestamp_ms" : 1600545085787,
  "time" : "Sat Sep 19 15:51:25 2020",
  "global options" : {
    "unified_rw_reporting" : "1",
    "time_based" : "1",
    "runtime" : "90",
    "directory" : "/media/auto/work/tmp",
    "filename" : "testfile.dat",
    "filesize" : "20GiB",
    "direct" : "1",
    "ioengine" : "libaio"
  },
  "jobs" : [
    {
      "jobname" : "jobname",
      "groupid" : 0,
      "error" : 0,
      "eta" : 0,
      "elapsed" : 91,
      "job options" : {
        "name" : "jobname",
        "iodepth" : "32",
        "bs" : "4k",
        "rw" : "randread"
      },
      "mixed" : {
        "io_bytes" : 76119617536,
        "io_kbytes" : 74335564,
        "bw_bytes" : 845764130,
        "bw" : 825941,
        "iops" : 206485.383496,
        "runtime" : 90001,
        "total_ios" : 18583891,
        "short_ios" : 0,
        "drop_ios" : 0,
        "slat_ns" : {
          "min" : 1352,
          "max" : 309079,
          "mean" : 2400.389302,
          "stddev" : 1367.894076
        },
        "clat_ns" : {
          "min" : 28985,
          "max" : 1146350,
          "mean" : 152087.331793,
          "stddev" : 77247.592664,
          "percentile" : {
            "1.000000" : 66048,
            "5.000000" : 71168,
            "10.000000" : 78336,
            "20.000000" : 89600,
            "30.000000" : 101888,
            "40.000000" : 117248,
            "50.000000" : 132096,
            "60.000000" : 148480,
            "70.000000" : 171008,
            "80.000000" : 201728,
            "90.000000" : 252928,
            "95.000000" : 305152,
            "99.000000" : 423936,
            "99.500000" : 473088,
            "99.900000" : 585728,
            "99.950000" : 634880,
            "99.990000" : 733184
          }
        },
        "lat_ns" : {
          "min" : 46908,
          "max" : 1147943,
          "mean" : 154571.594979,
          "stddev" : 77304.396750
        },
        "bw_min" : 808784,
        "bw_max" : 838448,
        "bw_agg" : 99.999221,
        "bw_mean" : 825934.569832,
        "bw_dev" : 5661.835641,
        "bw_samples" : 179,
        "iops_min" : 202196,
        "iops_max" : 209612,
        "iops_mean" : 206483.648045,
        "iops_stddev" : 1415.455786,
        "iops_samples" : 179
      },
      "job_runtime" : 90000,
      "usr_cpu" : 18.921111,
      "sys_cpu" : 55.846667,
      "ctx" : 4357551,
      "majf" : 0,
      "minf" : 43,
      "iodepth_level" : {
        "1" : 0.100000,
        "2" : 0.100000,
        "4" : 0.100000,
        "8" : 0.100000,
        "16" : 0.100000,
        "32" : 99.999833,
        ">=64" : 0.000000
      },
      "iodepth_submit" : {
        "0" : 0.000000,
        "4" : 100.000000,
        "8" : 0.000000,
        "16" : 0.000000,
        "32" : 0.000000,
        "64" : 0.000000,
        ">=64" : 0.000000
      },
      "iodepth_complete" : {
        "0" : 0.000000,
        "4" : 99.999995,
        "8" : 0.000000,
        "16" : 0.000000,
        "32" : 0.100000,
        "64" : 0.000000,
        ">=64" : 0.000000
      },
      "latency_ns" : {
        "2" : 0.000000,
        "4" : 0.000000,
        "10" : 0.000000,
        "20" : 0.000000,
        "50" : 0.000000,
        "100" : 0.000000,
        "250" : 0.000000,
        "500" : 0.000000,
        "750" : 0.000000,
        "1000" : 0.000000
      },
      "latency_us" : {
        "2" : 0.000000,
        "4" : 0.000000,
        "10" : 0.000000,
        "20" : 0.000000,
        "50" : 0.030311,
        "100" : 28.784139,
        "250" : 60.785473,
        "500" : 10.060154,
        "750" : 0.332460,
        "1000" : 0.010000
      },
      "latency_ms" : {
        "2" : 0.010000,
        "4" : 0.000000,
        "10" : 0.000000,
        "20" : 0.000000,
        "50" : 0.000000,
        "100" : 0.000000,
        "250" : 0.000000,
        "500" : 0.000000,
        "750" : 0.000000,
        "1000" : 0.000000,
        "2000" : 0.000000,
        ">=2000" : 0.000000
      },
      "latency_depth" : 32,
      "latency_target" : 0,
      "latency_percentile" : 100.000000,
      "latency_window" : 0
    }
  ],
  "disk_util" : [
    {
      "name" : "nvme0n1",
      "read_ios" : 18564052,
      "write_ios" : 0,
      "read_merges" : 0,
      "write_merges" : 0,
      "read_ticks" : 2644295,
      "write_ticks" : 0,
      "in_queue" : 0,
      "util" : 99.971099
    }
  ]
}
