{
  "fio version" : "fio-3.16",
  "timestamp" : 1600545196,
  "timestamp_ms" : 1600545196239,
  "time" : "Sat Sep 19 15:53:16 2020",
  "global options" : {
    "unified_rw_reporting" : "1",
    "time_based" : "1",
    "runtime" : "90",
    "directory" : "/media/auto/work/tmp",
    "filename" : "testfile.dat",
    "filesize" : "20GiB",
    "direct" : "1",
    "ioengine" : "libaio"
  },
  "jobs" : [
    {
      "jobname" : "jobname",
      "groupid" : 0,
      "error" : 0,
      "eta" : 0,
      "elapsed" : 91,
      "job options" : {
        "name" : "jobname",
        "iodepth" : "4",
        "bs" : "8k",
        "rw" : "randread"
      },
      "mixed" : {
        "io_bytes" : 30742675456,
        "io_kbytes" : 30022144,
        "bw_bytes" : 341581487,
        "bw" : 333575,
        "iops" : 41696.958923,
        "runtime" : 90001,
        "total_ios" : 3752768,
        "short_ios" : 0,
        "drop_ios" : 0,
        "slat_ns" : {
          "min" : 1704,
          "max" : 263805,
          "mean" : 2842.035499,
          "stddev" : 718.101856
        },
        "clat_ns" : {
          "min" : 16892,
          "max" : 1879826,
          "mean" : 92480.197677,
          "stddev" : 23866.681346,
          "percentile" : {
            "1.000000" : 67072,
            "5.000000" : 68096,
            "10.000000" : 69120,
            "20.000000" : 71168,
            "30.000000" : 78336,
            "40.000000" : 83456,
            "50.000000" : 84480,
            "60.000000" : 90624,
            "70.000000" : 95744,
            "80.000000" : 110080,
            "90.000000" : 127488,
            "95.000000" : 140288,
            "99.000000" : 171008,
            "99.500000" : 181248,
            "99.900000" : 209920,
            "99.950000" : 224256,
            "99.990000" : 259072
          }
        },
        "lat_ns" : {
          "min" : 57958,
          "max" : 1882822,
          "mean" : 95415.264631,
          "stddev" : 23854.129441
        },
        "bw_min" : 322384,
        "bw_max" : 335952,
        "bw_agg" : 99.989642,
        "bw_mean" : 333540.446927,
        "bw_dev" : 1439.435935,
        "bw_samples" : 179,
        "iops_min" : 40298,
        "iops_max" : 41994,
        "iops_mean" : 41692.519553,
        "iops_stddev" : 179.937578,
        "iops_samples" : 179
      },
      "job_runtime" : 90000,
      "usr_cpu" : 5.448889,
      "sys_cpu" : 16.493333,
      "ctx" : 3102500,
      "majf" : 0,
      "minf" : 20,
      "iodepth_level" : {
        "1" : 0.100000,
        "2" : 0.100000,
        "4" : 99.999920,
        "8" : 0.000000,
        "16" : 0.000000,
        "32" : 0.000000,
        ">=64" : 0.000000
      },
      "iodepth_submit" : {
        "0" : 0.000000,
        "4" : 100.000000,
        "8" : 0.000000,
        "16" : 0.000000,
        "32" : 0.000000,
        "64" : 0.000000,
        ">=64" : 0.000000
      },
      "iodepth_complete" : {
        "0" : 0.000000,
        "4" : 100.000000,
        "8" : 0.000000,
        "16" : 0.000000,
        "32" : 0.000000,
        "64" : 0.000000,
        ">=64" : 0.000000
      },
      "latency_ns" : {
        "2" : 0.000000,
        "4" : 0.000000,
        "10" : 0.000000,
        "20" : 0.000000,
        "50" : 0.000000,
        "100" : 0.000000,
        "250" : 0.000000,
        "500" : 0.000000,
        "750" : 0.000000,
        "1000" : 0.000000
      },
      "latency_us" : {
        "2" : 0.000000,
        "4" : 0.000000,
        "10" : 0.000000,
        "20" : 0.010000,
        "50" : 0.010000,
        "100" : 73.807041,
        "250" : 26.177851,
        "500" : 0.014656,
        "750" : 0.010000,
        "1000" : 0.000000
      },
      "latency_ms" : {
        "2" : 0.010000,
        "4" : 0.000000,
        "10" : 0.000000,
        "20" : 0.000000,
        "50" : 0.000000,
        "100" : 0.000000,
        "250" : 0.000000,
        "500" : 0.000000,
        "750" : 0.000000,
        "1000" : 0.000000,
        "2000" : 0.000000,
        ">=2000" : 0.000000
      },
      "latency_depth" : 4,
      "latency_target" : 0,
      "latency_percentile" : 100.000000,
      "latency_window" : 0
    }
  ],
  "disk_util" : [
    {
      "name" : "nvme0n1",
      "read_ios" : 3748710,
      "write_ios" : 0,
      "read_merges" : 0,
      "write_merges" : 0,
      "read_ticks" : 345127,
      "write_ticks" : 0,
      "in_queue" : 0,
      "util" : 99.933304
    }
  ]
}
