{
  "fio version" : "fio-3.16",
  "timestamp" : 1600546742,
  "timestamp_ms" : 1600546742408,
  "time" : "Sat Sep 19 16:19:02 2020",
  "global options" : {
    "unified_rw_reporting" : "1",
    "time_based" : "1",
    "runtime" : "90",
    "directory" : "/media/auto/work/tmp",
    "filename" : "testfile.dat",
    "filesize" : "20GiB",
    "direct" : "1",
    "ioengine" : "libaio"
  },
  "jobs" : [
    {
      "jobname" : "jobname",
      "groupid" : 0,
      "error" : 0,
      "eta" : 0,
      "elapsed" : 91,
      "job options" : {
        "name" : "jobname",
        "iodepth" : "16",
        "bs" : "256k",
        "rw" : "randread"
      },
      "mixed" : {
        "io_bytes" : 109164101632,
        "io_kbytes" : 106605568,
        "bw_bytes" : 1212880556,
        "bw" : 1184453,
        "iops" : 4626.772143,
        "runtime" : 90004,
        "total_ios" : 416428,
        "short_ios" : 0,
        "drop_ios" : 0,
        "slat_ns" : {
          "min" : 8747,
          "max" : 102963,
          "mean" : 12610.601420,
          "stddev" : 2037.984163
        },
        "clat_ns" : {
          "min" : 740839,
          "max" : 5983704,
          "mean" : 3444683.590220,
          "stddev" : 384075.126571,
          "percentile" : {
            "1.000000" : 1843200,
            "5.000000" : 2965504,
            "10.000000" : 3063808,
            "20.000000" : 3194880,
            "30.000000" : 3293184,
            "40.000000" : 3358720,
            "50.000000" : 3457024,
            "60.000000" : 3522560,
            "70.000000" : 3620864,
            "80.000000" : 3719168,
            "90.000000" : 3883008,
            "95.000000" : 3981312,
            "99.000000" : 4227072,
            "99.500000" : 4292608,
            "99.900000" : 4489216,
            "99.950000" : 4554752,
            "99.990000" : 4751360
          }
        },
        "lat_ns" : {
          "min" : 752251,
          "max" : 5995216,
          "mean" : 3457416.417671,
          "stddev" : 384039.801307
        },
        "bw_min" : 1166336,
        "bw_max" : 1587712,
        "bw_agg" : 99.986562,
        "bw_mean" : 1184293.827778,
        "bw_dev" : 50522.447871,
        "bw_samples" : 180,
        "iops_min" : 4556,
        "iops_max" : 6202,
        "iops_mean" : 4626.088889,
        "iops_stddev" : 197.364175,
        "iops_samples" : 180
      },
      "job_runtime" : 90003,
      "usr_cpu" : 0.711087,
      "sys_cpu" : 6.740886,
      "ctx" : 399474,
      "majf" : 0,
      "minf" : 1033,
      "iodepth_level" : {
        "1" : 0.100000,
        "2" : 0.100000,
        "4" : 0.100000,
        "8" : 0.100000,
        "16" : 99.996398,
        "32" : 0.000000,
        ">=64" : 0.000000
      },
      "iodepth_submit" : {
        "0" : 0.000000,
        "4" : 100.000000,
        "8" : 0.000000,
        "16" : 0.000000,
        "32" : 0.000000,
        "64" : 0.000000,
        ">=64" : 0.000000
      },
      "iodepth_complete" : {
        "0" : 0.000000,
        "4" : 99.999760,
        "8" : 0.000000,
        "16" : 0.100000,
        "32" : 0.000000,
        "64" : 0.000000,
        ">=64" : 0.000000
      },
      "latency_ns" : {
        "2" : 0.000000,
        "4" : 0.000000,
        "10" : 0.000000,
        "20" : 0.000000,
        "50" : 0.000000,
        "100" : 0.000000,
        "250" : 0.000000,
        "500" : 0.000000,
        "750" : 0.000000,
        "1000" : 0.000000
      },
      "latency_us" : {
        "2" : 0.000000,
        "4" : 0.000000,
        "10" : 0.000000,
        "20" : 0.000000,
        "50" : 0.000000,
        "100" : 0.000000,
        "250" : 0.000000,
        "500" : 0.000000,
        "750" : 0.010000,
        "1000" : 0.121990
      },
      "latency_ms" : {
        "2" : 0.987205,
        "4" : 94.049872,
        "10" : 4.840453,
        "20" : 0.000000,
        "50" : 0.000000,
        "100" : 0.000000,
        "250" : 0.000000,
        "500" : 0.000000,
        "750" : 0.000000,
        "1000" : 0.000000,
        "2000" : 0.000000,
        ">=2000" : 0.000000
      },
      "latency_depth" : 16,
      "latency_target" : 0,
      "latency_percentile" : 100.000000,
      "latency_window" : 0
    }
  ],
  "disk_util" : [
    {
      "name" : "nvme0n1",
      "read_ios" : 416006,
      "write_ios" : 0,
      "read_merges" : 0,
      "write_merges" : 0,
      "read_ticks" : 1433873,
      "write_ticks" : 0,
      "in_queue" : 81592,
      "util" : 99.937750
    }
  ]
}
