{
  "fio version" : "fio-3.16",
  "timestamp" : 1600542766,
  "timestamp_ms" : 1600542766413,
  "time" : "Sat Sep 19 15:12:46 2020",
  "global options" : {
    "unified_rw_reporting" : "1",
    "time_based" : "1",
    "runtime" : "90",
    "directory" : "/media/auto/work/tmp",
    "filename" : "testfile.dat",
    "filesize" : "20GiB",
    "direct" : "1",
    "ioengine" : "libaio"
  },
  "jobs" : [
    {
      "jobname" : "jobname",
      "groupid" : 0,
      "error" : 0,
      "eta" : 0,
      "elapsed" : 91,
      "job options" : {
        "name" : "jobname",
        "iodepth" : "16",
        "bs" : "8k",
        "rw" : "read"
      },
      "mixed" : {
        "io_bytes" : 182366085120,
        "io_kbytes" : 178091880,
        "bw_bytes" : 2026267320,
        "bw" : 1978776,
        "iops" : 247347.085032,
        "runtime" : 90001,
        "total_ios" : 22261485,
        "short_ios" : 0,
        "drop_ios" : 0,
        "slat_ns" : {
          "min" : 1332,
          "max" : 396433,
          "mean" : 2265.758299,
          "stddev" : 984.718026
        },
        "clat_ns" : {
          "min" : 10350,
          "max" : 950202,
          "mean" : 62005.662728,
          "stddev" : 38304.247055,
          "percentile" : {
            "1.000000" : 33536,
            "5.000000" : 37120,
            "10.000000" : 39680,
            "20.000000" : 41728,
            "30.000000" : 43264,
            "40.000000" : 44288,
            "50.000000" : 45312,
            "60.000000" : 48384,
            "70.000000" : 53504,
            "80.000000" : 76288,
            "90.000000" : 110080,
            "95.000000" : 164864,
            "99.000000" : 201728,
            "99.500000" : 211968,
            "99.900000" : 232448,
            "99.950000" : 244736,
            "99.990000" : 292864
          }
        },
        "lat_ns" : {
          "min" : 11872,
          "max" : 951655,
          "mean" : 64353.348576,
          "stddev" : 38155.531823
        },
        "bw_min" : 1922432,
        "bw_max" : 2014464,
        "bw_agg" : 99.991387,
        "bw_mean" : 1978605.575419,
        "bw_dev" : 19728.593054,
        "bw_samples" : 179,
        "iops_min" : 240304,
        "iops_max" : 251808,
        "iops_mean" : 247325.709497,
        "iops_stddev" : 2466.046842,
        "iops_samples" : 179
      },
      "job_runtime" : 90000,
      "usr_cpu" : 18.512222,
      "sys_cpu" : 57.343333,
      "ctx" : 815857,
      "majf" : 0,
      "minf" : 43,
      "iodepth_level" : {
        "1" : 0.100000,
        "2" : 0.100000,
        "4" : 0.100000,
        "8" : 0.100000,
        "16" : 99.999326,
        "32" : 0.000000,
        ">=64" : 0.000000
      },
      "iodepth_submit" : {
        "0" : 0.000000,
        "4" : 100.000000,
        "8" : 0.000000,
        "16" : 0.000000,
        "32" : 0.000000,
        "64" : 0.000000,
        ">=64" : 0.000000
      },
      "iodepth_complete" : {
        "0" : 0.000000,
        "4" : 99.999955,
        "8" : 0.000000,
        "16" : 0.100000,
        "32" : 0.000000,
        "64" : 0.000000,
        ">=64" : 0.000000
      },
      "latency_ns" : {
        "2" : 0.000000,
        "4" : 0.000000,
        "10" : 0.000000,
        "20" : 0.000000,
        "50" : 0.000000,
        "100" : 0.000000,
        "250" : 0.000000,
        "500" : 0.000000,
        "750" : 0.000000,
        "1000" : 0.000000
      },
      "latency_us" : {
        "2" : 0.000000,
        "4" : 0.000000,
        "10" : 0.000000,
        "20" : 0.010000,
        "50" : 64.407334,
        "100" : 24.625365,
        "250" : 10.924909,
        "500" : 0.038600,
        "750" : 0.010000,
        "1000" : 0.010000
      },
      "latency_ms" : {
        "2" : 0.000000,
        "4" : 0.000000,
        "10" : 0.000000,
        "20" : 0.000000,
        "50" : 0.000000,
        "100" : 0.000000,
        "250" : 0.000000,
        "500" : 0.000000,
        "750" : 0.000000,
        "1000" : 0.000000,
        "2000" : 0.000000,
        ">=2000" : 0.000000
      },
      "latency_depth" : 16,
      "latency_target" : 0,
      "latency_percentile" : 100.000000,
      "latency_window" : 0
    }
  ],
  "disk_util" : [
    {
      "name" : "nvme0n1",
      "read_ios" : 22236936,
      "write_ios" : 0,
      "read_merges" : 0,
      "write_merges" : 0,
      "read_ticks" : 824973,
      "write_ticks" : 0,
      "in_queue" : 0,
      "util" : 99.939977
    }
  ]
}
