{
  "fio version" : "fio-3.16",
  "timestamp" : 1600545417,
  "timestamp_ms" : 1600545417128,
  "time" : "Sat Sep 19 15:56:57 2020",
  "global options" : {
    "unified_rw_reporting" : "1",
    "time_based" : "1",
    "runtime" : "90",
    "directory" : "/media/auto/work/tmp",
    "filename" : "testfile.dat",
    "filesize" : "20GiB",
    "direct" : "1",
    "ioengine" : "libaio"
  },
  "jobs" : [
    {
      "jobname" : "jobname",
      "groupid" : 0,
      "error" : 0,
      "eta" : 0,
      "elapsed" : 91,
      "job options" : {
        "name" : "jobname",
        "iodepth" : "16",
        "bs" : "8k",
        "rw" : "randread"
      },
      "mixed" : {
        "io_bytes" : 73048588288,
        "io_kbytes" : 71336512,
        "bw_bytes" : 811641962,
        "bw" : 792619,
        "iops" : 99077.388029,
        "runtime" : 90001,
        "total_ios" : 8917064,
        "short_ios" : 0,
        "drop_ios" : 0,
        "slat_ns" : {
          "min" : 1482,
          "max" : 308358,
          "mean" : 2738.837113,
          "stddev" : 1061.842051
        },
        "clat_ns" : {
          "min" : 38582,
          "max" : 1012639,
          "mean" : 158136.848097,
          "stddev" : 68915.339533,
          "percentile" : {
            "1.000000" : 70144,
            "5.000000" : 79360,
            "10.000000" : 86528,
            "20.000000" : 98816,
            "30.000000" : 113152,
            "40.000000" : 128512,
            "50.000000" : 142336,
            "60.000000" : 158720,
            "70.000000" : 179200,
            "80.000000" : 207872,
            "90.000000" : 250880,
            "95.000000" : 292864,
            "99.000000" : 382976,
            "99.500000" : 415744,
            "99.900000" : 493568,
            "99.950000" : 528384,
            "99.990000" : 593920
          }
        },
        "lat_ns" : {
          "min" : 41558,
          "max" : 1014923,
          "mean" : 160976.492380,
          "stddev" : 68891.147425
        },
        "bw_min" : 786288,
        "bw_max" : 798384,
        "bw_agg" : 99.991843,
        "bw_mean" : 792554.346369,
        "bw_dev" : 2235.051148,
        "bw_samples" : 179,
        "iops_min" : 98286,
        "iops_max" : 99798,
        "iops_mean" : 99069.284916,
        "iops_stddev" : 279.397430,
        "iops_samples" : 179
      },
      "job_runtime" : 90000,
      "usr_cpu" : 12.298889,
      "sys_cpu" : 35.353333,
      "ctx" : 4581833,
      "majf" : 0,
      "minf" : 42,
      "iodepth_level" : {
        "1" : 0.100000,
        "2" : 0.100000,
        "4" : 0.100000,
        "8" : 0.100000,
        "16" : 99.999832,
        "32" : 0.000000,
        ">=64" : 0.000000
      },
      "iodepth_submit" : {
        "0" : 0.000000,
        "4" : 100.000000,
        "8" : 0.000000,
        "16" : 0.000000,
        "32" : 0.000000,
        "64" : 0.000000,
        ">=64" : 0.000000
      },
      "iodepth_complete" : {
        "0" : 0.000000,
        "4" : 99.999989,
        "8" : 0.000000,
        "16" : 0.100000,
        "32" : 0.000000,
        "64" : 0.000000,
        ">=64" : 0.000000
      },
      "latency_ns" : {
        "2" : 0.000000,
        "4" : 0.000000,
        "10" : 0.000000,
        "20" : 0.000000,
        "50" : 0.000000,
        "100" : 0.000000,
        "250" : 0.000000,
        "500" : 0.000000,
        "750" : 0.000000,
        "1000" : 0.000000
      },
      "latency_us" : {
        "2" : 0.000000,
        "4" : 0.000000,
        "10" : 0.000000,
        "20" : 0.000000,
        "50" : 0.010000,
        "100" : 21.203661,
        "250" : 68.497322,
        "500" : 10.207968,
        "750" : 0.090602,
        "1000" : 0.010000
      },
      "latency_ms" : {
        "2" : 0.010000,
        "4" : 0.000000,
        "10" : 0.000000,
        "20" : 0.000000,
        "50" : 0.000000,
        "100" : 0.000000,
        "250" : 0.000000,
        "500" : 0.000000,
        "750" : 0.000000,
        "1000" : 0.000000,
        "2000" : 0.000000,
        ">=2000" : 0.000000
      },
      "latency_depth" : 16,
      "latency_target" : 0,
      "latency_percentile" : 100.000000,
      "latency_window" : 0
    }
  ],
  "disk_util" : [
    {
      "name" : "nvme0n1",
      "read_ios" : 8907308,
      "write_ios" : 0,
      "read_merges" : 0,
      "write_merges" : 0,
      "read_ticks" : 1388940,
      "write_ticks" : 0,
      "in_queue" : 0,
      "util" : 99.935525
    }
  ]
}
