{
  "fio version" : "fio-3.16",
  "timestamp" : 1600566715,
  "timestamp_ms" : 1600566715986,
  "time" : "Sat Sep 19 21:51:55 2020",
  "global options" : {
    "unified_rw_reporting" : "1",
    "time_based" : "1",
    "runtime" : "90",
    "directory" : "/media/auto/work/tmp",
    "filename" : "testfile.dat",
    "filesize" : "20GiB",
    "direct" : "1",
    "ioengine" : "libaio"
  },
  "jobs" : [
    {
      "jobname" : "jobname",
      "groupid" : 0,
      "error" : 0,
      "eta" : 0,
      "elapsed" : 91,
      "job options" : {
        "name" : "jobname",
        "iodepth" : "1",
        "bs" : "8k",
        "rw" : "read"
      },
      "mixed" : {
        "io_bytes" : 47955836928,
        "io_kbytes" : 46831872,
        "bw_bytes" : 532836712,
        "bw" : 520348,
        "iops" : 65043.543961,
        "runtime" : 90001,
        "total_ios" : 5853984,
        "short_ios" : 0,
        "drop_ios" : 0,
        "slat_ns" : {
          "min" : 1733,
          "max" : 37471,
          "mean" : 2551.317270,
          "stddev" : 280.880247
        },
        "clat_ns" : {
          "min" : 371,
          "max" : 2751291,
          "mean" : 12331.096006,
          "stddev" : 3981.944149,
          "percentile" : {
            "1.000000" : 11200,
            "5.000000" : 11200,
            "10.000000" : 11328,
            "20.000000" : 11328,
            "30.000000" : 11456,
            "40.000000" : 11456,
            "50.000000" : 11584,
            "60.000000" : 11712,
            "70.000000" : 11968,
            "80.000000" : 13632,
            "90.000000" : 14144,
            "95.000000" : 14528,
            "99.000000" : 15424,
            "99.500000" : 22144,
            "99.900000" : 82432,
            "99.950000" : 91648,
            "99.990000" : 156672
          }
        },
        "lat_ns" : {
          "min" : 12122,
          "max" : 2754968,
          "mean" : 14969.353672,
          "stddev" : 4001.660734
        },
        "bw_min" : 511744,
        "bw_max" : 528096,
        "bw_agg" : 99.993423,
        "bw_mean" : 520313.776536,
        "bw_dev" : 2727.751635,
        "bw_samples" : 179,
        "iops_min" : 63968,
        "iops_max" : 66012,
        "iops_mean" : 65039.217877,
        "iops_stddev" : 340.942600,
        "iops_samples" : 179
      },
      "job_runtime" : 90000,
      "usr_cpu" : 7.296667,
      "sys_cpu" : 24.660000,
      "ctx" : 5854278,
      "majf" : 0,
      "minf" : 15,
      "iodepth_level" : {
        "1" : 100.000000,
        "2" : 0.000000,
        "4" : 0.000000,
        "8" : 0.000000,
        "16" : 0.000000,
        "32" : 0.000000,
        ">=64" : 0.000000
      },
      "iodepth_submit" : {
        "0" : 0.000000,
        "4" : 100.000000,
        "8" : 0.000000,
        "16" : 0.000000,
        "32" : 0.000000,
        "64" : 0.000000,
        ">=64" : 0.000000
      },
      "iodepth_complete" : {
        "0" : 0.000000,
        "4" : 100.000000,
        "8" : 0.000000,
        "16" : 0.000000,
        "32" : 0.000000,
        "64" : 0.000000,
        ">=64" : 0.000000
      },
      "latency_ns" : {
        "2" : 0.000000,
        "4" : 0.000000,
        "10" : 0.000000,
        "20" : 0.000000,
        "50" : 0.000000,
        "100" : 0.000000,
        "250" : 0.000000,
        "500" : 0.010000,
        "750" : 0.010000,
        "1000" : 0.010000
      },
      "latency_us" : {
        "2" : 0.000000,
        "4" : 0.010000,
        "10" : 0.010198,
        "20" : 99.417337,
        "50" : 0.405485,
        "100" : 0.135378,
        "250" : 0.029570,
        "500" : 0.010000,
        "750" : 0.010000,
        "1000" : 0.000000
      },
      "latency_ms" : {
        "2" : 0.000000,
        "4" : 0.010000,
        "10" : 0.000000,
        "20" : 0.000000,
        "50" : 0.000000,
        "100" : 0.000000,
        "250" : 0.000000,
        "500" : 0.000000,
        "750" : 0.000000,
        "1000" : 0.000000,
        "2000" : 0.000000,
        ">=2000" : 0.000000
      },
      "latency_depth" : 1,
      "latency_target" : 0,
      "latency_percentile" : 100.000000,
      "latency_window" : 0
    }
  ],
  "disk_util" : [
    {
      "name" : "nvme0n1",
      "read_ios" : 5847663,
      "write_ios" : 0,
      "read_merges" : 0,
      "write_merges" : 0,
      "read_ticks" : 72661,
      "write_ticks" : 0,
      "in_queue" : 0,
      "util" : 99.928864
    }
  ]
}
