{
  "fio version" : "fio-3.16",
  "timestamp" : 1600566495,
  "timestamp_ms" : 1600566495070,
  "time" : "Sat Sep 19 21:48:15 2020",
  "global options" : {
    "unified_rw_reporting" : "1",
    "time_based" : "1",
    "runtime" : "90",
    "directory" : "/media/auto/work/tmp",
    "filename" : "testfile.dat",
    "filesize" : "20GiB",
    "direct" : "1",
    "ioengine" : "libaio"
  },
  "jobs" : [
    {
      "jobname" : "jobname",
      "groupid" : 0,
      "error" : 0,
      "eta" : 0,
      "elapsed" : 91,
      "job options" : {
        "name" : "jobname",
        "iodepth" : "1",
        "bs" : "4k",
        "rw" : "read"
      },
      "mixed" : {
        "io_bytes" : 27253686272,
        "io_kbytes" : 26614928,
        "bw_bytes" : 302815371,
        "bw" : 295718,
        "iops" : 73929.534116,
        "runtime" : 90001,
        "total_ios" : 6653732,
        "short_ios" : 0,
        "drop_ios" : 0,
        "slat_ns" : {
          "min" : 1412,
          "max" : 49163,
          "mean" : 2217.683266,
          "stddev" : 257.924307
        },
        "clat_ns" : {
          "min" : 361,
          "max" : 3118640,
          "mean" : 10820.815542,
          "stddev" : 3007.334497,
          "percentile" : {
            "1.000000" : 9920,
            "5.000000" : 10048,
            "10.000000" : 10048,
            "20.000000" : 10176,
            "30.000000" : 10176,
            "40.000000" : 10304,
            "50.000000" : 10304,
            "60.000000" : 10432,
            "70.000000" : 10560,
            "80.000000" : 10816,
            "90.000000" : 12992,
            "95.000000" : 13376,
            "99.000000" : 13888,
            "99.500000" : 16768,
            "99.900000" : 24448,
            "99.950000" : 79360,
            "99.990000" : 138240
          }
        },
        "lat_ns" : {
          "min" : 10280,
          "max" : 3120884,
          "mean" : 13124.237186,
          "stddev" : 3031.960271
        },
        "bw_min" : 289472,
        "bw_max" : 300368,
        "bw_agg" : 99.997735,
        "bw_mean" : 295711.301676,
        "bw_dev" : 1861.877613,
        "bw_samples" : 179,
        "iops_min" : 72368,
        "iops_max" : 75092,
        "iops_mean" : 73927.854749,
        "iops_stddev" : 465.474557,
        "iops_samples" : 179
      },
      "job_runtime" : 90000,
      "usr_cpu" : 8.661111,
      "sys_cpu" : 25.201111,
      "ctx" : 6654021,
      "majf" : 0,
      "minf" : 13,
      "iodepth_level" : {
        "1" : 100.000000,
        "2" : 0.000000,
        "4" : 0.000000,
        "8" : 0.000000,
        "16" : 0.000000,
        "32" : 0.000000,
        ">=64" : 0.000000
      },
      "iodepth_submit" : {
        "0" : 0.000000,
        "4" : 100.000000,
        "8" : 0.000000,
        "16" : 0.000000,
        "32" : 0.000000,
        "64" : 0.000000,
        ">=64" : 0.000000
      },
      "iodepth_complete" : {
        "0" : 0.000000,
        "4" : 100.000000,
        "8" : 0.000000,
        "16" : 0.000000,
        "32" : 0.000000,
        "64" : 0.000000,
        ">=64" : 0.000000
      },
      "latency_ns" : {
        "2" : 0.000000,
        "4" : 0.000000,
        "10" : 0.000000,
        "20" : 0.000000,
        "50" : 0.000000,
        "100" : 0.000000,
        "250" : 0.000000,
        "500" : 0.010000,
        "750" : 0.010000,
        "1000" : 0.010000
      },
      "latency_us" : {
        "2" : 0.010000,
        "4" : 0.010000,
        "10" : 6.005397,
        "20" : 93.536650,
        "50" : 0.371040,
        "100" : 0.069735,
        "250" : 0.014593,
        "500" : 0.010000,
        "750" : 0.000000,
        "1000" : 0.000000
      },
      "latency_ms" : {
        "2" : 0.000000,
        "4" : 0.010000,
        "10" : 0.000000,
        "20" : 0.000000,
        "50" : 0.000000,
        "100" : 0.000000,
        "250" : 0.000000,
        "500" : 0.000000,
        "750" : 0.000000,
        "1000" : 0.000000,
        "2000" : 0.000000,
        ">=2000" : 0.000000
      },
      "latency_depth" : 1,
      "latency_target" : 0,
      "latency_percentile" : 100.000000,
      "latency_window" : 0
    }
  ],
  "disk_util" : [
    {
      "name" : "nvme0n1",
      "read_ios" : 6646613,
      "write_ios" : 3,
      "read_merges" : 0,
      "write_merges" : 1,
      "read_ticks" : 70922,
      "write_ticks" : 9,
      "in_queue" : 8,
      "util" : 99.939972
    }
  ]
}
