{
  "fio version" : "fio-3.16",
  "timestamp" : 1600567710,
  "timestamp_ms" : 1600567710128,
  "time" : "Sat Sep 19 22:08:30 2020",
  "global options" : {
    "unified_rw_reporting" : "1",
    "time_based" : "1",
    "runtime" : "90",
    "directory" : "/media/auto/work/tmp",
    "filename" : "testfile.dat",
    "filesize" : "20GiB",
    "direct" : "1",
    "ioengine" : "libaio"
  },
  "jobs" : [
    {
      "jobname" : "jobname",
      "groupid" : 0,
      "error" : 0,
      "eta" : 0,
      "elapsed" : 91,
      "job options" : {
        "name" : "jobname",
        "iodepth" : "2",
        "bs" : "512k",
        "rw" : "read"
      },
      "mixed" : {
        "io_bytes" : 259336962048,
        "io_kbytes" : 253258752,
        "bw_bytes" : 2881489783,
        "bw" : 2813954,
        "iops" : 5496.005600,
        "runtime" : 90001,
        "total_ios" : 494646,
        "short_ios" : 0,
        "drop_ios" : 0,
        "slat_ns" : {
          "min" : 12644,
          "max" : 361699,
          "mean" : 25226.621776,
          "stddev" : 2610.890290
        },
        "clat_ns" : {
          "min" : 129402,
          "max" : 2675829,
          "mean" : 338020.965402,
          "stddev" : 104332.190987,
          "percentile" : {
            "1.000000" : 160768,
            "5.000000" : 181248,
            "10.000000" : 203776,
            "20.000000" : 222208,
            "30.000000" : 268288,
            "40.000000" : 317440,
            "50.000000" : 350208,
            "60.000000" : 374784,
            "70.000000" : 395264,
            "80.000000" : 423936,
            "90.000000" : 464896,
            "95.000000" : 501760,
            "99.000000" : 602112,
            "99.500000" : 643072,
            "99.900000" : 716800,
            "99.950000" : 741376,
            "99.990000" : 806912
          }
        },
        "lat_ns" : {
          "min" : 169157,
          "max" : 2701117,
          "mean" : 363368.803844,
          "stddev" : 104008.840119
        },
        "bw_min" : 2794496,
        "bw_max" : 2835456,
        "bw_agg" : 99.994962,
        "bw_mean" : 2813812.229050,
        "bw_dev" : 8397.556358,
        "bw_samples" : 179,
        "iops_min" : 5458,
        "iops_max" : 5538,
        "iops_mean" : 5495.726257,
        "iops_stddev" : 16.402176,
        "iops_samples" : 179
      },
      "job_runtime" : 90000,
      "usr_cpu" : 0.687778,
      "sys_cpu" : 14.945556,
      "ctx" : 479793,
      "majf" : 0,
      "minf" : 268,
      "iodepth_level" : {
        "1" : 0.100000,
        "2" : 99.997372,
        "4" : 0.000000,
        "8" : 0.000000,
        "16" : 0.000000,
        "32" : 0.000000,
        ">=64" : 0.000000
      },
      "iodepth_submit" : {
        "0" : 0.000000,
        "4" : 100.000000,
        "8" : 0.000000,
        "16" : 0.000000,
        "32" : 0.000000,
        "64" : 0.000000,
        ">=64" : 0.000000
      },
      "iodepth_complete" : {
        "0" : 0.000000,
        "4" : 100.000000,
        "8" : 0.000000,
        "16" : 0.000000,
        "32" : 0.000000,
        "64" : 0.000000,
        ">=64" : 0.000000
      },
      "latency_ns" : {
        "2" : 0.000000,
        "4" : 0.000000,
        "10" : 0.000000,
        "20" : 0.000000,
        "50" : 0.000000,
        "100" : 0.000000,
        "250" : 0.000000,
        "500" : 0.000000,
        "750" : 0.000000,
        "1000" : 0.000000
      },
      "latency_us" : {
        "2" : 0.000000,
        "4" : 0.000000,
        "10" : 0.000000,
        "20" : 0.000000,
        "50" : 0.000000,
        "100" : 0.000000,
        "250" : 27.538886,
        "500" : 67.185219,
        "750" : 5.233642,
        "1000" : 0.041848
      },
      "latency_ms" : {
        "2" : 0.000000,
        "4" : 0.010000,
        "10" : 0.000000,
        "20" : 0.000000,
        "50" : 0.000000,
        "100" : 0.000000,
        "250" : 0.000000,
        "500" : 0.000000,
        "750" : 0.000000,
        "1000" : 0.000000,
        "2000" : 0.000000,
        ">=2000" : 0.000000
      },
      "latency_depth" : 2,
      "latency_target" : 0,
      "latency_percentile" : 100.000000,
      "latency_window" : 0
    }
  ],
  "disk_util" : [
    {
      "name" : "nvme0n1",
      "read_ios" : 741118,
      "write_ios" : 0,
      "read_merges" : 0,
      "write_merges" : 0,
      "read_ticks" : 251716,
      "write_ticks" : 0,
      "in_queue" : 0,
      "util" : 99.939972
    }
  ]
}
