{
  "fio version" : "fio-3.16",
  "timestamp" : 1600651425,
  "timestamp_ms" : 1600651425651,
  "time" : "Sun Sep 20 21:23:45 2020",
  "global options" : {
    "unified_rw_reporting" : "1",
    "time_based" : "1",
    "runtime" : "90",
    "directory" : "/media/auto/work/tmp",
    "filename" : "testfile.dat",
    "filesize" : "20GiB",
    "direct" : "1",
    "ioengine" : "libaio"
  },
  "jobs" : [
    {
      "jobname" : "jobname",
      "groupid" : 0,
      "error" : 0,
      "eta" : 0,
      "elapsed" : 91,
      "job options" : {
        "name" : "jobname",
        "iodepth" : "2",
        "bs" : "32k",
        "rw" : "randread"
      },
      "mixed" : {
        "io_bytes" : 34387361792,
        "io_kbytes" : 33581408,
        "bw_bytes" : 382077552,
        "bw" : 373122,
        "iops" : 11660.081555,
        "runtime" : 90001,
        "total_ios" : 1049419,
        "short_ios" : 0,
        "drop_ios" : 0,
        "slat_ns" : {
          "min" : 2304,
          "max" : 238277,
          "mean" : 4475.660766,
          "stddev" : 790.931655
        },
        "clat_ns" : {
          "min" : 9418,
          "max" : 1608397,
          "mean" : 166313.686628,
          "stddev" : 31736.674629,
          "percentile" : {
            "1.000000" : 127488,
            "5.000000" : 129536,
            "10.000000" : 130560,
            "20.000000" : 134144,
            "30.000000" : 150528,
            "40.000000" : 158720,
            "50.000000" : 160768,
            "60.000000" : 162816,
            "70.000000" : 171008,
            "80.000000" : 189440,
            "90.000000" : 216064,
            "95.000000" : 228352,
            "99.000000" : 257024,
            "99.500000" : 276480,
            "99.900000" : 309248,
            "99.950000" : 321536,
            "99.990000" : 346112
          }
        },
        "lat_ns" : {
          "min" : 24667,
          "max" : 1612925,
          "mean" : 170914.603046,
          "stddev" : 31727.759621
        },
        "bw_min" : 369216,
        "bw_max" : 386624,
        "bw_agg" : 99.992786,
        "bw_mean" : 373095.083799,
        "bw_dev" : 1933.841141,
        "bw_samples" : 179,
        "iops_min" : 11538,
        "iops_max" : 12082,
        "iops_mean" : 11659.184358,
        "iops_stddev" : 60.456174,
        "iops_samples" : 179
      },
      "job_runtime" : 90000,
      "usr_cpu" : 1.767778,
      "sys_cpu" : 7.074444,
      "ctx" : 1026973,
      "majf" : 0,
      "minf" : 27,
      "iodepth_level" : {
        "1" : 0.100000,
        "2" : 99.999905,
        "4" : 0.000000,
        "8" : 0.000000,
        "16" : 0.000000,
        "32" : 0.000000,
        ">=64" : 0.000000
      },
      "iodepth_submit" : {
        "0" : 0.000000,
        "4" : 100.000000,
        "8" : 0.000000,
        "16" : 0.000000,
        "32" : 0.000000,
        "64" : 0.000000,
        ">=64" : 0.000000
      },
      "iodepth_complete" : {
        "0" : 0.000000,
        "4" : 100.000000,
        "8" : 0.000000,
        "16" : 0.000000,
        "32" : 0.000000,
        "64" : 0.000000,
        ">=64" : 0.000000
      },
      "latency_ns" : {
        "2" : 0.000000,
        "4" : 0.000000,
        "10" : 0.000000,
        "20" : 0.000000,
        "50" : 0.000000,
        "100" : 0.000000,
        "250" : 0.000000,
        "500" : 0.000000,
        "750" : 0.000000,
        "1000" : 0.000000
      },
      "latency_us" : {
        "2" : 0.000000,
        "4" : 0.000000,
        "10" : 0.010000,
        "20" : 0.000000,
        "50" : 0.010000,
        "100" : 0.010000,
        "250" : 97.752566,
        "500" : 2.241145,
        "750" : 0.000000,
        "1000" : 0.000000
      },
      "latency_ms" : {
        "2" : 0.010000,
        "4" : 0.000000,
        "10" : 0.000000,
        "20" : 0.000000,
        "50" : 0.000000,
        "100" : 0.000000,
        "250" : 0.000000,
        "500" : 0.000000,
        "750" : 0.000000,
        "1000" : 0.000000,
        "2000" : 0.000000,
        ">=2000" : 0.000000
      },
      "latency_depth" : 2,
      "latency_target" : 0,
      "latency_percentile" : 100.000000,
      "latency_window" : 0
    }
  ],
  "disk_util" : [
    {
      "name" : "nvme0n1",
      "read_ios" : 1048256,
      "write_ios" : 0,
      "read_merges" : 0,
      "write_merges" : 0,
      "read_ticks" : 174816,
      "write_ticks" : 0,
      "in_queue" : 0,
      "util" : 99.941083
    }
  ]
}
