{
  "fio version" : "fio-3.16",
  "timestamp" : 1600544312,
  "timestamp_ms" : 1600544312675,
  "time" : "Sat Sep 19 15:38:32 2020",
  "global options" : {
    "unified_rw_reporting" : "1",
    "time_based" : "1",
    "runtime" : "90",
    "directory" : "/media/auto/work/tmp",
    "filename" : "testfile.dat",
    "filesize" : "20GiB",
    "direct" : "1",
    "ioengine" : "libaio"
  },
  "jobs" : [
    {
      "jobname" : "jobname",
      "groupid" : 0,
      "error" : 0,
      "eta" : 0,
      "elapsed" : 91,
      "job options" : {
        "name" : "jobname",
        "iodepth" : "4",
        "bs" : "512k",
        "rw" : "read"
      },
      "mixed" : {
        "io_bytes" : 316518957056,
        "io_kbytes" : 309100544,
        "bw_bytes" : 3516838224,
        "bw" : 3434412,
        "iops" : 6707.836580,
        "runtime" : 90001,
        "total_ios" : 603712,
        "short_ios" : 0,
        "drop_ios" : 0,
        "slat_ns" : {
          "min" : 10219,
          "max" : 193534,
          "mean" : 20652.991638,
          "stddev" : 4339.845986
        },
        "clat_ns" : {
          "min" : 167674,
          "max" : 2814439,
          "mean" : 574997.524679,
          "stddev" : 91980.085056,
          "percentile" : {
            "1.000000" : 342016,
            "5.000000" : 448512,
            "10.000000" : 509952,
            "20.000000" : 544768,
            "30.000000" : 552960,
            "40.000000" : 552960,
            "50.000000" : 561152,
            "60.000000" : 561152,
            "70.000000" : 569344,
            "80.000000" : 593920,
            "90.000000" : 684032,
            "95.000000" : 765952,
            "99.000000" : 913408,
            "99.500000" : 962560,
            "99.900000" : 1056768,
            "99.950000" : 1089536,
            "99.990000" : 1138688
          }
        },
        "lat_ns" : {
          "min" : 192531,
          "max" : 2831271,
          "mean" : 595765.021103,
          "stddev" : 91730.938856
        },
        "bw_min" : 3411968,
        "bw_max" : 3454976,
        "bw_agg" : 99.998401,
        "bw_mean" : 3434357.072222,
        "bw_dev" : 8309.049159,
        "bw_samples" : 180,
        "iops_min" : 6664,
        "iops_max" : 6748,
        "iops_mean" : 6707.722222,
        "iops_stddev" : 16.228486,
        "iops_samples" : 180
      },
      "job_runtime" : 90000,
      "usr_cpu" : 0.847778,
      "sys_cpu" : 15.094444,
      "ctx" : 596330,
      "majf" : 0,
      "minf" : 523,
      "iodepth_level" : {
        "1" : 0.100000,
        "2" : 0.100000,
        "4" : 99.992049,
        "8" : 0.000000,
        "16" : 0.000000,
        "32" : 0.000000,
        ">=64" : 0.000000
      },
      "iodepth_submit" : {
        "0" : 0.000000,
        "4" : 100.000000,
        "8" : 0.000000,
        "16" : 0.000000,
        "32" : 0.000000,
        "64" : 0.000000,
        ">=64" : 0.000000
      },
      "iodepth_complete" : {
        "0" : 0.000000,
        "4" : 100.000000,
        "8" : 0.000000,
        "16" : 0.000000,
        "32" : 0.000000,
        "64" : 0.000000,
        ">=64" : 0.000000
      },
      "latency_ns" : {
        "2" : 0.000000,
        "4" : 0.000000,
        "10" : 0.000000,
        "20" : 0.000000,
        "50" : 0.000000,
        "100" : 0.000000,
        "250" : 0.000000,
        "500" : 0.000000,
        "750" : 0.000000,
        "1000" : 0.000000
      },
      "latency_us" : {
        "2" : 0.000000,
        "4" : 0.000000,
        "10" : 0.000000,
        "20" : 0.000000,
        "50" : 0.000000,
        "100" : 0.000000,
        "250" : 0.060294,
        "500" : 8.594661,
        "750" : 85.724650,
        "1000" : 5.376736
      },
      "latency_ms" : {
        "2" : 0.242997,
        "4" : 0.010000,
        "10" : 0.000000,
        "20" : 0.000000,
        "50" : 0.000000,
        "100" : 0.000000,
        "250" : 0.000000,
        "500" : 0.000000,
        "750" : 0.000000,
        "1000" : 0.000000,
        "2000" : 0.000000,
        ">=2000" : 0.000000
      },
      "latency_depth" : 4,
      "latency_target" : 0,
      "latency_percentile" : 100.000000,
      "latency_window" : 0
    }
  ],
  "disk_util" : [
    {
      "name" : "nvme0n1",
      "read_ios" : 753886,
      "write_ios" : 0,
      "read_merges" : 0,
      "write_merges" : 0,
      "read_ticks" : 430227,
      "write_ticks" : 0,
      "in_queue" : 0,
      "util" : 99.939972
    }
  ]
}
