{
  "fio version" : "fio-3.16",
  "timestamp" : 1600568925,
  "timestamp_ms" : 1600568925529,
  "time" : "Sat Sep 19 22:28:45 2020",
  "global options" : {
    "unified_rw_reporting" : "1",
    "time_based" : "1",
    "runtime" : "90",
    "directory" : "/media/auto/work/tmp",
    "filename" : "testfile.dat",
    "filesize" : "20GiB",
    "direct" : "1",
    "ioengine" : "libaio"
  },
  "jobs" : [
    {
      "jobname" : "jobname",
      "groupid" : 0,
      "error" : 0,
      "eta" : 0,
      "elapsed" : 91,
      "job options" : {
        "name" : "jobname",
        "iodepth" : "1",
        "bs" : "512k",
        "rw" : "randread"
      },
      "mixed" : {
        "io_bytes" : 162758393856,
        "io_kbytes" : 158943744,
        "bw_bytes" : 1808406504,
        "bw" : 1766021,
        "iops" : 3449.261675,
        "runtime" : 90001,
        "total_ios" : 310437,
        "short_ios" : 0,
        "drop_ios" : 0,
        "slat_ns" : {
          "min" : 13586,
          "max" : 177864,
          "mean" : 26142.735992,
          "stddev" : 1416.022375
        },
        "clat_ns" : {
          "min" : 159579,
          "max" : 697128,
          "mean" : 263009.186315,
          "stddev" : 19617.374499,
          "percentile" : {
            "1.000000" : 236544,
            "5.000000" : 238592,
            "10.000000" : 242688,
            "20.000000" : 246784,
            "30.000000" : 252928,
            "40.000000" : 257024,
            "50.000000" : 261120,
            "60.000000" : 268288,
            "70.000000" : 268288,
            "80.000000" : 272384,
            "90.000000" : 280576,
            "95.000000" : 305152,
            "99.000000" : 329728,
            "99.500000" : 342016,
            "99.900000" : 370688,
            "99.950000" : 382976,
            "99.990000" : 399360
          }
        },
        "lat_ns" : {
          "min" : 185267,
          "max" : 875973,
          "mean" : 289275.137207,
          "stddev" : 19719.209198
        },
        "bw_min" : 1700864,
        "bw_max" : 1781760,
        "bw_agg" : 99.998816,
        "bw_mean" : 1766000.083799,
        "bw_dev" : 10991.457786,
        "bw_samples" : 179,
        "iops_min" : 3322,
        "iops_max" : 3480,
        "iops_mean" : 3449.217877,
        "iops_stddev" : 21.467575,
        "iops_samples" : 179
      },
      "job_runtime" : 90000,
      "usr_cpu" : 0.515556,
      "sys_cpu" : 9.644444,
      "ctx" : 310596,
      "majf" : 0,
      "minf" : 137,
      "iodepth_level" : {
        "1" : 100.000000,
        "2" : 0.000000,
        "4" : 0.000000,
        "8" : 0.000000,
        "16" : 0.000000,
        "32" : 0.000000,
        ">=64" : 0.000000
      },
      "iodepth_submit" : {
        "0" : 0.000000,
        "4" : 100.000000,
        "8" : 0.000000,
        "16" : 0.000000,
        "32" : 0.000000,
        "64" : 0.000000,
        ">=64" : 0.000000
      },
      "iodepth_complete" : {
        "0" : 0.000000,
        "4" : 100.000000,
        "8" : 0.000000,
        "16" : 0.000000,
        "32" : 0.000000,
        "64" : 0.000000,
        ">=64" : 0.000000
      },
      "latency_ns" : {
        "2" : 0.000000,
        "4" : 0.000000,
        "10" : 0.000000,
        "20" : 0.000000,
        "50" : 0.000000,
        "100" : 0.000000,
        "250" : 0.000000,
        "500" : 0.000000,
        "750" : 0.000000,
        "1000" : 0.000000
      },
      "latency_us" : {
        "2" : 0.000000,
        "4" : 0.000000,
        "10" : 0.000000,
        "20" : 0.000000,
        "50" : 0.000000,
        "100" : 0.000000,
        "250" : 27.157845,
        "500" : 72.841511,
        "750" : 0.010000,
        "1000" : 0.000000
      },
      "latency_ms" : {
        "2" : 0.000000,
        "4" : 0.000000,
        "10" : 0.000000,
        "20" : 0.000000,
        "50" : 0.000000,
        "100" : 0.000000,
        "250" : 0.000000,
        "500" : 0.000000,
        "750" : 0.000000,
        "1000" : 0.000000,
        "2000" : 0.000000,
        ">=2000" : 0.000000
      },
      "latency_depth" : 1,
      "latency_target" : 0,
      "latency_percentile" : 100.000000,
      "latency_window" : 0
    }
  ],
  "disk_util" : [
    {
      "name" : "nvme0n1",
      "read_ios" : 620116,
      "write_ios" : 0,
      "read_merges" : 0,
      "write_merges" : 0,
      "read_ticks" : 160490,
      "write_ticks" : 0,
      "in_queue" : 0,
      "util" : 99.945527
    }
  ]
}
