{
  "fio version" : "fio-3.16",
  "timestamp" : 1600543539,
  "timestamp_ms" : 1600543539576,
  "time" : "Sat Sep 19 15:25:39 2020",
  "global options" : {
    "unified_rw_reporting" : "1",
    "time_based" : "1",
    "runtime" : "90",
    "directory" : "/media/auto/work/tmp",
    "filename" : "testfile.dat",
    "filesize" : "20GiB",
    "direct" : "1",
    "ioengine" : "libaio"
  },
  "jobs" : [
    {
      "jobname" : "jobname",
      "groupid" : 0,
      "error" : 0,
      "eta" : 0,
      "elapsed" : 91,
      "job options" : {
        "name" : "jobname",
        "iodepth" : "8",
        "bs" : "32k",
        "rw" : "read"
      },
      "mixed" : {
        "io_bytes" : 228918919168,
        "io_kbytes" : 223553632,
        "bw_bytes" : 2543515285,
        "bw" : 2483901,
        "iops" : 77621.926423,
        "runtime" : 90001,
        "total_ios" : 6986051,
        "short_ios" : 0,
        "drop_ios" : 0,
        "slat_ns" : {
          "min" : 2134,
          "max" : 412644,
          "mean" : 4160.284709,
          "stddev" : 1570.875073
        },
        "clat_ns" : {
          "min" : 17924,
          "max" : 1842657,
          "mean" : 98357.290442,
          "stddev" : 59721.759558,
          "percentile" : {
            "1.000000" : 43264,
            "5.000000" : 51968,
            "10.000000" : 54528,
            "20.000000" : 61184,
            "30.000000" : 67072,
            "40.000000" : 68096,
            "50.000000" : 69120,
            "60.000000" : 69120,
            "70.000000" : 94720,
            "80.000000" : 140288,
            "90.000000" : 201728,
            "95.000000" : 232448,
            "99.000000" : 280576,
            "99.500000" : 296960,
            "99.900000" : 329728,
            "99.950000" : 346112,
            "99.990000" : 391168
          }
        },
        "lat_ns" : {
          "min" : 24406,
          "max" : 1846735,
          "mean" : 102628.136994,
          "stddev" : 59558.205847
        },
        "bw_min" : 2448320,
        "bw_max" : 2501056,
        "bw_agg" : 100.000000,
        "bw_mean" : 2483945.458101,
        "bw_dev" : 9017.755907,
        "bw_samples" : 179,
        "iops_min" : 76510,
        "iops_max" : 78158,
        "iops_mean" : 77623.301676,
        "iops_stddev" : 281.809300,
        "iops_samples" : 179
      },
      "job_runtime" : 90000,
      "usr_cpu" : 8.915556,
      "sys_cpu" : 39.837778,
      "ctx" : 4613034,
      "majf" : 0,
      "minf" : 76,
      "iodepth_level" : {
        "1" : 0.100000,
        "2" : 0.100000,
        "4" : 0.100000,
        "8" : 99.998798,
        "16" : 0.000000,
        "32" : 0.000000,
        ">=64" : 0.000000
      },
      "iodepth_submit" : {
        "0" : 0.000000,
        "4" : 100.000000,
        "8" : 0.000000,
        "16" : 0.000000,
        "32" : 0.000000,
        "64" : 0.000000,
        ">=64" : 0.000000
      },
      "iodepth_complete" : {
        "0" : 0.000000,
        "4" : 99.999828,
        "8" : 0.100000,
        "16" : 0.000000,
        "32" : 0.000000,
        "64" : 0.000000,
        ">=64" : 0.000000
      },
      "latency_ns" : {
        "2" : 0.000000,
        "4" : 0.000000,
        "10" : 0.000000,
        "20" : 0.000000,
        "50" : 0.000000,
        "100" : 0.000000,
        "250" : 0.000000,
        "500" : 0.000000,
        "750" : 0.000000,
        "1000" : 0.000000
      },
      "latency_us" : {
        "2" : 0.000000,
        "4" : 0.000000,
        "10" : 0.000000,
        "20" : 0.010000,
        "50" : 3.419858,
        "100" : 67.978862,
        "250" : 25.530790,
        "500" : 3.069774,
        "750" : 0.010000,
        "1000" : 0.000000
      },
      "latency_ms" : {
        "2" : 0.010000,
        "4" : 0.000000,
        "10" : 0.000000,
        "20" : 0.000000,
        "50" : 0.000000,
        "100" : 0.000000,
        "250" : 0.000000,
        "500" : 0.000000,
        "750" : 0.000000,
        "1000" : 0.000000,
        "2000" : 0.000000,
        ">=2000" : 0.000000
      },
      "latency_depth" : 8,
      "latency_target" : 0,
      "latency_percentile" : 100.000000,
      "latency_window" : 0
    }
  ],
  "disk_util" : [
    {
      "name" : "nvme0n1",
      "read_ios" : 6978371,
      "write_ios" : 0,
      "read_merges" : 0,
      "write_merges" : 0,
      "read_ticks" : 674549,
      "write_ticks" : 0,
      "in_queue" : 0,
      "util" : 99.929974
    }
  ]
}
