{
  "fio version" : "fio-3.16",
  "timestamp" : 1600651646,
  "timestamp_ms" : 1600651646564,
  "time" : "Sun Sep 20 21:27:26 2020",
  "global options" : {
    "unified_rw_reporting" : "1",
    "time_based" : "1",
    "runtime" : "90",
    "directory" : "/media/auto/work/tmp",
    "filename" : "testfile.dat",
    "filesize" : "20GiB",
    "direct" : "1",
    "ioengine" : "libaio"
  },
  "jobs" : [
    {
      "jobname" : "jobname",
      "groupid" : 0,
      "error" : 0,
      "eta" : 0,
      "elapsed" : 91,
      "job options" : {
        "name" : "jobname",
        "iodepth" : "8",
        "bs" : "32k",
        "rw" : "randread"
      },
      "mixed" : {
        "io_bytes" : 75123556352,
        "io_kbytes" : 73362848,
        "bw_bytes" : 834696907,
        "bw" : 815133,
        "iops" : 25472.928079,
        "runtime" : 90001,
        "total_ios" : 2292589,
        "short_ios" : 0,
        "drop_ios" : 0,
        "slat_ns" : {
          "min" : 2284,
          "max" : 89548,
          "mean" : 4158.131801,
          "stddev" : 916.901288
        },
        "clat_ns" : {
          "min" : 62778,
          "max" : 1164003,
          "mean" : 309246.872723,
          "stddev" : 111602.868452,
          "percentile" : {
            "1.000000" : 134144,
            "5.000000" : 160768,
            "10.000000" : 173056,
            "20.000000" : 209920,
            "30.000000" : 238592,
            "40.000000" : 264192,
            "50.000000" : 292864,
            "60.000000" : 321536,
            "70.000000" : 354304,
            "80.000000" : 399360,
            "90.000000" : 460800,
            "95.000000" : 518144,
            "99.000000" : 626688,
            "99.500000" : 667648,
            "99.900000" : 749568,
            "99.950000" : 782336,
            "99.990000" : 864256
          }
        },
        "lat_ns" : {
          "min" : 66305,
          "max" : 1167620,
          "mean" : 313509.740110,
          "stddev" : 111571.999960
        },
        "bw_min" : 800192,
        "bw_max" : 880064,
        "bw_agg" : 99.996859,
        "bw_mean" : 815107.396648,
        "bw_dev" : 8255.464083,
        "bw_samples" : 179,
        "iops_min" : 25006,
        "iops_max" : 27502,
        "iops_mean" : 25472.100559,
        "iops_stddev" : 257.989789,
        "iops_samples" : 179
      },
      "job_runtime" : 90000,
      "usr_cpu" : 3.748889,
      "sys_cpu" : 13.566667,
      "ctx" : 1931032,
      "majf" : 0,
      "minf" : 76,
      "iodepth_level" : {
        "1" : 0.100000,
        "2" : 0.100000,
        "4" : 0.100000,
        "8" : 99.999695,
        "16" : 0.000000,
        "32" : 0.000000,
        ">=64" : 0.000000
      },
      "iodepth_submit" : {
        "0" : 0.000000,
        "4" : 100.000000,
        "8" : 0.000000,
        "16" : 0.000000,
        "32" : 0.000000,
        "64" : 0.000000,
        ">=64" : 0.000000
      },
      "iodepth_complete" : {
        "0" : 0.000000,
        "4" : 99.999956,
        "8" : 0.100000,
        "16" : 0.000000,
        "32" : 0.000000,
        "64" : 0.000000,
        ">=64" : 0.000000
      },
      "latency_ns" : {
        "2" : 0.000000,
        "4" : 0.000000,
        "10" : 0.000000,
        "20" : 0.000000,
        "50" : 0.000000,
        "100" : 0.000000,
        "250" : 0.000000,
        "500" : 0.000000,
        "750" : 0.000000,
        "1000" : 0.000000
      },
      "latency_us" : {
        "2" : 0.000000,
        "4" : 0.000000,
        "10" : 0.000000,
        "20" : 0.000000,
        "50" : 0.000000,
        "100" : 0.010000,
        "250" : 33.955977,
        "500" : 59.753449,
        "750" : 6.186586,
        "1000" : 0.101937
      },
      "latency_ms" : {
        "2" : 0.010000,
        "4" : 0.000000,
        "10" : 0.000000,
        "20" : 0.000000,
        "50" : 0.000000,
        "100" : 0.000000,
        "250" : 0.000000,
        "500" : 0.000000,
        "750" : 0.000000,
        "1000" : 0.000000,
        "2000" : 0.000000,
        ">=2000" : 0.000000
      },
      "latency_depth" : 8,
      "latency_target" : 0,
      "latency_percentile" : 100.000000,
      "latency_window" : 0
    }
  ],
  "disk_util" : [
    {
      "name" : "nvme0n1",
      "read_ios" : 2290071,
      "write_ios" : 0,
      "read_merges" : 0,
      "write_merges" : 0,
      "read_ticks" : 707953,
      "write_ticks" : 0,
      "in_queue" : 0,
      "util" : 99.938861
    }
  ]
}
