{
  "fio version" : "fio-3.16",
  "timestamp" : 1600650100,
  "timestamp_ms" : 1600650100168,
  "time" : "Sun Sep 20 21:01:40 2020",
  "global options" : {
    "unified_rw_reporting" : "1",
    "time_based" : "1",
    "runtime" : "90",
    "directory" : "/media/auto/work/tmp",
    "filename" : "testfile.dat",
    "filesize" : "20GiB",
    "direct" : "1",
    "ioengine" : "libaio"
  },
  "jobs" : [
    {
      "jobname" : "jobname",
      "groupid" : 0,
      "error" : 0,
      "eta" : 0,
      "elapsed" : 91,
      "job options" : {
        "name" : "jobname",
        "iodepth" : "2",
        "bs" : "8k",
        "rw" : "randread"
      },
      "mixed" : {
        "io_bytes" : 17258528768,
        "io_kbytes" : 16854032,
        "bw_bytes" : 191759300,
        "bw" : 187264,
        "iops" : 23408.117688,
        "runtime" : 90001,
        "total_ios" : 2106754,
        "short_ios" : 0,
        "drop_ios" : 0,
        "slat_ns" : {
          "min" : 1553,
          "max" : 205415,
          "mean" : 3148.517959,
          "stddev" : 711.260375
        },
        "clat_ns" : {
          "min" : 5540,
          "max" : 1475998,
          "mean" : 81555.739928,
          "stddev" : 15478.146682,
          "percentile" : {
            "1.000000" : 67072,
            "5.000000" : 67072,
            "10.000000" : 68096,
            "20.000000" : 69120,
            "30.000000" : 70144,
            "40.000000" : 73216,
            "50.000000" : 82432,
            "60.000000" : 83456,
            "70.000000" : 84480,
            "80.000000" : 87552,
            "90.000000" : 96768,
            "95.000000" : 115200,
            "99.000000" : 138240,
            "99.500000" : 142336,
            "99.900000" : 158720,
            "99.950000" : 171008,
            "99.990000" : 201728
          }
        },
        "lat_ns" : {
          "min" : 58319,
          "max" : 1480477,
          "mean" : 84818.241393,
          "stddev" : 15493.681792
        },
        "bw_min" : 185504,
        "bw_max" : 189568,
        "bw_agg" : 99.997390,
        "bw_mean" : 187259.111732,
        "bw_dev" : 571.042531,
        "bw_samples" : 179,
        "iops_min" : 23188,
        "iops_max" : 23696,
        "iops_mean" : 23407.396648,
        "iops_stddev" : 71.399290,
        "iops_samples" : 179
      },
      "job_runtime" : 90000,
      "usr_cpu" : 3.746667,
      "sys_cpu" : 10.725556,
      "ctx" : 1944390,
      "majf" : 0,
      "minf" : 14,
      "iodepth_level" : {
        "1" : 0.100000,
        "2" : 99.999953,
        "4" : 0.000000,
        "8" : 0.000000,
        "16" : 0.000000,
        "32" : 0.000000,
        ">=64" : 0.000000
      },
      "iodepth_submit" : {
        "0" : 0.000000,
        "4" : 100.000000,
        "8" : 0.000000,
        "16" : 0.000000,
        "32" : 0.000000,
        "64" : 0.000000,
        ">=64" : 0.000000
      },
      "iodepth_complete" : {
        "0" : 0.000000,
        "4" : 100.000000,
        "8" : 0.000000,
        "16" : 0.000000,
        "32" : 0.000000,
        "64" : 0.000000,
        ">=64" : 0.000000
      },
      "latency_ns" : {
        "2" : 0.000000,
        "4" : 0.000000,
        "10" : 0.000000,
        "20" : 0.000000,
        "50" : 0.000000,
        "100" : 0.000000,
        "250" : 0.000000,
        "500" : 0.000000,
        "750" : 0.000000,
        "1000" : 0.000000
      },
      "latency_us" : {
        "2" : 0.000000,
        "4" : 0.000000,
        "10" : 0.010000,
        "20" : 0.010000,
        "50" : 0.010000,
        "100" : 90.735748,
        "250" : 9.261689,
        "500" : 0.010000,
        "750" : 0.010000,
        "1000" : 0.010000
      },
      "latency_ms" : {
        "2" : 0.010000,
        "4" : 0.000000,
        "10" : 0.000000,
        "20" : 0.000000,
        "50" : 0.000000,
        "100" : 0.000000,
        "250" : 0.000000,
        "500" : 0.000000,
        "750" : 0.000000,
        "1000" : 0.000000,
        "2000" : 0.000000,
        ">=2000" : 0.000000
      },
      "latency_depth" : 2,
      "latency_target" : 0,
      "latency_percentile" : 100.000000,
      "latency_window" : 0
    }
  ],
  "disk_util" : [
    {
      "name" : "nvme0n1",
      "read_ios" : 2104417,
      "write_ios" : 0,
      "read_merges" : 0,
      "write_merges" : 0,
      "read_ticks" : 170771,
      "write_ticks" : 0,
      "in_queue" : 0,
      "util" : 99.933304
    }
  ]
}
