{
  "fio version" : "fio-3.16",
  "timestamp" : 1600542324,
  "timestamp_ms" : 1600542324589,
  "time" : "Sat Sep 19 15:05:24 2020",
  "global options" : {
    "unified_rw_reporting" : "1",
    "time_based" : "1",
    "runtime" : "90",
    "directory" : "/media/auto/work/tmp",
    "filename" : "testfile.dat",
    "filesize" : "20GiB",
    "direct" : "1",
    "ioengine" : "libaio"
  },
  "jobs" : [
    {
      "jobname" : "jobname",
      "groupid" : 0,
      "error" : 0,
      "eta" : 0,
      "elapsed" : 91,
      "job options" : {
        "name" : "jobname",
        "iodepth" : "16",
        "bs" : "4k",
        "rw" : "read"
      },
      "mixed" : {
        "io_bytes" : 126114627584,
        "io_kbytes" : 123158816,
        "bw_bytes" : 1401258070,
        "bw" : 1368416,
        "iops" : 342104.021066,
        "runtime" : 90001,
        "total_ios" : 30789704,
        "short_ios" : 0,
        "drop_ios" : 0,
        "slat_ns" : {
          "min" : 1302,
          "max" : 338405,
          "mean" : 1935.443041,
          "stddev" : 729.251161
        },
        "clat_ns" : {
          "min" : 6131,
          "max" : 435276,
          "mean" : 44318.400864,
          "stddev" : 5966.953800,
          "percentile" : {
            "1.000000" : 40704,
            "5.000000" : 41216,
            "10.000000" : 41728,
            "20.000000" : 41728,
            "30.000000" : 42240,
            "40.000000" : 42752,
            "50.000000" : 43776,
            "60.000000" : 44800,
            "70.000000" : 45312,
            "80.000000" : 45824,
            "90.000000" : 46848,
            "95.000000" : 48384,
            "99.000000" : 55040,
            "99.500000" : 59136,
            "99.900000" : 142336,
            "99.950000" : 199680,
            "99.990000" : 252928
          }
        },
        "lat_ns" : {
          "min" : 8656,
          "max" : 437620,
          "mean" : 46366.515737,
          "stddev" : 6013.379345
        },
        "bw_min" : 1320432,
        "bw_max" : 1382512,
        "bw_agg" : 99.996051,
        "bw_mean" : 1368361.960894,
        "bw_dev" : 8680.549119,
        "bw_samples" : 179,
        "iops_min" : 330108,
        "iops_max" : 345628,
        "iops_mean" : 342090.519553,
        "iops_stddev" : 2170.107576,
        "iops_samples" : 179
      },
      "job_runtime" : 90000,
      "usr_cpu" : 32.274444,
      "sys_cpu" : 67.335556,
      "ctx" : 16241,
      "majf" : 0,
      "minf" : 30,
      "iodepth_level" : {
        "1" : 0.100000,
        "2" : 0.100000,
        "4" : 0.100000,
        "8" : 0.100000,
        "16" : 99.999659,
        "32" : 0.000000,
        ">=64" : 0.000000
      },
      "iodepth_submit" : {
        "0" : 0.000000,
        "4" : 100.000000,
        "8" : 0.000000,
        "16" : 0.000000,
        "32" : 0.000000,
        "64" : 0.000000,
        ">=64" : 0.000000
      },
      "iodepth_complete" : {
        "0" : 0.000000,
        "4" : 99.999977,
        "8" : 0.000000,
        "16" : 0.100000,
        "32" : 0.000000,
        "64" : 0.000000,
        ">=64" : 0.000000
      },
      "latency_ns" : {
        "2" : 0.000000,
        "4" : 0.000000,
        "10" : 0.000000,
        "20" : 0.000000,
        "50" : 0.000000,
        "100" : 0.000000,
        "250" : 0.000000,
        "500" : 0.000000,
        "750" : 0.000000,
        "1000" : 0.000000
      },
      "latency_us" : {
        "2" : 0.000000,
        "4" : 0.000000,
        "10" : 0.010000,
        "20" : 0.010000,
        "50" : 96.196556,
        "100" : 3.686862,
        "250" : 0.099702,
        "500" : 0.011660,
        "750" : 0.000000,
        "1000" : 0.000000
      },
      "latency_ms" : {
        "2" : 0.000000,
        "4" : 0.000000,
        "10" : 0.000000,
        "20" : 0.000000,
        "50" : 0.000000,
        "100" : 0.000000,
        "250" : 0.000000,
        "500" : 0.000000,
        "750" : 0.000000,
        "1000" : 0.000000,
        "2000" : 0.000000,
        ">=2000" : 0.000000
      },
      "latency_depth" : 16,
      "latency_target" : 0,
      "latency_percentile" : 100.000000,
      "latency_window" : 0
    }
  ],
  "disk_util" : [
    {
      "name" : "nvme0n1",
      "read_ios" : 30754431,
      "write_ios" : 0,
      "read_merges" : 0,
      "write_merges" : 0,
      "read_ticks" : 240719,
      "write_ticks" : 0,
      "in_queue" : 0,
      "util" : 99.969988
    }
  ]
}
