{
  "fio version" : "fio-3.16",
  "timestamp" : 1600566605,
  "timestamp_ms" : 1600566605527,
  "time" : "Sat Sep 19 21:50:05 2020",
  "global options" : {
    "unified_rw_reporting" : "1",
    "time_based" : "1",
    "runtime" : "90",
    "directory" : "/media/auto/work/tmp",
    "filename" : "testfile.dat",
    "filesize" : "20GiB",
    "direct" : "1",
    "ioengine" : "libaio"
  },
  "jobs" : [
    {
      "jobname" : "jobname",
      "groupid" : 0,
      "error" : 0,
      "eta" : 0,
      "elapsed" : 91,
      "job options" : {
        "name" : "jobname",
        "iodepth" : "2",
        "bs" : "4k",
        "rw" : "read"
      },
      "mixed" : {
        "io_bytes" : 50587439104,
        "io_kbytes" : 49401796,
        "bw_bytes" : 562076411,
        "bw" : 548902,
        "iops" : 137225.686381,
        "runtime" : 90001,
        "total_ios" : 12350449,
        "short_ios" : 0,
        "drop_ios" : 0,
        "slat_ns" : {
          "min" : 1313,
          "max" : 414378,
          "mean" : 2135.527278,
          "stddev" : 281.170183
        },
        "clat_ns" : {
          "min" : 2294,
          "max" : 681708,
          "mean" : 12011.394581,
          "stddev" : 2952.848847,
          "percentile" : {
            "1.000000" : 10432,
            "5.000000" : 11200,
            "10.000000" : 11328,
            "20.000000" : 11328,
            "30.000000" : 11456,
            "40.000000" : 11584,
            "50.000000" : 11584,
            "60.000000" : 11712,
            "70.000000" : 11840,
            "80.000000" : 11968,
            "90.000000" : 12992,
            "95.000000" : 14144,
            "99.000000" : 16320,
            "99.500000" : 21888,
            "99.900000" : 28032,
            "99.950000" : 80384,
            "99.990000" : 150528
          }
        },
        "lat_ns" : {
          "min" : 8817,
          "max" : 684554,
          "mean" : 14225.892653,
          "stddev" : 2983.964745
        },
        "bw_min" : 541272,
        "bw_max" : 585688,
        "bw_agg" : 99.994943,
        "bw_mean" : 548874.240223,
        "bw_dev" : 4137.371448,
        "bw_samples" : 179,
        "iops_min" : 135318,
        "iops_max" : 146422,
        "iops_mean" : 137218.564246,
        "iops_stddev" : 1034.328991,
        "iops_samples" : 179
      },
      "job_runtime" : 90000,
      "usr_cpu" : 14.701111,
      "sys_cpu" : 44.070000,
      "ctx" : 6178010,
      "majf" : 0,
      "minf" : 14,
      "iodepth_level" : {
        "1" : 0.100000,
        "2" : 99.999976,
        "4" : 0.000000,
        "8" : 0.000000,
        "16" : 0.000000,
        "32" : 0.000000,
        ">=64" : 0.000000
      },
      "iodepth_submit" : {
        "0" : 0.000000,
        "4" : 100.000000,
        "8" : 0.000000,
        "16" : 0.000000,
        "32" : 0.000000,
        "64" : 0.000000,
        ">=64" : 0.000000
      },
      "iodepth_complete" : {
        "0" : 0.000000,
        "4" : 100.000000,
        "8" : 0.000000,
        "16" : 0.000000,
        "32" : 0.000000,
        "64" : 0.000000,
        ">=64" : 0.000000
      },
      "latency_ns" : {
        "2" : 0.000000,
        "4" : 0.000000,
        "10" : 0.000000,
        "20" : 0.000000,
        "50" : 0.000000,
        "100" : 0.000000,
        "250" : 0.000000,
        "500" : 0.000000,
        "750" : 0.000000,
        "1000" : 0.000000
      },
      "latency_us" : {
        "2" : 0.000000,
        "4" : 0.010000,
        "10" : 0.065949,
        "20" : 99.076965,
        "50" : 0.764280,
        "100" : 0.070038,
        "250" : 0.020137,
        "500" : 0.010000,
        "750" : 0.010000,
        "1000" : 0.000000
      },
      "latency_ms" : {
        "2" : 0.000000,
        "4" : 0.000000,
        "10" : 0.000000,
        "20" : 0.000000,
        "50" : 0.000000,
        "100" : 0.000000,
        "250" : 0.000000,
        "500" : 0.000000,
        "750" : 0.000000,
        "1000" : 0.000000,
        "2000" : 0.000000,
        ">=2000" : 0.000000
      },
      "latency_depth" : 2,
      "latency_target" : 0,
      "latency_percentile" : 100.000000,
      "latency_window" : 0
    }
  ],
  "disk_util" : [
    {
      "name" : "nvme0n1",
      "read_ios" : 12337008,
      "write_ios" : 0,
      "read_merges" : 0,
      "write_merges" : 0,
      "read_ticks" : 120563,
      "write_ticks" : 0,
      "in_queue" : 0,
      "util" : 99.941088
    }
  ]
}
