{
  "fio version" : "fio-3.16",
  "timestamp" : 1600542545,
  "timestamp_ms" : 1600542545509,
  "time" : "Sat Sep 19 15:09:05 2020",
  "global options" : {
    "unified_rw_reporting" : "1",
    "time_based" : "1",
    "runtime" : "90",
    "directory" : "/media/auto/work/tmp",
    "filename" : "testfile.dat",
    "filesize" : "20GiB",
    "direct" : "1",
    "ioengine" : "libaio"
  },
  "jobs" : [
    {
      "jobname" : "jobname",
      "groupid" : 0,
      "error" : 0,
      "eta" : 0,
      "elapsed" : 91,
      "job options" : {
        "name" : "jobname",
        "iodepth" : "4",
        "bs" : "8k",
        "rw" : "read"
      },
      "mixed" : {
        "io_bytes" : 167668023296,
        "io_kbytes" : 163738304,
        "bw_bytes" : 1862957337,
        "bw" : 1819294,
        "iops" : 227411.784314,
        "runtime" : 90001,
        "total_ios" : 20467288,
        "short_ios" : 0,
        "drop_ios" : 0,
        "slat_ns" : {
          "min" : 1482,
          "max" : 333966,
          "mean" : 2504.914400,
          "stddev" : 1183.981754
        },
        "clat_ns" : {
          "min" : 6342,
          "max" : 534743,
          "mean" : 14648.218449,
          "stddev" : 6314.538181,
          "percentile" : {
            "1.000000" : 10944,
            "5.000000" : 11968,
            "10.000000" : 12480,
            "20.000000" : 13120,
            "30.000000" : 13504,
            "40.000000" : 13888,
            "50.000000" : 14144,
            "60.000000" : 14528,
            "70.000000" : 14784,
            "80.000000" : 15296,
            "90.000000" : 16768,
            "95.000000" : 17536,
            "99.000000" : 21888,
            "99.500000" : 24192,
            "99.900000" : 152576,
            "99.950000" : 166912,
            "99.990000" : 216064
          }
        },
        "lat_ns" : {
          "min" : 9819,
          "max" : 539311,
          "mean" : 17240.455986,
          "stddev" : 6478.846352
        },
        "bw_min" : 1710320,
        "bw_max" : 1880544,
        "bw_agg" : 99.999131,
        "bw_mean" : 1819278.189944,
        "bw_dev" : 25843.059790,
        "bw_samples" : 179,
        "iops_min" : 213790,
        "iops_max" : 235068,
        "iops_mean" : 227409.776536,
        "iops_stddev" : 3230.347057,
        "iops_samples" : 179
      },
      "job_runtime" : 90000,
      "usr_cpu" : 19.118889,
      "sys_cpu" : 61.241111,
      "ctx" : 4172900,
      "majf" : 0,
      "minf" : 20,
      "iodepth_level" : {
        "1" : 0.100000,
        "2" : 0.100000,
        "4" : 99.999868,
        "8" : 0.000000,
        "16" : 0.000000,
        "32" : 0.000000,
        ">=64" : 0.000000
      },
      "iodepth_submit" : {
        "0" : 0.000000,
        "4" : 100.000000,
        "8" : 0.000000,
        "16" : 0.000000,
        "32" : 0.000000,
        "64" : 0.000000,
        ">=64" : 0.000000
      },
      "iodepth_complete" : {
        "0" : 0.000000,
        "4" : 100.000000,
        "8" : 0.000000,
        "16" : 0.000000,
        "32" : 0.000000,
        "64" : 0.000000,
        ">=64" : 0.000000
      },
      "latency_ns" : {
        "2" : 0.000000,
        "4" : 0.000000,
        "10" : 0.000000,
        "20" : 0.000000,
        "50" : 0.000000,
        "100" : 0.000000,
        "250" : 0.000000,
        "500" : 0.000000,
        "750" : 0.000000,
        "1000" : 0.000000
      },
      "latency_us" : {
        "2" : 0.000000,
        "4" : 0.000000,
        "10" : 0.519756,
        "20" : 97.842973,
        "50" : 1.445380,
        "100" : 0.042160,
        "250" : 0.149228,
        "500" : 0.010000,
        "750" : 0.010000,
        "1000" : 0.000000
      },
      "latency_ms" : {
        "2" : 0.000000,
        "4" : 0.000000,
        "10" : 0.000000,
        "20" : 0.000000,
        "50" : 0.000000,
        "100" : 0.000000,
        "250" : 0.000000,
        "500" : 0.000000,
        "750" : 0.000000,
        "1000" : 0.000000,
        "2000" : 0.000000,
        ">=2000" : 0.000000
      },
      "latency_depth" : 4,
      "latency_target" : 0,
      "latency_percentile" : 100.000000,
      "latency_window" : 0
    }
  ],
  "disk_util" : [
    {
      "name" : "nvme0n1",
      "read_ios" : 20443391,
      "write_ios" : 0,
      "read_merges" : 0,
      "write_merges" : 0,
      "read_ticks" : 254188,
      "write_ticks" : 0,
      "in_queue" : 0,
      "util" : 99.927753
    }
  ]
}
