{
  "fio version" : "fio-3.16",
  "timestamp" : 1600543429,
  "timestamp_ms" : 1600543429129,
  "time" : "Sat Sep 19 15:23:49 2020",
  "global options" : {
    "unified_rw_reporting" : "1",
    "time_based" : "1",
    "runtime" : "90",
    "directory" : "/media/auto/work/tmp",
    "filename" : "testfile.dat",
    "filesize" : "20GiB",
    "direct" : "1",
    "ioengine" : "libaio"
  },
  "jobs" : [
    {
      "jobname" : "jobname",
      "groupid" : 0,
      "error" : 0,
      "eta" : 0,
      "elapsed" : 91,
      "job options" : {
        "name" : "jobname",
        "iodepth" : "4",
        "bs" : "32k",
        "rw" : "read"
      },
      "mixed" : {
        "io_bytes" : 220324265984,
        "io_kbytes" : 215160416,
        "bw_bytes" : 2448020199,
        "bw" : 2390644,
        "iops" : 74707.647693,
        "runtime" : 90001,
        "total_ios" : 6723763,
        "short_ios" : 0,
        "drop_ios" : 0,
        "slat_ns" : {
          "min" : 2124,
          "max" : 191850,
          "mean" : 3900.812228,
          "stddev" : 1381.018979
        },
        "clat_ns" : {
          "min" : 10400,
          "max" : 1805136,
          "mean" : 49119.933415,
          "stddev" : 33230.298212,
          "percentile" : {
            "1.000000" : 23424,
            "5.000000" : 27776,
            "10.000000" : 28544,
            "20.000000" : 32128,
            "30.000000" : 32384,
            "40.000000" : 32640,
            "50.000000" : 33024,
            "60.000000" : 33536,
            "70.000000" : 41728,
            "80.000000" : 66048,
            "90.000000" : 98816,
            "95.000000" : 124416,
            "99.000000" : 171008,
            "99.500000" : 181248,
            "99.900000" : 201728,
            "99.950000" : 214016,
            "99.990000" : 254976
          }
        },
        "lat_ns" : {
          "min" : 19095,
          "max" : 1812360,
          "mean" : 53135.257781,
          "stddev" : 33133.454868
        },
        "bw_min" : 2368576,
        "bw_max" : 2406336,
        "bw_agg" : 99.995250,
        "bw_mean" : 2390530.452514,
        "bw_dev" : 8131.889544,
        "bw_samples" : 179,
        "iops_min" : 74018,
        "iops_max" : 75198,
        "iops_mean" : 74704.083799,
        "iops_stddev" : 254.154732,
        "iops_samples" : 179
      },
      "job_runtime" : 90000,
      "usr_cpu" : 9.101111,
      "sys_cpu" : 37.200000,
      "ctx" : 5538804,
      "majf" : 0,
      "minf" : 45,
      "iodepth_level" : {
        "1" : 0.100000,
        "2" : 0.100000,
        "4" : 99.999465,
        "8" : 0.000000,
        "16" : 0.000000,
        "32" : 0.000000,
        ">=64" : 0.000000
      },
      "iodepth_submit" : {
        "0" : 0.000000,
        "4" : 100.000000,
        "8" : 0.000000,
        "16" : 0.000000,
        "32" : 0.000000,
        "64" : 0.000000,
        ">=64" : 0.000000
      },
      "iodepth_complete" : {
        "0" : 0.000000,
        "4" : 100.000000,
        "8" : 0.000000,
        "16" : 0.000000,
        "32" : 0.000000,
        "64" : 0.000000,
        ">=64" : 0.000000
      },
      "latency_ns" : {
        "2" : 0.000000,
        "4" : 0.000000,
        "10" : 0.000000,
        "20" : 0.000000,
        "50" : 0.000000,
        "100" : 0.000000,
        "250" : 0.000000,
        "500" : 0.000000,
        "750" : 0.000000,
        "1000" : 0.000000
      },
      "latency_us" : {
        "2" : 0.000000,
        "4" : 0.000000,
        "10" : 0.000000,
        "20" : 0.106562,
        "50" : 74.263816,
        "100" : 15.903238,
        "250" : 9.714798,
        "500" : 0.011169,
        "750" : 0.010000,
        "1000" : 0.010000
      },
      "latency_ms" : {
        "2" : 0.010000,
        "4" : 0.000000,
        "10" : 0.000000,
        "20" : 0.000000,
        "50" : 0.000000,
        "100" : 0.000000,
        "250" : 0.000000,
        "500" : 0.000000,
        "750" : 0.000000,
        "1000" : 0.000000,
        "2000" : 0.000000,
        ">=2000" : 0.000000
      },
      "latency_depth" : 4,
      "latency_target" : 0,
      "latency_percentile" : 100.000000,
      "latency_window" : 0
    }
  ],
  "disk_util" : [
    {
      "name" : "nvme0n1",
      "read_ios" : 6716364,
      "write_ios" : 0,
      "read_merges" : 0,
      "write_merges" : 0,
      "read_ticks" : 332151,
      "write_ticks" : 0,
      "in_queue" : 0,
      "util" : 99.948865
    }
  ]
}
