{
  "fio version" : "fio-3.16",
  "timestamp" : 1600542876,
  "timestamp_ms" : 1600542876867,
  "time" : "Sat Sep 19 15:14:36 2020",
  "global options" : {
    "unified_rw_reporting" : "1",
    "time_based" : "1",
    "runtime" : "90",
    "directory" : "/media/auto/work/tmp",
    "filename" : "testfile.dat",
    "filesize" : "20GiB",
    "direct" : "1",
    "ioengine" : "libaio"
  },
  "jobs" : [
    {
      "jobname" : "jobname",
      "groupid" : 0,
      "error" : 0,
      "eta" : 0,
      "elapsed" : 91,
      "job options" : {
        "name" : "jobname",
        "iodepth" : "32",
        "bs" : "8k",
        "rw" : "read"
      },
      "mixed" : {
        "io_bytes" : 184477597696,
        "io_kbytes" : 180153904,
        "bw_bytes" : 2049728310,
        "bw" : 2001687,
        "iops" : 250210.975434,
        "runtime" : 90001,
        "total_ios" : 22519238,
        "short_ios" : 0,
        "drop_ios" : 0,
        "slat_ns" : {
          "min" : 1332,
          "max" : 354836,
          "mean" : 2365.064611,
          "stddev" : 1065.379650
        },
        "clat_ns" : {
          "min" : 13145,
          "max" : 835617,
          "mean" : 125117.612498,
          "stddev" : 58788.602090,
          "percentile" : {
            "1.000000" : 67072,
            "5.000000" : 72192,
            "10.000000" : 78336,
            "20.000000" : 89600,
            "30.000000" : 91648,
            "40.000000" : 94720,
            "50.000000" : 99840,
            "60.000000" : 108032,
            "70.000000" : 116224,
            "80.000000" : 164864,
            "90.000000" : 230400,
            "95.000000" : 261120,
            "99.000000" : 301056,
            "99.500000" : 317440,
            "99.900000" : 358400,
            "99.950000" : 378880,
            "99.990000" : 423936
          }
        },
        "lat_ns" : {
          "min" : 15550,
          "max" : 837230,
          "mean" : 127564.363192,
          "stddev" : 58657.835640
        },
        "bw_min" : 1940608,
        "bw_max" : 2054528,
        "bw_agg" : 99.988089,
        "bw_mean" : 2001448.581006,
        "bw_dev" : 21912.331926,
        "bw_samples" : 179,
        "iops_min" : 242576,
        "iops_max" : 256816,
        "iops_mean" : 250181.089385,
        "iops_stddev" : 2739.070408,
        "iops_samples" : 179
      },
      "job_runtime" : 90000,
      "usr_cpu" : 18.491111,
      "sys_cpu" : 60.414444,
      "ctx" : 588225,
      "majf" : 0,
      "minf" : 77,
      "iodepth_level" : {
        "1" : 0.100000,
        "2" : 0.100000,
        "4" : 0.100000,
        "8" : 0.100000,
        "16" : 0.100000,
        "32" : 99.998623,
        ">=64" : 0.000000
      },
      "iodepth_submit" : {
        "0" : 0.000000,
        "4" : 100.000000,
        "8" : 0.000000,
        "16" : 0.000000,
        "32" : 0.000000,
        "64" : 0.000000,
        ">=64" : 0.000000
      },
      "iodepth_complete" : {
        "0" : 0.000000,
        "4" : 99.999956,
        "8" : 0.000000,
        "16" : 0.000000,
        "32" : 0.100000,
        "64" : 0.000000,
        ">=64" : 0.000000
      },
      "latency_ns" : {
        "2" : 0.000000,
        "4" : 0.000000,
        "10" : 0.000000,
        "20" : 0.000000,
        "50" : 0.000000,
        "100" : 0.000000,
        "250" : 0.000000,
        "500" : 0.000000,
        "750" : 0.000000,
        "1000" : 0.000000
      },
      "latency_us" : {
        "2" : 0.000000,
        "4" : 0.000000,
        "10" : 0.000000,
        "20" : 0.010000,
        "50" : 0.010000,
        "100" : 49.654962,
        "250" : 43.755490,
        "500" : 6.587563,
        "750" : 0.010000,
        "1000" : 0.010000
      },
      "latency_ms" : {
        "2" : 0.000000,
        "4" : 0.000000,
        "10" : 0.000000,
        "20" : 0.000000,
        "50" : 0.000000,
        "100" : 0.000000,
        "250" : 0.000000,
        "500" : 0.000000,
        "750" : 0.000000,
        "1000" : 0.000000,
        "2000" : 0.000000,
        ">=2000" : 0.000000
      },
      "latency_depth" : 32,
      "latency_target" : 0,
      "latency_percentile" : 100.000000,
      "latency_window" : 0
    }
  ],
  "disk_util" : [
    {
      "name" : "nvme0n1",
      "read_ios" : 22493476,
      "write_ios" : 0,
      "read_merges" : 0,
      "write_merges" : 0,
      "read_ticks" : 1500495,
      "write_ticks" : 0,
      "in_queue" : 0,
      "util" : 99.958873
    }
  ]
}
