{
  "fio version" : "fio-3.16",
  "timestamp" : 1600566936,
  "timestamp_ms" : 1600566936914,
  "time" : "Sat Sep 19 21:55:36 2020",
  "global options" : {
    "unified_rw_reporting" : "1",
    "time_based" : "1",
    "runtime" : "90",
    "directory" : "/media/auto/work/tmp",
    "filename" : "testfile.dat",
    "filesize" : "20GiB",
    "direct" : "1",
    "ioengine" : "libaio"
  },
  "jobs" : [
    {
      "jobname" : "jobname",
      "groupid" : 0,
      "error" : 0,
      "eta" : 0,
      "elapsed" : 91,
      "job options" : {
        "name" : "jobname",
        "iodepth" : "1",
        "bs" : "16k",
        "rw" : "read"
      },
      "mixed" : {
        "io_bytes" : 81643421696,
        "io_kbytes" : 79729904,
        "bw_bytes" : 907139050,
        "bw" : 885877,
        "iops" : 55367.373696,
        "runtime" : 90001,
        "total_ios" : 4983119,
        "short_ios" : 0,
        "drop_ios" : 0,
        "slat_ns" : {
          "min" : 2615,
          "max" : 69130,
          "mean" : 2846.258661,
          "stddev" : 318.859898
        },
        "clat_ns" : {
          "min" : 390,
          "max" : 283251,
          "mean" : 14710.924945,
          "stddev" : 5129.996307,
          "percentile" : {
            "1.000000" : 13504,
            "5.000000" : 13632,
            "10.000000" : 13760,
            "20.000000" : 13760,
            "30.000000" : 13888,
            "40.000000" : 13888,
            "50.000000" : 14016,
            "60.000000" : 14144,
            "70.000000" : 14272,
            "80.000000" : 15040,
            "90.000000" : 16192,
            "95.000000" : 16768,
            "99.000000" : 18048,
            "99.500000" : 24960,
            "99.900000" : 93696,
            "99.950000" : 107008,
            "99.990000" : 164864
          }
        },
        "lat_ns" : {
          "min" : 15168,
          "max" : 286086,
          "mean" : 17650.074964,
          "stddev" : 5153.153363
        },
        "bw_min" : 869920,
        "bw_max" : 903680,
        "bw_agg" : 99.997514,
        "bw_mean" : 885854.977654,
        "bw_dev" : 6600.520433,
        "bw_samples" : 179,
        "iops_min" : 54370,
        "iops_max" : 56480,
        "iops_mean" : 55365.944134,
        "iops_stddev" : 412.561765,
        "iops_samples" : 179
      },
      "job_runtime" : 90000,
      "usr_cpu" : 6.268889,
      "sys_cpu" : 22.778889,
      "ctx" : 4983443,
      "majf" : 0,
      "minf" : 17,
      "iodepth_level" : {
        "1" : 100.000000,
        "2" : 0.000000,
        "4" : 0.000000,
        "8" : 0.000000,
        "16" : 0.000000,
        "32" : 0.000000,
        ">=64" : 0.000000
      },
      "iodepth_submit" : {
        "0" : 0.000000,
        "4" : 100.000000,
        "8" : 0.000000,
        "16" : 0.000000,
        "32" : 0.000000,
        "64" : 0.000000,
        ">=64" : 0.000000
      },
      "iodepth_complete" : {
        "0" : 0.000000,
        "4" : 100.000000,
        "8" : 0.000000,
        "16" : 0.000000,
        "32" : 0.000000,
        "64" : 0.000000,
        ">=64" : 0.000000
      },
      "latency_ns" : {
        "2" : 0.000000,
        "4" : 0.000000,
        "10" : 0.000000,
        "20" : 0.000000,
        "50" : 0.000000,
        "100" : 0.000000,
        "250" : 0.000000,
        "500" : 0.010000,
        "750" : 0.010000,
        "1000" : 0.010000
      },
      "latency_us" : {
        "2" : 0.000000,
        "4" : 0.010000,
        "10" : 0.010000,
        "20" : 99.227953,
        "50" : 0.445805,
        "100" : 0.270112,
        "250" : 0.052437,
        "500" : 0.010000,
        "750" : 0.000000,
        "1000" : 0.000000
      },
      "latency_ms" : {
        "2" : 0.000000,
        "4" : 0.000000,
        "10" : 0.000000,
        "20" : 0.000000,
        "50" : 0.000000,
        "100" : 0.000000,
        "250" : 0.000000,
        "500" : 0.000000,
        "750" : 0.000000,
        "1000" : 0.000000,
        "2000" : 0.000000,
        ">=2000" : 0.000000
      },
      "latency_depth" : 1,
      "latency_target" : 0,
      "latency_percentile" : 100.000000,
      "latency_window" : 0
    }
  ],
  "disk_util" : [
    {
      "name" : "nvme0n1",
      "read_ios" : 4977667,
      "write_ios" : 0,
      "read_merges" : 0,
      "write_merges" : 0,
      "read_ticks" : 74317,
      "write_ticks" : 0,
      "in_queue" : 0,
      "util" : 99.937750
    }
  ]
}
