{
  "fio version" : "fio-3.16",
  "timestamp" : 1600567268,
  "timestamp_ms" : 1600567268281,
  "time" : "Sat Sep 19 22:01:08 2020",
  "global options" : {
    "unified_rw_reporting" : "1",
    "time_based" : "1",
    "runtime" : "90",
    "directory" : "/media/auto/work/tmp",
    "filename" : "testfile.dat",
    "filesize" : "20GiB",
    "direct" : "1",
    "ioengine" : "libaio"
  },
  "jobs" : [
    {
      "jobname" : "jobname",
      "groupid" : 0,
      "error" : 0,
      "eta" : 0,
      "elapsed" : 91,
      "job options" : {
        "name" : "jobname",
        "iodepth" : "2",
        "bs" : "32k",
        "rw" : "read"
      },
      "mixed" : {
        "io_bytes" : 215108943872,
        "io_kbytes" : 210067328,
        "bw_bytes" : 2390072819,
        "bw" : 2334055,
        "iops" : 72939.234009,
        "runtime" : 90001,
        "total_ios" : 6564604,
        "short_ios" : 0,
        "drop_ios" : 0,
        "slat_ns" : {
          "min" : 2144,
          "max" : 244439,
          "mean" : 3582.789874,
          "stddev" : 1045.266937
        },
        "clat_ns" : {
          "min" : 4559,
          "max" : 902232,
          "mean" : 23338.771765,
          "stddev" : 13218.065856,
          "percentile" : {
            "1.000000" : 17024,
            "5.000000" : 17536,
            "10.000000" : 18048,
            "20.000000" : 18560,
            "30.000000" : 19072,
            "40.000000" : 19328,
            "50.000000" : 20352,
            "60.000000" : 21888,
            "70.000000" : 22912,
            "80.000000" : 23424,
            "90.000000" : 26752,
            "95.000000" : 37120,
            "99.000000" : 83456,
            "99.500000" : 142336,
            "99.900000" : 162816,
            "99.950000" : 171008,
            "99.990000" : 205824
          }
        },
        "lat_ns" : {
          "min" : 18324,
          "max" : 906781,
          "mean" : 27015.655006,
          "stddev" : 13190.341375
        },
        "bw_min" : 2291200,
        "bw_max" : 2366272,
        "bw_agg" : 99.999776,
        "bw_mean" : 2334049.765363,
        "bw_dev" : 16931.308231,
        "bw_samples" : 179,
        "iops_min" : 71600,
        "iops_max" : 73948,
        "iops_mean" : 72939.067039,
        "iops_stddev" : 529.148156,
        "iops_samples" : 179
      },
      "job_runtime" : 90000,
      "usr_cpu" : 8.348889,
      "sys_cpu" : 34.795556,
      "ctx" : 6185567,
      "majf" : 0,
      "minf" : 29,
      "iodepth_level" : {
        "1" : 0.100000,
        "2" : 99.999832,
        "4" : 0.000000,
        "8" : 0.000000,
        "16" : 0.000000,
        "32" : 0.000000,
        ">=64" : 0.000000
      },
      "iodepth_submit" : {
        "0" : 0.000000,
        "4" : 100.000000,
        "8" : 0.000000,
        "16" : 0.000000,
        "32" : 0.000000,
        "64" : 0.000000,
        ">=64" : 0.000000
      },
      "iodepth_complete" : {
        "0" : 0.000000,
        "4" : 100.000000,
        "8" : 0.000000,
        "16" : 0.000000,
        "32" : 0.000000,
        "64" : 0.000000,
        ">=64" : 0.000000
      },
      "latency_ns" : {
        "2" : 0.000000,
        "4" : 0.000000,
        "10" : 0.000000,
        "20" : 0.000000,
        "50" : 0.000000,
        "100" : 0.000000,
        "250" : 0.000000,
        "500" : 0.000000,
        "750" : 0.000000,
        "1000" : 0.000000
      },
      "latency_us" : {
        "2" : 0.000000,
        "4" : 0.000000,
        "10" : 0.010000,
        "20" : 47.167202,
        "50" : 50.280459,
        "100" : 1.760259,
        "250" : 0.786430,
        "500" : 0.010000,
        "750" : 0.010000,
        "1000" : 0.010000
      },
      "latency_ms" : {
        "2" : 0.000000,
        "4" : 0.000000,
        "10" : 0.000000,
        "20" : 0.000000,
        "50" : 0.000000,
        "100" : 0.000000,
        "250" : 0.000000,
        "500" : 0.000000,
        "750" : 0.000000,
        "1000" : 0.000000,
        "2000" : 0.000000,
        ">=2000" : 0.000000
      },
      "latency_depth" : 2,
      "latency_target" : 0,
      "latency_percentile" : 100.000000,
      "latency_window" : 0
    }
  ],
  "disk_util" : [
    {
      "name" : "nvme0n1",
      "read_ios" : 6557481,
      "write_ios" : 0,
      "read_merges" : 0,
      "write_merges" : 0,
      "read_ticks" : 155902,
      "write_ticks" : 0,
      "in_queue" : 0,
      "util" : 99.937747
    }
  ]
}
