{
  "fio version" : "fio-3.16",
  "timestamp" : 1600542435,
  "timestamp_ms" : 1600542435052,
  "time" : "Sat Sep 19 15:07:15 2020",
  "global options" : {
    "unified_rw_reporting" : "1",
    "time_based" : "1",
    "runtime" : "90",
    "directory" : "/media/auto/work/tmp",
    "filename" : "testfile.dat",
    "filesize" : "20GiB",
    "direct" : "1",
    "ioengine" : "libaio"
  },
  "jobs" : [
    {
      "jobname" : "jobname",
      "groupid" : 0,
      "error" : 0,
      "eta" : 0,
      "elapsed" : 91,
      "job options" : {
        "name" : "jobname",
        "iodepth" : "32",
        "bs" : "4k",
        "rw" : "read"
      },
      "mixed" : {
        "io_bytes" : 125920444416,
        "io_kbytes" : 122969184,
        "bw_bytes" : 1399100503,
        "bw" : 1366309,
        "iops" : 341577.271364,
        "runtime" : 90001,
        "total_ios" : 30742296,
        "short_ios" : 0,
        "drop_ios" : 0,
        "slat_ns" : {
          "min" : 1282,
          "max" : 375044,
          "mean" : 1930.674685,
          "stddev" : 754.819260
        },
        "clat_ns" : {
          "min" : 7234,
          "max" : 538249,
          "mean" : 91226.040467,
          "stddev" : 9613.865050,
          "percentile" : {
            "1.000000" : 84480,
            "5.000000" : 85504,
            "10.000000" : 85504,
            "20.000000" : 86528,
            "30.000000" : 87552,
            "40.000000" : 87552,
            "50.000000" : 91648,
            "60.000000" : 92672,
            "70.000000" : 93696,
            "80.000000" : 93696,
            "90.000000" : 94720,
            "95.000000" : 99840,
            "99.000000" : 104960,
            "99.500000" : 126464,
            "99.900000" : 264192,
            "99.950000" : 284672,
            "99.990000" : 325632
          }
        },
        "lat_ns" : {
          "min" : 8757,
          "max" : 540304,
          "mean" : 93271.680173,
          "stddev" : 9665.014362
        },
        "bw_min" : 1322296,
        "bw_max" : 1384064,
        "bw_agg" : 99.992441,
        "bw_mean" : 1366205.726257,
        "bw_dev" : 7906.512054,
        "bw_samples" : 179,
        "iops_min" : 330574,
        "iops_max" : 346016,
        "iops_mean" : 341551.441341,
        "iops_stddev" : 1976.647269,
        "iops_samples" : 179
      },
      "job_runtime" : 90000,
      "usr_cpu" : 32.915556,
      "sys_cpu" : 66.667778,
      "ctx" : 17118,
      "majf" : 0,
      "minf" : 44,
      "iodepth_level" : {
        "1" : 0.100000,
        "2" : 0.100000,
        "4" : 0.100000,
        "8" : 0.100000,
        "16" : 0.100000,
        "32" : 99.999294,
        ">=64" : 0.000000
      },
      "iodepth_submit" : {
        "0" : 0.000000,
        "4" : 100.000000,
        "8" : 0.000000,
        "16" : 0.000000,
        "32" : 0.000000,
        "64" : 0.000000,
        ">=64" : 0.000000
      },
      "iodepth_complete" : {
        "0" : 0.000000,
        "4" : 99.999977,
        "8" : 0.000000,
        "16" : 0.000000,
        "32" : 0.100000,
        "64" : 0.000000,
        ">=64" : 0.000000
      },
      "latency_ns" : {
        "2" : 0.000000,
        "4" : 0.000000,
        "10" : 0.000000,
        "20" : 0.000000,
        "50" : 0.000000,
        "100" : 0.000000,
        "250" : 0.000000,
        "500" : 0.000000,
        "750" : 0.000000,
        "1000" : 0.000000
      },
      "latency_us" : {
        "2" : 0.000000,
        "4" : 0.000000,
        "10" : 0.010000,
        "20" : 0.010000,
        "50" : 0.010000,
        "100" : 94.721575,
        "250" : 5.144856,
        "500" : 0.132420,
        "750" : 0.010000,
        "1000" : 0.000000
      },
      "latency_ms" : {
        "2" : 0.000000,
        "4" : 0.000000,
        "10" : 0.000000,
        "20" : 0.000000,
        "50" : 0.000000,
        "100" : 0.000000,
        "250" : 0.000000,
        "500" : 0.000000,
        "750" : 0.000000,
        "1000" : 0.000000,
        "2000" : 0.000000,
        ">=2000" : 0.000000
      },
      "latency_depth" : 32,
      "latency_target" : 0,
      "latency_percentile" : 100.000000,
      "latency_window" : 0
    }
  ],
  "disk_util" : [
    {
      "name" : "nvme0n1",
      "read_ios" : 30707588,
      "write_ios" : 0,
      "read_merges" : 0,
      "write_merges" : 0,
      "read_ticks" : 247373,
      "write_ticks" : 0,
      "in_queue" : 0,
      "util" : 99.941088
    }
  ]
}
