{
  "fio version" : "fio-3.16",
  "timestamp" : 1600543870,
  "timestamp_ms" : 1600543870911,
  "time" : "Sat Sep 19 15:31:10 2020",
  "global options" : {
    "unified_rw_reporting" : "1",
    "time_based" : "1",
    "runtime" : "90",
    "directory" : "/media/auto/work/tmp",
    "filename" : "testfile.dat",
    "filesize" : "20GiB",
    "direct" : "1",
    "ioengine" : "libaio"
  },
  "jobs" : [
    {
      "jobname" : "jobname",
      "groupid" : 0,
      "error" : 0,
      "eta" : 0,
      "elapsed" : 91,
      "job options" : {
        "name" : "jobname",
        "iodepth" : "4",
        "bs" : "256k",
        "rw" : "read"
      },
      "mixed" : {
        "io_bytes" : 283496677376,
        "io_kbytes" : 276852224,
        "bw_bytes" : 3149928082,
        "bw" : 3076101,
        "iops" : 12016.022044,
        "runtime" : 90001,
        "total_ios" : 1081454,
        "short_ios" : 0,
        "drop_ios" : 0,
        "slat_ns" : {
          "min" : 6713,
          "max" : 2396786,
          "mean" : 12584.784915,
          "stddev" : 3547.490506
        },
        "clat_ns" : {
          "min" : 46146,
          "max" : 2668044,
          "mean" : 319710.389981,
          "stddev" : 92346.143436,
          "percentile" : {
            "1.000000" : 144384,
            "5.000000" : 191488,
            "10.000000" : 207872,
            "20.000000" : 236544,
            "30.000000" : 264192,
            "40.000000" : 288768,
            "50.000000" : 313344,
            "60.000000" : 342016,
            "70.000000" : 362496,
            "80.000000" : 391168,
            "90.000000" : 428032,
            "95.000000" : 477184,
            "99.000000" : 602112,
            "99.500000" : 634880,
            "99.900000" : 700416,
            "99.950000" : 716800,
            "99.990000" : 765952
          }
        },
        "lat_ns" : {
          "min" : 92203,
          "max" : 2679145,
          "mean" : 332403.858011,
          "stddev" : 92079.059293
        },
        "bw_min" : 3041280,
        "bw_max" : 3106304,
        "bw_agg" : 99.991296,
        "bw_mean" : 3075833.262570,
        "bw_dev" : 13362.882947,
        "bw_samples" : 179,
        "iops_min" : 11880,
        "iops_max" : 12134,
        "iops_mean" : 12014.955307,
        "iops_stddev" : 52.174063,
        "iops_samples" : 179
      },
      "job_runtime" : 90000,
      "usr_cpu" : 1.277778,
      "sys_cpu" : 17.267778,
      "ctx" : 961638,
      "majf" : 0,
      "minf" : 268,
      "iodepth_level" : {
        "1" : 0.100000,
        "2" : 0.100000,
        "4" : 99.995839,
        "8" : 0.000000,
        "16" : 0.000000,
        "32" : 0.000000,
        ">=64" : 0.000000
      },
      "iodepth_submit" : {
        "0" : 0.000000,
        "4" : 100.000000,
        "8" : 0.000000,
        "16" : 0.000000,
        "32" : 0.000000,
        "64" : 0.000000,
        ">=64" : 0.000000
      },
      "iodepth_complete" : {
        "0" : 0.000000,
        "4" : 100.000000,
        "8" : 0.000000,
        "16" : 0.000000,
        "32" : 0.000000,
        "64" : 0.000000,
        ">=64" : 0.000000
      },
      "latency_ns" : {
        "2" : 0.000000,
        "4" : 0.000000,
        "10" : 0.000000,
        "20" : 0.000000,
        "50" : 0.000000,
        "100" : 0.000000,
        "250" : 0.000000,
        "500" : 0.000000,
        "750" : 0.000000,
        "1000" : 0.000000
      },
      "latency_us" : {
        "2" : 0.000000,
        "4" : 0.000000,
        "10" : 0.000000,
        "20" : 0.000000,
        "50" : 0.010000,
        "100" : 0.134356,
        "250" : 24.396969,
        "500" : 71.781601,
        "750" : 3.671261,
        "1000" : 0.014887
      },
      "latency_ms" : {
        "2" : 0.010000,
        "4" : 0.010000,
        "10" : 0.000000,
        "20" : 0.000000,
        "50" : 0.000000,
        "100" : 0.000000,
        "250" : 0.000000,
        "500" : 0.000000,
        "750" : 0.000000,
        "1000" : 0.000000,
        "2000" : 0.000000,
        ">=2000" : 0.000000
      },
      "latency_depth" : 4,
      "latency_target" : 0,
      "latency_percentile" : 100.000000,
      "latency_window" : 0
    }
  ],
  "disk_util" : [
    {
      "name" : "nvme0n1",
      "read_ios" : 1080321,
      "write_ios" : 0,
      "read_merges" : 0,
      "write_merges" : 0,
      "read_ticks" : 348052,
      "write_ticks" : 0,
      "in_queue" : 0,
      "util" : 99.933304
    }
  ]
}
