{
  "fio version" : "fio-3.16",
  "timestamp" : 1600545306,
  "timestamp_ms" : 1600545306683,
  "time" : "Sat Sep 19 15:55:06 2020",
  "global options" : {
    "unified_rw_reporting" : "1",
    "time_based" : "1",
    "runtime" : "90",
    "directory" : "/media/auto/work/tmp",
    "filename" : "testfile.dat",
    "filesize" : "20GiB",
    "direct" : "1",
    "ioengine" : "libaio"
  },
  "jobs" : [
    {
      "jobname" : "jobname",
      "groupid" : 0,
      "error" : 0,
      "eta" : 0,
      "elapsed" : 91,
      "job options" : {
        "name" : "jobname",
        "iodepth" : "8",
        "bs" : "8k",
        "rw" : "randread"
      },
      "mixed" : {
        "io_bytes" : 50451996672,
        "io_kbytes" : 49269528,
        "bw_bytes" : 560571512,
        "bw" : 547433,
        "iops" : 68429.139676,
        "runtime" : 90001,
        "total_ios" : 6158691,
        "short_ios" : 0,
        "drop_ios" : 0,
        "slat_ns" : {
          "min" : 2144,
          "max" : 51417,
          "mean" : 2922.969381,
          "stddev" : 852.211392
        },
        "clat_ns" : {
          "min" : 15229,
          "max" : 1947904,
          "mean" : 113386.587445,
          "stddev" : 37966.709945,
          "percentile" : {
            "1.000000" : 67072,
            "5.000000" : 70144,
            "10.000000" : 75264,
            "20.000000" : 82432,
            "30.000000" : 87552,
            "40.000000" : 94720,
            "50.000000" : 102912,
            "60.000000" : 114176,
            "70.000000" : 126464,
            "80.000000" : 140288,
            "90.000000" : 162816,
            "95.000000" : 187392,
            "99.000000" : 236544,
            "99.500000" : 257024,
            "99.900000" : 305152,
            "99.950000" : 325632,
            "99.990000" : 374784
          }
        },
        "lat_ns" : {
          "min" : 17793,
          "max" : 1952071,
          "mean" : 116408.129687,
          "stddev" : 37941.136680
        },
        "bw_min" : 538240,
        "bw_max" : 550896,
        "bw_agg" : 99.989243,
        "bw_mean" : 547374.111732,
        "bw_dev" : 1676.479785,
        "bw_samples" : 179,
        "iops_min" : 67280,
        "iops_max" : 68864,
        "iops_mean" : 68421.759777,
        "iops_stddev" : 209.538560,
        "iops_samples" : 179
      },
      "job_runtime" : 90000,
      "usr_cpu" : 8.706667,
      "sys_cpu" : 26.774444,
      "ctx" : 4083200,
      "majf" : 0,
      "minf" : 26,
      "iodepth_level" : {
        "1" : 0.100000,
        "2" : 0.100000,
        "4" : 0.100000,
        "8" : 99.999886,
        "16" : 0.000000,
        "32" : 0.000000,
        ">=64" : 0.000000
      },
      "iodepth_submit" : {
        "0" : 0.000000,
        "4" : 100.000000,
        "8" : 0.000000,
        "16" : 0.000000,
        "32" : 0.000000,
        "64" : 0.000000,
        ">=64" : 0.000000
      },
      "iodepth_complete" : {
        "0" : 0.000000,
        "4" : 99.999984,
        "8" : 0.100000,
        "16" : 0.000000,
        "32" : 0.000000,
        "64" : 0.000000,
        ">=64" : 0.000000
      },
      "latency_ns" : {
        "2" : 0.000000,
        "4" : 0.000000,
        "10" : 0.000000,
        "20" : 0.000000,
        "50" : 0.000000,
        "100" : 0.000000,
        "250" : 0.000000,
        "500" : 0.000000,
        "750" : 0.000000,
        "1000" : 0.000000
      },
      "latency_us" : {
        "2" : 0.000000,
        "4" : 0.000000,
        "10" : 0.000000,
        "20" : 0.010000,
        "50" : 0.010000,
        "100" : 47.619405,
        "250" : 51.735653,
        "500" : 0.644488,
        "750" : 0.010000,
        "1000" : 0.000000
      },
      "latency_ms" : {
        "2" : 0.010000,
        "4" : 0.000000,
        "10" : 0.000000,
        "20" : 0.000000,
        "50" : 0.000000,
        "100" : 0.000000,
        "250" : 0.000000,
        "500" : 0.000000,
        "750" : 0.000000,
        "1000" : 0.000000,
        "2000" : 0.000000,
        ">=2000" : 0.000000
      },
      "latency_depth" : 8,
      "latency_target" : 0,
      "latency_percentile" : 100.000000,
      "latency_window" : 0
    }
  ],
  "disk_util" : [
    {
      "name" : "nvme0n1",
      "read_ios" : 6152084,
      "write_ios" : 0,
      "read_merges" : 0,
      "write_merges" : 0,
      "read_ticks" : 690636,
      "write_ticks" : 0,
      "in_queue" : 0,
      "util" : 99.948865
    }
  ]
}
