{
  "fio version" : "fio-3.16",
  "timestamp" : 1600542103,
  "timestamp_ms" : 1600542103614,
  "time" : "Sat Sep 19 15:01:43 2020",
  "global options" : {
    "unified_rw_reporting" : "1",
    "time_based" : "1",
    "runtime" : "90",
    "directory" : "/media/auto/work/tmp",
    "filename" : "testfile.dat",
    "filesize" : "20GiB",
    "direct" : "1",
    "ioengine" : "libaio"
  },
  "jobs" : [
    {
      "jobname" : "jobname",
      "groupid" : 0,
      "error" : 0,
      "eta" : 0,
      "elapsed" : 91,
      "job options" : {
        "name" : "jobname",
        "iodepth" : "4",
        "bs" : "4k",
        "rw" : "read"
      },
      "mixed" : {
        "io_bytes" : 106354376704,
        "io_kbytes" : 103861696,
        "bw_bytes" : 1181702166,
        "bw" : 1154006,
        "iops" : 288501.505539,
        "runtime" : 90001,
        "total_ios" : 25965424,
        "short_ios" : 0,
        "drop_ios" : 0,
        "slat_ns" : {
          "min" : 1302,
          "max" : 515607,
          "mean" : 2229.710163,
          "stddev" : 990.603016
        },
        "clat_ns" : {
          "min" : 5641,
          "max" : 3197649,
          "mean" : 10949.461799,
          "stddev" : 4942.624193,
          "percentile" : {
            "1.000000" : 7520,
            "5.000000" : 8096,
            "10.000000" : 8384,
            "20.000000" : 8512,
            "30.000000" : 9024,
            "40.000000" : 9280,
            "50.000000" : 9536,
            "60.000000" : 10176,
            "70.000000" : 11200,
            "80.000000" : 12864,
            "90.000000" : 16064,
            "95.000000" : 16192,
            "99.000000" : 19072,
            "99.500000" : 22144,
            "99.900000" : 57088,
            "99.950000" : 95744,
            "99.990000" : 160768
          }
        },
        "lat_ns" : {
          "min" : 8346,
          "max" : 3200314,
          "mean" : 13292.109966,
          "stddev" : 5236.961445
        },
        "bw_min" : 1062840,
        "bw_max" : 1276776,
        "bw_agg" : 99.996310,
        "bw_mean" : 1153963.413408,
        "bw_dev" : 30399.035279,
        "bw_samples" : 179,
        "iops_min" : 265710,
        "iops_max" : 319196,
        "iops_mean" : 288490.938547,
        "iops_stddev" : 7599.792462,
        "iops_samples" : 179
      },
      "job_runtime" : 90000,
      "usr_cpu" : 33.304444,
      "sys_cpu" : 65.002222,
      "ctx" : 295527,
      "majf" : 0,
      "minf" : 15,
      "iodepth_level" : {
        "1" : 0.100000,
        "2" : 0.100000,
        "4" : 99.999931,
        "8" : 0.000000,
        "16" : 0.000000,
        "32" : 0.000000,
        ">=64" : 0.000000
      },
      "iodepth_submit" : {
        "0" : 0.000000,
        "4" : 100.000000,
        "8" : 0.000000,
        "16" : 0.000000,
        "32" : 0.000000,
        "64" : 0.000000,
        ">=64" : 0.000000
      },
      "iodepth_complete" : {
        "0" : 0.000000,
        "4" : 100.000000,
        "8" : 0.000000,
        "16" : 0.000000,
        "32" : 0.000000,
        "64" : 0.000000,
        ">=64" : 0.000000
      },
      "latency_ns" : {
        "2" : 0.000000,
        "4" : 0.000000,
        "10" : 0.000000,
        "20" : 0.000000,
        "50" : 0.000000,
        "100" : 0.000000,
        "250" : 0.000000,
        "500" : 0.000000,
        "750" : 0.000000,
        "1000" : 0.000000
      },
      "latency_us" : {
        "2" : 0.000000,
        "4" : 0.000000,
        "10" : 53.324155,
        "20" : 45.964626,
        "50" : 0.607905,
        "100" : 0.056452,
        "250" : 0.046520,
        "500" : 0.010000,
        "750" : 0.010000,
        "1000" : 0.000000
      },
      "latency_ms" : {
        "2" : 0.010000,
        "4" : 0.010000,
        "10" : 0.000000,
        "20" : 0.000000,
        "50" : 0.000000,
        "100" : 0.000000,
        "250" : 0.000000,
        "500" : 0.000000,
        "750" : 0.000000,
        "1000" : 0.000000,
        "2000" : 0.000000,
        ">=2000" : 0.000000
      },
      "latency_depth" : 4,
      "latency_target" : 0,
      "latency_percentile" : 100.000000,
      "latency_window" : 0
    }
  ],
  "disk_util" : [
    {
      "name" : "nvme0n1",
      "read_ios" : 25950998,
      "write_ios" : 5,
      "read_merges" : 0,
      "write_merges" : 1,
      "read_ticks" : 207058,
      "write_ticks" : 10,
      "in_queue" : 8,
      "util" : 99.978891
    }
  ]
}
