{
  "fio version" : "fio-3.16",
  "timestamp" : 1600651867,
  "timestamp_ms" : 1600651867475,
  "time" : "Sun Sep 20 21:31:07 2020",
  "global options" : {
    "unified_rw_reporting" : "1",
    "time_based" : "1",
    "runtime" : "90",
    "directory" : "/media/auto/work/tmp",
    "filename" : "testfile.dat",
    "filesize" : "20GiB",
    "direct" : "1",
    "ioengine" : "libaio"
  },
  "jobs" : [
    {
      "jobname" : "jobname",
      "groupid" : 0,
      "error" : 0,
      "eta" : 0,
      "elapsed" : 91,
      "job options" : {
        "name" : "jobname",
        "iodepth" : "32",
        "bs" : "32k",
        "rw" : "randread"
      },
      "mixed" : {
        "io_bytes" : 97831288832,
        "io_kbytes" : 95538368,
        "bw_bytes" : 1087002242,
        "bw" : 1061525,
        "iops" : 33172.675859,
        "runtime" : 90001,
        "total_ios" : 2985574,
        "short_ios" : 0,
        "drop_ios" : 0,
        "slat_ns" : {
          "min" : 2344,
          "max" : 68639,
          "mean" : 3827.590134,
          "stddev" : 840.654486
        },
        "clat_ns" : {
          "min" : 100749,
          "max" : 4695578,
          "mean" : 960223.986241,
          "stddev" : 386713.373219,
          "percentile" : {
            "1.000000" : 257024,
            "5.000000" : 395264,
            "10.000000" : 489472,
            "20.000000" : 626688,
            "30.000000" : 733184,
            "40.000000" : 831488,
            "50.000000" : 921600,
            "60.000000" : 1019904,
            "70.000000" : 1138688,
            "80.000000" : 1269760,
            "90.000000" : 1482752,
            "95.000000" : 1646592,
            "99.000000" : 2023424,
            "99.500000" : 2179072,
            "99.900000" : 2506752,
            "99.950000" : 2637824,
            "99.990000" : 2965504
          }
        },
        "lat_ns" : {
          "min" : 104326,
          "max" : 4699255,
          "mean" : 964154.791545,
          "stddev" : 386702.634547
        },
        "bw_min" : 1031536,
        "bw_max" : 1125632,
        "bw_agg" : 99.991266,
        "bw_mean" : 1061432.288889,
        "bw_dev" : 10442.990920,
        "bw_samples" : 180,
        "iops_min" : 32235,
        "iops_max" : 35176,
        "iops_mean" : 33169.750000,
        "iops_stddev" : 326.352876,
        "iops_samples" : 180
      },
      "job_runtime" : 90000,
      "usr_cpu" : 4.211111,
      "sys_cpu" : 16.243333,
      "ctx" : 2360850,
      "majf" : 0,
      "minf" : 267,
      "iodepth_level" : {
        "1" : 0.100000,
        "2" : 0.100000,
        "4" : 0.100000,
        "8" : 0.100000,
        "16" : 0.100000,
        "32" : 99.998962,
        ">=64" : 0.000000
      },
      "iodepth_submit" : {
        "0" : 0.000000,
        "4" : 100.000000,
        "8" : 0.000000,
        "16" : 0.000000,
        "32" : 0.000000,
        "64" : 0.000000,
        ">=64" : 0.000000
      },
      "iodepth_complete" : {
        "0" : 0.000000,
        "4" : 99.999967,
        "8" : 0.000000,
        "16" : 0.000000,
        "32" : 0.100000,
        "64" : 0.000000,
        ">=64" : 0.000000
      },
      "latency_ns" : {
        "2" : 0.000000,
        "4" : 0.000000,
        "10" : 0.000000,
        "20" : 0.000000,
        "50" : 0.000000,
        "100" : 0.000000,
        "250" : 0.000000,
        "500" : 0.000000,
        "750" : 0.000000,
        "1000" : 0.000000
      },
      "latency_us" : {
        "2" : 0.000000,
        "4" : 0.000000,
        "10" : 0.000000,
        "20" : 0.000000,
        "50" : 0.000000,
        "100" : 0.000000,
        "250" : 0.900061,
        "500" : 9.807729,
        "750" : 21.295436,
        "1000" : 25.711639
      },
      "latency_ms" : {
        "2" : 41.211506,
        "4" : 1.073529,
        "10" : 0.010000,
        "20" : 0.000000,
        "50" : 0.000000,
        "100" : 0.000000,
        "250" : 0.000000,
        "500" : 0.000000,
        "750" : 0.000000,
        "1000" : 0.000000,
        "2000" : 0.000000,
        ">=2000" : 0.000000
      },
      "latency_depth" : 32,
      "latency_target" : 0,
      "latency_percentile" : 100.000000,
      "latency_window" : 0
    }
  ],
  "disk_util" : [
    {
      "name" : "nvme0n1",
      "read_ios" : 2982211,
      "write_ios" : 0,
      "read_merges" : 0,
      "write_merges" : 0,
      "read_ticks" : 2862536,
      "write_ticks" : 0,
      "in_queue" : 0,
      "util" : 99.937750
    }
  ]
}
