{
  "fio version" : "fio-3.16",
  "timestamp" : 1600544754,
  "timestamp_ms" : 1600544754454,
  "time" : "Sat Sep 19 15:45:54 2020",
  "global options" : {
    "unified_rw_reporting" : "1",
    "time_based" : "1",
    "runtime" : "90",
    "directory" : "/media/auto/work/tmp",
    "filename" : "testfile.dat",
    "filesize" : "20GiB",
    "direct" : "1",
    "ioengine" : "libaio"
  },
  "jobs" : [
    {
      "jobname" : "jobname",
      "groupid" : 0,
      "error" : 0,
      "eta" : 0,
      "elapsed" : 91,
      "job options" : {
        "name" : "jobname",
        "iodepth" : "4",
        "bs" : "4k",
        "rw" : "randread"
      },
      "mixed" : {
        "io_bytes" : 18046676992,
        "io_kbytes" : 17623708,
        "bw_bytes" : 200516405,
        "bw" : 195816,
        "iops" : 48954.200509,
        "runtime" : 90001,
        "total_ios" : 4405927,
        "short_ios" : 0,
        "drop_ios" : 0,
        "slat_ns" : {
          "min" : 1472,
          "max" : 242464,
          "mean" : 2481.287702,
          "stddev" : 710.348603
        },
        "clat_ns" : {
          "min" : 10310,
          "max" : 1048346,
          "mean" : 78632.892985,
          "stddev" : 17183.692372,
          "percentile" : {
            "1.000000" : 55040,
            "5.000000" : 65280,
            "10.000000" : 66048,
            "20.000000" : 67072,
            "30.000000" : 68096,
            "40.000000" : 69120,
            "50.000000" : 72192,
            "60.000000" : 80384,
            "70.000000" : 82432,
            "80.000000" : 85504,
            "90.000000" : 96768,
            "95.000000" : 117248,
            "99.000000" : 142336,
            "99.500000" : 152576,
            "99.900000" : 177152,
            "99.950000" : 189440,
            "99.990000" : 214016
          }
        },
        "lat_ns" : {
          "min" : 47910,
          "max" : 1052003,
          "mean" : 81207.606360,
          "stddev" : 17188.668515
        },
        "bw_min" : 194272,
        "bw_max" : 197456,
        "bw_agg" : 99.991381,
        "bw_mean" : 195799.122905,
        "bw_dev" : 543.087694,
        "bw_samples" : 179,
        "iops_min" : 48568,
        "iops_max" : 49364,
        "iops_mean" : 48949.793296,
        "iops_stddev" : 135.793824,
        "iops_samples" : 179
      },
      "job_runtime" : 90000,
      "usr_cpu" : 5.943333,
      "sys_cpu" : 17.815556,
      "ctx" : 3450163,
      "majf" : 0,
      "minf" : 14,
      "iodepth_level" : {
        "1" : 0.100000,
        "2" : 0.100000,
        "4" : 99.999932,
        "8" : 0.000000,
        "16" : 0.000000,
        "32" : 0.000000,
        ">=64" : 0.000000
      },
      "iodepth_submit" : {
        "0" : 0.000000,
        "4" : 100.000000,
        "8" : 0.000000,
        "16" : 0.000000,
        "32" : 0.000000,
        "64" : 0.000000,
        ">=64" : 0.000000
      },
      "iodepth_complete" : {
        "0" : 0.000000,
        "4" : 100.000000,
        "8" : 0.000000,
        "16" : 0.000000,
        "32" : 0.000000,
        "64" : 0.000000,
        ">=64" : 0.000000
      },
      "latency_ns" : {
        "2" : 0.000000,
        "4" : 0.000000,
        "10" : 0.000000,
        "20" : 0.000000,
        "50" : 0.000000,
        "100" : 0.000000,
        "250" : 0.000000,
        "500" : 0.000000,
        "750" : 0.000000,
        "1000" : 0.000000
      },
      "latency_us" : {
        "2" : 0.000000,
        "4" : 0.000000,
        "10" : 0.000000,
        "20" : 0.010000,
        "50" : 0.515397,
        "100" : 90.382932,
        "250" : 9.098971,
        "500" : 0.010000,
        "750" : 0.010000,
        "1000" : 0.010000
      },
      "latency_ms" : {
        "2" : 0.010000,
        "4" : 0.000000,
        "10" : 0.000000,
        "20" : 0.000000,
        "50" : 0.000000,
        "100" : 0.000000,
        "250" : 0.000000,
        "500" : 0.000000,
        "750" : 0.000000,
        "1000" : 0.000000,
        "2000" : 0.000000,
        ">=2000" : 0.000000
      },
      "latency_depth" : 4,
      "latency_target" : 0,
      "latency_percentile" : 100.000000,
      "latency_window" : 0
    }
  ],
  "disk_util" : [
    {
      "name" : "nvme0n1",
      "read_ios" : 4401229,
      "write_ios" : 0,
      "read_merges" : 0,
      "write_merges" : 0,
      "read_ticks" : 342494,
      "write_ticks" : 0,
      "in_queue" : 0,
      "util" : 99.943310
    }
  ]
}
