{
  "fio version" : "fio-3.16",
  "timestamp" : 1600650652,
  "timestamp_ms" : 1600650652413,
  "time" : "Sun Sep 20 21:10:52 2020",
  "global options" : {
    "unified_rw_reporting" : "1",
    "time_based" : "1",
    "runtime" : "90",
    "directory" : "/media/auto/work/tmp",
    "filename" : "testfile.dat",
    "filesize" : "20GiB",
    "direct" : "1",
    "ioengine" : "libaio"
  },
  "jobs" : [
    {
      "jobname" : "jobname",
      "groupid" : 0,
      "error" : 0,
      "eta" : 0,
      "elapsed" : 91,
      "job options" : {
        "name" : "jobname",
        "iodepth" : "1",
        "bs" : "16k",
        "rw" : "randread"
      },
      "mixed" : {
        "io_bytes" : 17206329344,
        "io_kbytes" : 16803056,
        "bw_bytes" : 191179312,
        "bw" : 186698,
        "iops" : 11668.659237,
        "runtime" : 90001,
        "total_ios" : 1050191,
        "short_ios" : 0,
        "drop_ios" : 0,
        "slat_ns" : {
          "min" : 1863,
          "max" : 120365,
          "mean" : 3602.027976,
          "stddev" : 862.144896
        },
        "clat_ns" : {
          "min" : 19206,
          "max" : 2050677,
          "mean" : 81367.422623,
          "stddev" : 8675.517995,
          "percentile" : {
            "1.000000" : 70144,
            "5.000000" : 71168,
            "10.000000" : 71168,
            "20.000000" : 72192,
            "30.000000" : 73216,
            "40.000000" : 83456,
            "50.000000" : 85504,
            "60.000000" : 85504,
            "70.000000" : 86528,
            "80.000000" : 87552,
            "90.000000" : 87552,
            "95.000000" : 88576,
            "99.000000" : 98816,
            "99.500000" : 118272,
            "99.900000" : 142336,
            "99.950000" : 150528,
            "99.990000" : 164864
          }
        },
        "lat_ns" : {
          "min" : 69971,
          "max" : 2070043,
          "mean" : 85081.950234,
          "stddev" : 8816.523494
        },
        "bw_min" : 183840,
        "bw_max" : 191744,
        "bw_agg" : 99.990879,
        "bw_mean" : 186680.972067,
        "bw_dev" : 745.556134,
        "bw_samples" : 179,
        "iops_min" : 11490,
        "iops_max" : 11984,
        "iops_mean" : 11667.519553,
        "iops_stddev" : 46.615489,
        "iops_samples" : 179
      },
      "job_runtime" : 90000,
      "usr_cpu" : 1.882222,
      "sys_cpu" : 5.993333,
      "ctx" : 1050354,
      "majf" : 0,
      "minf" : 16,
      "iodepth_level" : {
        "1" : 100.000000,
        "2" : 0.000000,
        "4" : 0.000000,
        "8" : 0.000000,
        "16" : 0.000000,
        "32" : 0.000000,
        ">=64" : 0.000000
      },
      "iodepth_submit" : {
        "0" : 0.000000,
        "4" : 100.000000,
        "8" : 0.000000,
        "16" : 0.000000,
        "32" : 0.000000,
        "64" : 0.000000,
        ">=64" : 0.000000
      },
      "iodepth_complete" : {
        "0" : 0.000000,
        "4" : 100.000000,
        "8" : 0.000000,
        "16" : 0.000000,
        "32" : 0.000000,
        "64" : 0.000000,
        ">=64" : 0.000000
      },
      "latency_ns" : {
        "2" : 0.000000,
        "4" : 0.000000,
        "10" : 0.000000,
        "20" : 0.000000,
        "50" : 0.000000,
        "100" : 0.000000,
        "250" : 0.000000,
        "500" : 0.000000,
        "750" : 0.000000,
        "1000" : 0.000000
      },
      "latency_us" : {
        "2" : 0.000000,
        "4" : 0.000000,
        "10" : 0.000000,
        "20" : 0.010000,
        "50" : 0.010000,
        "100" : 99.030557,
        "250" : 0.967062,
        "500" : 0.010000,
        "750" : 0.010000,
        "1000" : 0.010000
      },
      "latency_ms" : {
        "2" : 0.000000,
        "4" : 0.010000,
        "10" : 0.000000,
        "20" : 0.000000,
        "50" : 0.000000,
        "100" : 0.000000,
        "250" : 0.000000,
        "500" : 0.000000,
        "750" : 0.000000,
        "1000" : 0.000000,
        "2000" : 0.000000,
        ">=2000" : 0.000000
      },
      "latency_depth" : 1,
      "latency_target" : 0,
      "latency_percentile" : 100.000000,
      "latency_window" : 0
    }
  ],
  "disk_util" : [
    {
      "name" : "nvme0n1",
      "read_ios" : 1049024,
      "write_ios" : 0,
      "read_merges" : 0,
      "write_merges" : 0,
      "read_ticks" : 85459,
      "write_ticks" : 0,
      "in_queue" : 0,
      "util" : 99.934417
    }
  ]
}
