{
  "fio version" : "fio-3.16",
  "timestamp" : 1600542214,
  "timestamp_ms" : 1600542214113,
  "time" : "Sat Sep 19 15:03:34 2020",
  "global options" : {
    "unified_rw_reporting" : "1",
    "time_based" : "1",
    "runtime" : "90",
    "directory" : "/media/auto/work/tmp",
    "filename" : "testfile.dat",
    "filesize" : "20GiB",
    "direct" : "1",
    "ioengine" : "libaio"
  },
  "jobs" : [
    {
      "jobname" : "jobname",
      "groupid" : 0,
      "error" : 0,
      "eta" : 0,
      "elapsed" : 91,
      "job options" : {
        "name" : "jobname",
        "iodepth" : "8",
        "bs" : "4k",
        "rw" : "read"
      },
      "mixed" : {
        "io_bytes" : 126141214720,
        "io_kbytes" : 123184780,
        "bw_bytes" : 1401553479,
        "bw" : 1368704,
        "iops" : 342176.142487,
        "runtime" : 90001,
        "total_ios" : 30796195,
        "short_ios" : 0,
        "drop_ios" : 0,
        "slat_ns" : {
          "min" : 1292,
          "max" : 356960,
          "mean" : 1923.225048,
          "stddev" : 730.763187
        },
        "clat_ns" : {
          "min" : 6082,
          "max" : 446368,
          "mean" : 20935.314047,
          "stddev" : 4794.544566,
          "percentile" : {
            "1.000000" : 18560,
            "5.000000" : 19072,
            "10.000000" : 19328,
            "20.000000" : 19584,
            "30.000000" : 19840,
            "40.000000" : 20352,
            "50.000000" : 20608,
            "60.000000" : 20864,
            "70.000000" : 21120,
            "80.000000" : 21888,
            "90.000000" : 22144,
            "95.000000" : 23168,
            "99.000000" : 29312,
            "99.500000" : 31360,
            "99.900000" : 78336,
            "99.950000" : 152576,
            "99.990000" : 195584
          }
        },
        "lat_ns" : {
          "min" : 8516,
          "max" : 447800,
          "mean" : 22967.601622,
          "stddev" : 4833.412839
        },
        "bw_min" : 1327728,
        "bw_max" : 1385904,
        "bw_agg" : 99.994573,
        "bw_mean" : 1368629.715084,
        "bw_dev" : 8873.761737,
        "bw_samples" : 179,
        "iops_min" : 331932,
        "iops_max" : 346476,
        "iops_mean" : 342157.463687,
        "iops_stddev" : 2218.487766,
        "iops_samples" : 179
      },
      "job_runtime" : 90000,
      "usr_cpu" : 32.567778,
      "sys_cpu" : 66.806667,
      "ctx" : 18335,
      "majf" : 0,
      "minf" : 20,
      "iodepth_level" : {
        "1" : 0.100000,
        "2" : 0.100000,
        "4" : 0.100000,
        "8" : 99.999841,
        "16" : 0.000000,
        "32" : 0.000000,
        ">=64" : 0.000000
      },
      "iodepth_submit" : {
        "0" : 0.000000,
        "4" : 100.000000,
        "8" : 0.000000,
        "16" : 0.000000,
        "32" : 0.000000,
        "64" : 0.000000,
        ">=64" : 0.000000
      },
      "iodepth_complete" : {
        "0" : 0.000000,
        "4" : 99.999977,
        "8" : 0.100000,
        "16" : 0.000000,
        "32" : 0.000000,
        "64" : 0.000000,
        ">=64" : 0.000000
      },
      "latency_ns" : {
        "2" : 0.000000,
        "4" : 0.000000,
        "10" : 0.000000,
        "20" : 0.000000,
        "50" : 0.000000,
        "100" : 0.000000,
        "250" : 0.000000,
        "500" : 0.000000,
        "750" : 0.000000,
        "1000" : 0.000000
      },
      "latency_us" : {
        "2" : 0.000000,
        "4" : 0.000000,
        "10" : 0.010000,
        "20" : 35.090627,
        "50" : 64.795131,
        "100" : 0.030341,
        "250" : 0.079016,
        "500" : 0.010000,
        "750" : 0.000000,
        "1000" : 0.000000
      },
      "latency_ms" : {
        "2" : 0.000000,
        "4" : 0.000000,
        "10" : 0.000000,
        "20" : 0.000000,
        "50" : 0.000000,
        "100" : 0.000000,
        "250" : 0.000000,
        "500" : 0.000000,
        "750" : 0.000000,
        "1000" : 0.000000,
        "2000" : 0.000000,
        ">=2000" : 0.000000
      },
      "latency_depth" : 8,
      "latency_target" : 0,
      "latency_percentile" : 100.000000,
      "latency_window" : 0
    }
  ],
  "disk_util" : [
    {
      "name" : "nvme0n1",
      "read_ios" : 30761374,
      "write_ios" : 0,
      "read_merges" : 0,
      "write_merges" : 0,
      "read_ticks" : 238574,
      "write_ticks" : 0,
      "in_queue" : 0,
      "util" : 99.953314
    }
  ]
}
