{
  "fio version" : "fio-3.16",
  "timestamp" : 1600567599,
  "timestamp_ms" : 1600567599664,
  "time" : "Sat Sep 19 22:06:39 2020",
  "global options" : {
    "unified_rw_reporting" : "1",
    "time_based" : "1",
    "runtime" : "90",
    "directory" : "/media/auto/work/tmp",
    "filename" : "testfile.dat",
    "filesize" : "20GiB",
    "direct" : "1",
    "ioengine" : "libaio"
  },
  "jobs" : [
    {
      "jobname" : "jobname",
      "groupid" : 0,
      "error" : 0,
      "eta" : 0,
      "elapsed" : 91,
      "job options" : {
        "name" : "jobname",
        "iodepth" : "1",
        "bs" : "512k",
        "rw" : "read"
      },
      "mixed" : {
        "io_bytes" : 227591323648,
        "io_kbytes" : 222257152,
        "bw_bytes" : 2528764387,
        "bw" : 2469496,
        "iops" : 4823.235297,
        "runtime" : 90001,
        "total_ios" : 434096,
        "short_ios" : 0,
        "drop_ios" : 0,
        "slat_ns" : {
          "min" : 13435,
          "max" : 254798,
          "mean" : 25847.059335,
          "stddev" : 1549.416439
        },
        "clat_ns" : {
          "min" : 1082,
          "max" : 1985364,
          "mean" : 180828.883341,
          "stddev" : 41600.646181,
          "percentile" : {
            "1.000000" : 158720,
            "5.000000" : 158720,
            "10.000000" : 160768,
            "20.000000" : 160768,
            "30.000000" : 162816,
            "40.000000" : 164864,
            "50.000000" : 164864,
            "60.000000" : 166912,
            "70.000000" : 175104,
            "80.000000" : 187392,
            "90.000000" : 218112,
            "95.000000" : 259072,
            "99.000000" : 391168,
            "99.500000" : 436224,
            "99.900000" : 509952,
            "99.950000" : 528384,
            "99.990000" : 544768
          }
        },
        "lat_ns" : {
          "min" : 168226,
          "max" : 2011043,
          "mean" : 206797.683146,
          "stddev" : 41635.549825
        },
        "bw_min" : 2403328,
        "bw_max" : 2516992,
        "bw_agg" : 100.000000,
        "bw_mean" : 2469501.575419,
        "bw_dev" : 25759.717392,
        "bw_samples" : 179,
        "iops_min" : 4694,
        "iops_max" : 4916,
        "iops_mean" : 4823.229050,
        "iops_stddev" : 50.311033,
        "iops_samples" : 179
      },
      "job_runtime" : 90000,
      "usr_cpu" : 0.636667,
      "sys_cpu" : 13.573333,
      "ctx" : 434392,
      "majf" : 0,
      "minf" : 140,
      "iodepth_level" : {
        "1" : 100.000000,
        "2" : 0.000000,
        "4" : 0.000000,
        "8" : 0.000000,
        "16" : 0.000000,
        "32" : 0.000000,
        ">=64" : 0.000000
      },
      "iodepth_submit" : {
        "0" : 0.000000,
        "4" : 100.000000,
        "8" : 0.000000,
        "16" : 0.000000,
        "32" : 0.000000,
        "64" : 0.000000,
        ">=64" : 0.000000
      },
      "iodepth_complete" : {
        "0" : 0.000000,
        "4" : 100.000000,
        "8" : 0.000000,
        "16" : 0.000000,
        "32" : 0.000000,
        "64" : 0.000000,
        ">=64" : 0.000000
      },
      "latency_ns" : {
        "2" : 0.000000,
        "4" : 0.000000,
        "10" : 0.000000,
        "20" : 0.000000,
        "50" : 0.000000,
        "100" : 0.000000,
        "250" : 0.000000,
        "500" : 0.000000,
        "750" : 0.000000,
        "1000" : 0.000000
      },
      "latency_us" : {
        "2" : 0.010000,
        "4" : 0.000000,
        "10" : 0.000000,
        "20" : 0.000000,
        "50" : 0.000000,
        "100" : 0.000000,
        "250" : 94.129870,
        "500" : 5.738823,
        "750" : 0.130847,
        "1000" : 0.000000
      },
      "latency_ms" : {
        "2" : 0.010000,
        "4" : 0.000000,
        "10" : 0.000000,
        "20" : 0.000000,
        "50" : 0.000000,
        "100" : 0.000000,
        "250" : 0.000000,
        "500" : 0.000000,
        "750" : 0.000000,
        "1000" : 0.000000,
        "2000" : 0.000000,
        ">=2000" : 0.000000
      },
      "latency_depth" : 1,
      "latency_target" : 0,
      "latency_percentile" : 100.000000,
      "latency_window" : 0
    }
  ],
  "disk_util" : [
    {
      "name" : "nvme0n1",
      "read_ios" : 867248,
      "write_ios" : 0,
      "read_merges" : 0,
      "write_merges" : 0,
      "read_ticks" : 162651,
      "write_ticks" : 0,
      "in_queue" : 0,
      "util" : 99.937750
    }
  ]
}
