{
  "fio version" : "fio-3.16",
  "timestamp" : 1600651094,
  "timestamp_ms" : 1600651094264,
  "time" : "Sun Sep 20 21:18:14 2020",
  "global options" : {
    "unified_rw_reporting" : "1",
    "time_based" : "1",
    "runtime" : "90",
    "directory" : "/media/auto/work/tmp",
    "filename" : "testfile.dat",
    "filesize" : "20GiB",
    "direct" : "1",
    "ioengine" : "libaio"
  },
  "jobs" : [
    {
      "jobname" : "jobname",
      "groupid" : 0,
      "error" : 0,
      "eta" : 0,
      "elapsed" : 91,
      "job options" : {
        "name" : "jobname",
        "iodepth" : "16",
        "bs" : "16k",
        "rw" : "randread"
      },
      "mixed" : {
        "io_bytes" : 87614619648,
        "io_kbytes" : 85561152,
        "bw_bytes" : 973484957,
        "bw" : 950668,
        "iops" : 59416.806480,
        "runtime" : 90001,
        "total_ios" : 5347572,
        "short_ios" : 0,
        "drop_ios" : 0,
        "slat_ns" : {
          "min" : 1753,
          "max" : 63148,
          "mean" : 3201.885355,
          "stddev" : 881.189713
        },
        "clat_ns" : {
          "min" : 63599,
          "max" : 1082100,
          "mean" : 265485.699872,
          "stddev" : 108659.036011,
          "percentile" : {
            "1.000000" : 90624,
            "5.000000" : 117248,
            "10.000000" : 138240,
            "20.000000" : 168960,
            "30.000000" : 195584,
            "40.000000" : 222208,
            "50.000000" : 250880,
            "60.000000" : 280576,
            "70.000000" : 313344,
            "80.000000" : 354304,
            "90.000000" : 415744,
            "95.000000" : 468992,
            "99.000000" : 569344,
            "99.500000" : 610304,
            "99.900000" : 692224,
            "99.950000" : 716800,
            "99.990000" : 782336
          }
        },
        "lat_ns" : {
          "min" : 69551,
          "max" : 1085026,
          "mean" : 268788.057128,
          "stddev" : 108634.492429
        },
        "bw_min" : 938944,
        "bw_max" : 963136,
        "bw_agg" : 99.995362,
        "bw_mean" : 950623.910615,
        "bw_dev" : 4000.634169,
        "bw_samples" : 179,
        "iops_min" : 58686,
        "iops_max" : 60196,
        "iops_mean" : 59413.988827,
        "iops_stddev" : 250.023235,
        "iops_samples" : 179
      },
      "job_runtime" : 90000,
      "usr_cpu" : 7.543333,
      "sys_cpu" : 24.713333,
      "ctx" : 3659668,
      "majf" : 0,
      "minf" : 74,
      "iodepth_level" : {
        "1" : 0.100000,
        "2" : 0.100000,
        "4" : 0.100000,
        "8" : 0.100000,
        "16" : 99.999719,
        "32" : 0.000000,
        ">=64" : 0.000000
      },
      "iodepth_submit" : {
        "0" : 0.000000,
        "4" : 100.000000,
        "8" : 0.000000,
        "16" : 0.000000,
        "32" : 0.000000,
        "64" : 0.000000,
        ">=64" : 0.000000
      },
      "iodepth_complete" : {
        "0" : 0.000000,
        "4" : 99.999981,
        "8" : 0.000000,
        "16" : 0.100000,
        "32" : 0.000000,
        "64" : 0.000000,
        ">=64" : 0.000000
      },
      "latency_ns" : {
        "2" : 0.000000,
        "4" : 0.000000,
        "10" : 0.000000,
        "20" : 0.000000,
        "50" : 0.000000,
        "100" : 0.000000,
        "250" : 0.000000,
        "500" : 0.000000,
        "750" : 0.000000,
        "1000" : 0.000000
      },
      "latency_us" : {
        "2" : 0.000000,
        "4" : 0.000000,
        "10" : 0.000000,
        "20" : 0.000000,
        "50" : 0.000000,
        "100" : 2.253883,
        "250" : 47.672233,
        "500" : 46.927783,
        "750" : 3.121996,
        "1000" : 0.024067
      },
      "latency_ms" : {
        "2" : 0.010000,
        "4" : 0.000000,
        "10" : 0.000000,
        "20" : 0.000000,
        "50" : 0.000000,
        "100" : 0.000000,
        "250" : 0.000000,
        "500" : 0.000000,
        "750" : 0.000000,
        "1000" : 0.000000,
        "2000" : 0.000000,
        ">=2000" : 0.000000
      },
      "latency_depth" : 16,
      "latency_target" : 0,
      "latency_percentile" : 100.000000,
      "latency_window" : 0
    }
  ],
  "disk_util" : [
    {
      "name" : "nvme0n1",
      "read_ios" : 5341541,
      "write_ios" : 0,
      "read_merges" : 0,
      "write_merges" : 0,
      "read_ticks" : 1413250,
      "write_ticks" : 0,
      "in_queue" : 0,
      "util" : 99.936636
    }
  ]
}
