{
  "fio version" : "fio-3.16",
  "timestamp" : 1600545527,
  "timestamp_ms" : 1600545527580,
  "time" : "Sat Sep 19 15:58:47 2020",
  "global options" : {
    "unified_rw_reporting" : "1",
    "time_based" : "1",
    "runtime" : "90",
    "directory" : "/media/auto/work/tmp",
    "filename" : "testfile.dat",
    "filesize" : "20GiB",
    "direct" : "1",
    "ioengine" : "libaio"
  },
  "jobs" : [
    {
      "jobname" : "jobname",
      "groupid" : 0,
      "error" : 0,
      "eta" : 0,
      "elapsed" : 91,
      "job options" : {
        "name" : "jobname",
        "iodepth" : "32",
        "bs" : "8k",
        "rw" : "randread"
      },
      "mixed" : {
        "io_bytes" : 90051035136,
        "io_kbytes" : 87940464,
        "bw_bytes" : 1000555939,
        "bw" : 977105,
        "iops" : 122138.176242,
        "runtime" : 90001,
        "total_ios" : 10992558,
        "short_ios" : 0,
        "drop_ios" : 0,
        "slat_ns" : {
          "min" : 1402,
          "max" : 296416,
          "mean" : 3077.694155,
          "stddev" : 1350.503201
        },
        "clat_ns" : {
          "min" : 19566,
          "max" : 1545940,
          "mean" : 258294.176898,
          "stddev" : 138590.633286,
          "percentile" : {
            "1.000000" : 78336,
            "5.000000" : 94720,
            "10.000000" : 111104,
            "20.000000" : 140288,
            "30.000000" : 166912,
            "40.000000" : 195584,
            "50.000000" : 226304,
            "60.000000" : 261120,
            "70.000000" : 305152,
            "80.000000" : 362496,
            "90.000000" : 448512,
            "95.000000" : 528384,
            "99.000000" : 692224,
            "99.500000" : 757760,
            "99.900000" : 897024,
            "99.950000" : 946176,
            "99.990000" : 1073152
          }
        },
        "lat_ns" : {
          "min" : 66245,
          "max" : 1551240,
          "mean" : 261475.671257,
          "stddev" : 138572.642131
        },
        "bw_min" : 969008,
        "bw_max" : 983344,
        "bw_agg" : 99.997516,
        "bw_mean" : 977080.733333,
        "bw_dev" : 2748.759937,
        "bw_samples" : 180,
        "iops_min" : 121126,
        "iops_max" : 122918,
        "iops_mean" : 122135.100000,
        "iops_stddev" : 343.588459,
        "iops_samples" : 180
      },
      "job_runtime" : 90000,
      "usr_cpu" : 15.167778,
      "sys_cpu" : 45.541111,
      "ctx" : 4175541,
      "majf" : 0,
      "minf" : 75,
      "iodepth_level" : {
        "1" : 0.100000,
        "2" : 0.100000,
        "4" : 0.100000,
        "8" : 0.100000,
        "16" : 0.100000,
        "32" : 99.999718,
        ">=64" : 0.000000
      },
      "iodepth_submit" : {
        "0" : 0.000000,
        "4" : 100.000000,
        "8" : 0.000000,
        "16" : 0.000000,
        "32" : 0.000000,
        "64" : 0.000000,
        ">=64" : 0.000000
      },
      "iodepth_complete" : {
        "0" : 0.000000,
        "4" : 99.999991,
        "8" : 0.000000,
        "16" : 0.000000,
        "32" : 0.100000,
        "64" : 0.000000,
        ">=64" : 0.000000
      },
      "latency_ns" : {
        "2" : 0.000000,
        "4" : 0.000000,
        "10" : 0.000000,
        "20" : 0.000000,
        "50" : 0.000000,
        "100" : 0.000000,
        "250" : 0.000000,
        "500" : 0.000000,
        "750" : 0.000000,
        "1000" : 0.000000
      },
      "latency_us" : {
        "2" : 0.000000,
        "4" : 0.000000,
        "10" : 0.000000,
        "20" : 0.010000,
        "50" : 0.010000,
        "100" : 6.732982,
        "250" : 50.063588,
        "500" : 36.671328,
        "750" : 5.981783,
        "1000" : 0.524400
      },
      "latency_ms" : {
        "2" : 0.025890,
        "4" : 0.000000,
        "10" : 0.000000,
        "20" : 0.000000,
        "50" : 0.000000,
        "100" : 0.000000,
        "250" : 0.000000,
        "500" : 0.000000,
        "750" : 0.000000,
        "1000" : 0.000000,
        "2000" : 0.000000,
        ">=2000" : 0.000000
      },
      "latency_depth" : 32,
      "latency_target" : 0,
      "latency_percentile" : 100.000000,
      "latency_window" : 0
    }
  ],
  "disk_util" : [
    {
      "name" : "nvme0n1",
      "read_ios" : 10980705,
      "write_ios" : 0,
      "read_merges" : 0,
      "write_merges" : 0,
      "read_ticks" : 2797416,
      "write_ticks" : 0,
      "in_queue" : 0,
      "util" : 99.958869
    }
  ]
}
