{
  "fio version" : "fio-3.16",
  "timestamp" : 1600650873,
  "timestamp_ms" : 1600650873335,
  "time" : "Sun Sep 20 21:14:33 2020",
  "global options" : {
    "unified_rw_reporting" : "1",
    "time_based" : "1",
    "runtime" : "90",
    "directory" : "/media/auto/work/tmp",
    "filename" : "testfile.dat",
    "filesize" : "20GiB",
    "direct" : "1",
    "ioengine" : "libaio"
  },
  "jobs" : [
    {
      "jobname" : "jobname",
      "groupid" : 0,
      "error" : 0,
      "eta" : 0,
      "elapsed" : 91,
      "job options" : {
        "name" : "jobname",
        "iodepth" : "4",
        "bs" : "16k",
        "rw" : "randread"
      },
      "mixed" : {
        "io_bytes" : 49036804096,
        "io_kbytes" : 47887504,
        "bw_bytes" : 544847324,
        "bw" : 532077,
        "iops" : 33254.841613,
        "runtime" : 90001,
        "total_ios" : 2992969,
        "short_ios" : 0,
        "drop_ios" : 0,
        "slat_ns" : {
          "min" : 1913,
          "max" : 222146,
          "mean" : 3032.283201,
          "stddev" : 619.851963
        },
        "clat_ns" : {
          "min" : 26360,
          "max" : 377769,
          "mean" : 116678.484589,
          "stddev" : 31592.704077,
          "percentile" : {
            "1.000000" : 70144,
            "5.000000" : 76288,
            "10.000000" : 82432,
            "20.000000" : 89600,
            "30.000000" : 94720,
            "40.000000" : 101888,
            "50.000000" : 110080,
            "60.000000" : 120320,
            "70.000000" : 129536,
            "80.000000" : 142336,
            "90.000000" : 158720,
            "95.000000" : 173056,
            "99.000000" : 211968,
            "99.500000" : 228352,
            "99.900000" : 268288,
            "99.950000" : 288768,
            "99.990000" : 317440
          }
        },
        "lat_ns" : {
          "min" : 46898,
          "max" : 380564,
          "mean" : 119800.453540,
          "stddev" : 31563.834598
        },
        "bw_min" : 514144,
        "bw_max" : 541632,
        "bw_agg" : 99.996781,
        "bw_mean" : 532059.871508,
        "bw_dev" : 2549.131145,
        "bw_samples" : 179,
        "iops_min" : 32134,
        "iops_max" : 33852,
        "iops_mean" : 33253.754190,
        "iops_stddev" : 159.323803,
        "iops_samples" : 179
      },
      "job_runtime" : 90000,
      "usr_cpu" : 4.104444,
      "sys_cpu" : 13.876667,
      "ctx" : 2616014,
      "majf" : 0,
      "minf" : 27,
      "iodepth_level" : {
        "1" : 0.100000,
        "2" : 0.100000,
        "4" : 99.999900,
        "8" : 0.000000,
        "16" : 0.000000,
        "32" : 0.000000,
        ">=64" : 0.000000
      },
      "iodepth_submit" : {
        "0" : 0.000000,
        "4" : 100.000000,
        "8" : 0.000000,
        "16" : 0.000000,
        "32" : 0.000000,
        "64" : 0.000000,
        ">=64" : 0.000000
      },
      "iodepth_complete" : {
        "0" : 0.000000,
        "4" : 100.000000,
        "8" : 0.000000,
        "16" : 0.000000,
        "32" : 0.000000,
        "64" : 0.000000,
        ">=64" : 0.000000
      },
      "latency_ns" : {
        "2" : 0.000000,
        "4" : 0.000000,
        "10" : 0.000000,
        "20" : 0.000000,
        "50" : 0.000000,
        "100" : 0.000000,
        "250" : 0.000000,
        "500" : 0.000000,
        "750" : 0.000000,
        "1000" : 0.000000
      },
      "latency_us" : {
        "2" : 0.000000,
        "4" : 0.000000,
        "10" : 0.000000,
        "20" : 0.000000,
        "50" : 0.010000,
        "100" : 37.637209,
        "250" : 62.160517,
        "500" : 0.202107,
        "750" : 0.000000,
        "1000" : 0.000000
      },
      "latency_ms" : {
        "2" : 0.000000,
        "4" : 0.000000,
        "10" : 0.000000,
        "20" : 0.000000,
        "50" : 0.000000,
        "100" : 0.000000,
        "250" : 0.000000,
        "500" : 0.000000,
        "750" : 0.000000,
        "1000" : 0.000000,
        "2000" : 0.000000,
        ">=2000" : 0.000000
      },
      "latency_depth" : 4,
      "latency_target" : 0,
      "latency_percentile" : 100.000000,
      "latency_window" : 0
    }
  ],
  "disk_util" : [
    {
      "name" : "nvme0n1",
      "read_ios" : 2989639,
      "write_ios" : 0,
      "read_merges" : 0,
      "write_merges" : 0,
      "read_ticks" : 348280,
      "write_ticks" : 0,
      "in_queue" : 0,
      "util" : 99.938861
    }
  ]
}
