{
  "fio version" : "fio-3.16",
  "timestamp" : 1600568704,
  "timestamp_ms" : 1600568704584,
  "time" : "Sat Sep 19 22:25:04 2020",
  "global options" : {
    "unified_rw_reporting" : "1",
    "time_based" : "1",
    "runtime" : "90",
    "directory" : "/media/auto/work/tmp",
    "filename" : "testfile.dat",
    "filesize" : "20GiB",
    "direct" : "1",
    "ioengine" : "libaio"
  },
  "jobs" : [
    {
      "jobname" : "jobname",
      "groupid" : 0,
      "error" : 0,
      "eta" : 0,
      "elapsed" : 91,
      "job options" : {
        "name" : "jobname",
        "iodepth" : "1",
        "bs" : "256k",
        "rw" : "randread"
      },
      "mixed" : {
        "io_bytes" : 65478590464,
        "io_kbytes" : 63943936,
        "bw_bytes" : 727531810,
        "bw" : 710480,
        "iops" : 2775.313608,
        "runtime" : 90001,
        "total_ios" : 249781,
        "short_ios" : 0,
        "drop_ios" : 0,
        "slat_ns" : {
          "min" : 7253,
          "max" : 138169,
          "mean" : 14156.266726,
          "stddev" : 1665.429374
        },
        "clat_ns" : {
          "min" : 85410,
          "max" : 1917667,
          "mean" : 345377.142829,
          "stddev" : 66832.981702,
          "percentile" : {
            "1.000000" : 183296,
            "5.000000" : 284672,
            "10.000000" : 284672,
            "20.000000" : 288768,
            "30.000000" : 321536,
            "40.000000" : 342016,
            "50.000000" : 346112,
            "60.000000" : 346112,
            "70.000000" : 350208,
            "80.000000" : 350208,
            "90.000000" : 415744,
            "95.000000" : 501760,
            "99.000000" : 593920,
            "99.500000" : 593920,
            "99.900000" : 634880,
            "99.950000" : 675840,
            "99.990000" : 700416
          }
        },
        "lat_ns" : {
          "min" : 99196,
          "max" : 1938917,
          "mean" : 359657.501103,
          "stddev" : 66915.398230
        },
        "bw_min" : 574976,
        "bw_max" : 928768,
        "bw_agg" : 99.994121,
        "bw_mean" : 710438.233333,
        "bw_dev" : 30716.143767,
        "bw_samples" : 180,
        "iops_min" : 2246,
        "iops_max" : 3628,
        "iops_mean" : 2775.133333,
        "iops_stddev" : 119.987914,
        "iops_samples" : 180
      },
      "job_runtime" : 90000,
      "usr_cpu" : 0.435556,
      "sys_cpu" : 4.456667,
      "ctx" : 249924,
      "majf" : 0,
      "minf" : 74,
      "iodepth_level" : {
        "1" : 100.000000,
        "2" : 0.000000,
        "4" : 0.000000,
        "8" : 0.000000,
        "16" : 0.000000,
        "32" : 0.000000,
        ">=64" : 0.000000
      },
      "iodepth_submit" : {
        "0" : 0.000000,
        "4" : 100.000000,
        "8" : 0.000000,
        "16" : 0.000000,
        "32" : 0.000000,
        "64" : 0.000000,
        ">=64" : 0.000000
      },
      "iodepth_complete" : {
        "0" : 0.000000,
        "4" : 100.000000,
        "8" : 0.000000,
        "16" : 0.000000,
        "32" : 0.000000,
        "64" : 0.000000,
        ">=64" : 0.000000
      },
      "latency_ns" : {
        "2" : 0.000000,
        "4" : 0.000000,
        "10" : 0.000000,
        "20" : 0.000000,
        "50" : 0.000000,
        "100" : 0.000000,
        "250" : 0.000000,
        "500" : 0.000000,
        "750" : 0.000000,
        "1000" : 0.000000
      },
      "latency_us" : {
        "2" : 0.000000,
        "4" : 0.000000,
        "10" : 0.000000,
        "20" : 0.000000,
        "50" : 0.000000,
        "100" : 0.010000,
        "250" : 1.179033,
        "500" : 93.802171,
        "750" : 5.016795,
        "1000" : 0.010000
      },
      "latency_ms" : {
        "2" : 0.010000,
        "4" : 0.000000,
        "10" : 0.000000,
        "20" : 0.000000,
        "50" : 0.000000,
        "100" : 0.000000,
        "250" : 0.000000,
        "500" : 0.000000,
        "750" : 0.000000,
        "1000" : 0.000000,
        "2000" : 0.000000,
        ">=2000" : 0.000000
      },
      "latency_depth" : 1,
      "latency_target" : 0,
      "latency_percentile" : 100.000000,
      "latency_window" : 0
    }
  ],
  "disk_util" : [
    {
      "name" : "nvme0n1",
      "read_ios" : 249502,
      "write_ios" : 0,
      "read_merges" : 0,
      "write_merges" : 0,
      "read_ticks" : 87282,
      "write_ticks" : 0,
      "in_queue" : 0,
      "util" : 99.937750
    }
  ]
}
