{
  "fio version" : "fio-3.16",
  "timestamp" : 1600543760,
  "timestamp_ms" : 1600543760471,
  "time" : "Sat Sep 19 15:29:20 2020",
  "global options" : {
    "unified_rw_reporting" : "1",
    "time_based" : "1",
    "runtime" : "90",
    "directory" : "/media/auto/work/tmp",
    "filename" : "testfile.dat",
    "filesize" : "20GiB",
    "direct" : "1",
    "ioengine" : "libaio"
  },
  "jobs" : [
    {
      "jobname" : "jobname",
      "groupid" : 0,
      "error" : 0,
      "eta" : 0,
      "elapsed" : 91,
      "job options" : {
        "name" : "jobname",
        "iodepth" : "32",
        "bs" : "32k",
        "rw" : "read"
      },
      "mixed" : {
        "io_bytes" : 310016475136,
        "io_kbytes" : 302750464,
        "bw_bytes" : 3444589228,
        "bw" : 3363856,
        "iops" : 105120.520883,
        "runtime" : 90001,
        "total_ios" : 9460952,
        "short_ios" : 0,
        "drop_ios" : 0,
        "slat_ns" : {
          "min" : 2044,
          "max" : 481473,
          "mean" : 3841.350586,
          "stddev" : 1618.308947
        },
        "clat_ns" : {
          "min" : 101230,
          "max" : 1761084,
          "mean" : 300063.333116,
          "stddev" : 61559.779315,
          "percentile" : {
            "1.000000" : 166912,
            "5.000000" : 236544,
            "10.000000" : 264192,
            "20.000000" : 276480,
            "30.000000" : 280576,
            "40.000000" : 284672,
            "50.000000" : 288768,
            "60.000000" : 292864,
            "70.000000" : 296960,
            "80.000000" : 305152,
            "90.000000" : 350208,
            "95.000000" : 423936,
            "99.000000" : 569344,
            "99.500000" : 618496,
            "99.900000" : 692224,
            "99.950000" : 724992,
            "99.990000" : 774144
          }
        },
        "lat_ns" : {
          "min" : 105257,
          "max" : 1764069,
          "mean" : 304014.770919,
          "stddev" : 61453.298862
        },
        "bw_min" : 3328702,
        "bw_max" : 3391488,
        "bw_agg" : 99.995856,
        "bw_mean" : 3363716.592179,
        "bw_dev" : 12404.435446,
        "bw_samples" : 179,
        "iops_min" : 104021,
        "iops_max" : 105984,
        "iops_mean" : 105116.156425,
        "iops_stddev" : 387.669438,
        "iops_samples" : 179
      },
      "job_runtime" : 90000,
      "usr_cpu" : 11.346667,
      "sys_cpu" : 48.084444,
      "ctx" : 4750165,
      "majf" : 0,
      "minf" : 268,
      "iodepth_level" : {
        "1" : 0.100000,
        "2" : 0.100000,
        "4" : 0.100000,
        "8" : 0.100000,
        "16" : 0.100000,
        "32" : 99.994757,
        ">=64" : 0.000000
      },
      "iodepth_submit" : {
        "0" : 0.000000,
        "4" : 100.000000,
        "8" : 0.000000,
        "16" : 0.000000,
        "32" : 0.000000,
        "64" : 0.000000,
        ">=64" : 0.000000
      },
      "iodepth_complete" : {
        "0" : 0.000000,
        "4" : 99.999831,
        "8" : 0.000000,
        "16" : 0.000000,
        "32" : 0.100000,
        "64" : 0.000000,
        ">=64" : 0.000000
      },
      "latency_ns" : {
        "2" : 0.000000,
        "4" : 0.000000,
        "10" : 0.000000,
        "20" : 0.000000,
        "50" : 0.000000,
        "100" : 0.000000,
        "250" : 0.000000,
        "500" : 0.000000,
        "750" : 0.000000,
        "1000" : 0.000000
      },
      "latency_us" : {
        "2" : 0.000000,
        "4" : 0.000000,
        "10" : 0.000000,
        "20" : 0.000000,
        "50" : 0.000000,
        "100" : 0.000000,
        "250" : 6.187295,
        "500" : 91.598224,
        "750" : 2.191851,
        "1000" : 0.022292
      },
      "latency_ms" : {
        "2" : 0.010000,
        "4" : 0.000000,
        "10" : 0.000000,
        "20" : 0.000000,
        "50" : 0.000000,
        "100" : 0.000000,
        "250" : 0.000000,
        "500" : 0.000000,
        "750" : 0.000000,
        "1000" : 0.000000,
        "2000" : 0.000000,
        ">=2000" : 0.000000
      },
      "latency_depth" : 32,
      "latency_target" : 0,
      "latency_percentile" : 100.000000,
      "latency_window" : 0
    }
  ],
  "disk_util" : [
    {
      "name" : "nvme0n1",
      "read_ios" : 9450388,
      "write_ios" : 0,
      "read_merges" : 0,
      "write_merges" : 0,
      "read_ticks" : 2815319,
      "write_ticks" : 0,
      "in_queue" : 0,
      "util" : 99.946643
    }
  ]
}
