{
  "fio version" : "fio-3.16",
  "timestamp" : 1600543097,
  "timestamp_ms" : 1600543097796,
  "time" : "Sat Sep 19 15:18:17 2020",
  "global options" : {
    "unified_rw_reporting" : "1",
    "time_based" : "1",
    "runtime" : "90",
    "directory" : "/media/auto/work/tmp",
    "filename" : "testfile.dat",
    "filesize" : "20GiB",
    "direct" : "1",
    "ioengine" : "libaio"
  },
  "jobs" : [
    {
      "jobname" : "jobname",
      "groupid" : 0,
      "error" : 0,
      "eta" : 0,
      "elapsed" : 91,
      "job options" : {
        "name" : "jobname",
        "iodepth" : "8",
        "bs" : "16k",
        "rw" : "read"
      },
      "mixed" : {
        "io_bytes" : 209156096000,
        "io_kbytes" : 204254000,
        "bw_bytes" : 2323930800,
        "bw" : 2269463,
        "iops" : 141841.479539,
        "runtime" : 90001,
        "total_ios" : 12765875,
        "short_ios" : 0,
        "drop_ios" : 0,
        "slat_ns" : {
          "min" : 1673,
          "max" : 408867,
          "mean" : 3629.082769,
          "stddev" : 1380.239310
        },
        "clat_ns" : {
          "min" : 9458,
          "max" : 718347,
          "mean" : 52242.219049,
          "stddev" : 38217.386156,
          "percentile" : {
            "1.000000" : 26240,
            "5.000000" : 30592,
            "10.000000" : 32128,
            "20.000000" : 32640,
            "30.000000" : 33024,
            "40.000000" : 33536,
            "50.000000" : 34560,
            "60.000000" : 38144,
            "70.000000" : 45824,
            "80.000000" : 57600,
            "90.000000" : 103936,
            "95.000000" : 156672,
            "99.000000" : 189440,
            "99.500000" : 197632,
            "99.900000" : 222208,
            "99.950000" : 238592,
            "99.990000" : 309248
          }
        },
        "lat_ns" : {
          "min" : 13165,
          "max" : 722164,
          "mean" : 55984.022801,
          "stddev" : 38055.013253
        },
        "bw_min" : 2240512,
        "bw_max" : 2291456,
        "bw_agg" : 100.000000,
        "bw_mean" : 2269483.162011,
        "bw_dev" : 8066.091514,
        "bw_samples" : 179,
        "iops_min" : 140032,
        "iops_max" : 143216,
        "iops_mean" : 141842.720670,
        "iops_stddev" : 504.091685,
        "iops_samples" : 179
      },
      "job_runtime" : 90000,
      "usr_cpu" : 14.440000,
      "sys_cpu" : 54.198889,
      "ctx" : 1829562,
      "majf" : 0,
      "minf" : 44,
      "iodepth_level" : {
        "1" : 0.100000,
        "2" : 0.100000,
        "4" : 0.100000,
        "8" : 99.999397,
        "16" : 0.000000,
        "32" : 0.000000,
        ">=64" : 0.000000
      },
      "iodepth_submit" : {
        "0" : 0.000000,
        "4" : 100.000000,
        "8" : 0.000000,
        "16" : 0.000000,
        "32" : 0.000000,
        "64" : 0.000000,
        ">=64" : 0.000000
      },
      "iodepth_complete" : {
        "0" : 0.000000,
        "4" : 99.999914,
        "8" : 0.100000,
        "16" : 0.000000,
        "32" : 0.000000,
        "64" : 0.000000,
        ">=64" : 0.000000
      },
      "latency_ns" : {
        "2" : 0.000000,
        "4" : 0.000000,
        "10" : 0.000000,
        "20" : 0.000000,
        "50" : 0.000000,
        "100" : 0.000000,
        "250" : 0.000000,
        "500" : 0.000000,
        "750" : 0.000000,
        "1000" : 0.000000
      },
      "latency_us" : {
        "2" : 0.000000,
        "4" : 0.000000,
        "10" : 0.010000,
        "20" : 0.096633,
        "50" : 76.311518,
        "100" : 13.088605,
        "250" : 10.468472,
        "500" : 0.034577,
        "750" : 0.010000,
        "1000" : 0.000000
      },
      "latency_ms" : {
        "2" : 0.000000,
        "4" : 0.000000,
        "10" : 0.000000,
        "20" : 0.000000,
        "50" : 0.000000,
        "100" : 0.000000,
        "250" : 0.000000,
        "500" : 0.000000,
        "750" : 0.000000,
        "1000" : 0.000000,
        "2000" : 0.000000,
        ">=2000" : 0.000000
      },
      "latency_depth" : 8,
      "latency_target" : 0,
      "latency_percentile" : 100.000000,
      "latency_window" : 0
    }
  ],
  "disk_util" : [
    {
      "name" : "nvme0n1",
      "read_ios" : 12751822,
      "write_ios" : 0,
      "read_merges" : 0,
      "write_merges" : 0,
      "read_ticks" : 556010,
      "write_ticks" : 0,
      "in_queue" : 0,
      "util" : 100.000000
    }
  ]
}
