{
  "fio version" : "fio-3.16",
  "timestamp" : 1600651204,
  "timestamp_ms" : 1600651204731,
  "time" : "Sun Sep 20 21:20:04 2020",
  "global options" : {
    "unified_rw_reporting" : "1",
    "time_based" : "1",
    "runtime" : "90",
    "directory" : "/media/auto/work/tmp",
    "filename" : "testfile.dat",
    "filesize" : "20GiB",
    "direct" : "1",
    "ioengine" : "libaio"
  },
  "jobs" : [
    {
      "jobname" : "jobname",
      "groupid" : 0,
      "error" : 0,
      "eta" : 0,
      "elapsed" : 91,
      "job options" : {
        "name" : "jobname",
        "iodepth" : "32",
        "bs" : "16k",
        "rw" : "randread"
      },
      "mixed" : {
        "io_bytes" : 97592754176,
        "io_kbytes" : 95305424,
        "bw_bytes" : 1084351886,
        "bw" : 1058937,
        "iops" : 66183.586849,
        "runtime" : 90001,
        "total_ios" : 5956589,
        "short_ios" : 0,
        "drop_ios" : 0,
        "slat_ns" : {
          "min" : 2534,
          "max" : 289062,
          "mean" : 3314.817855,
          "stddev" : 1006.292326
        },
        "clat_ns" : {
          "min" : 47399,
          "max" : 2036500,
          "mean" : 479571.824826,
          "stddev" : 208928.570852,
          "percentile" : {
            "1.000000" : 123392,
            "5.000000" : 181248,
            "10.000000" : 226304,
            "20.000000" : 292864,
            "30.000000" : 350208,
            "40.000000" : 403456,
            "50.000000" : 456704,
            "60.000000" : 514048,
            "70.000000" : 577536,
            "80.000000" : 651264,
            "90.000000" : 765952,
            "95.000000" : 864256,
            "99.000000" : 1044480,
            "99.500000" : 1105920,
            "99.900000" : 1236992,
            "99.950000" : 1302528,
            "99.990000" : 1417216
          }
        },
        "lat_ns" : {
          "min" : 72666,
          "max" : 2039556,
          "mean" : 482991.422831,
          "stddev" : 208912.730693
        },
        "bw_min" : 1042976,
        "bw_max" : 1068384,
        "bw_agg" : 99.997287,
        "bw_mean" : 1058908.272222,
        "bw_dev" : 4006.470041,
        "bw_samples" : 180,
        "iops_min" : 65186,
        "iops_max" : 66774,
        "iops_mean" : 66181.755556,
        "iops_stddev" : 250.413103,
        "iops_samples" : 180
      },
      "job_runtime" : 90000,
      "usr_cpu" : 8.393333,
      "sys_cpu" : 28.317778,
      "ctx" : 3806303,
      "majf" : 0,
      "minf" : 140,
      "iodepth_level" : {
        "1" : 0.100000,
        "2" : 0.100000,
        "4" : 0.100000,
        "8" : 0.100000,
        "16" : 0.100000,
        "32" : 99.999480,
        ">=64" : 0.000000
      },
      "iodepth_submit" : {
        "0" : 0.000000,
        "4" : 100.000000,
        "8" : 0.000000,
        "16" : 0.000000,
        "32" : 0.000000,
        "64" : 0.000000,
        ">=64" : 0.000000
      },
      "iodepth_complete" : {
        "0" : 0.000000,
        "4" : 99.999983,
        "8" : 0.000000,
        "16" : 0.000000,
        "32" : 0.100000,
        "64" : 0.000000,
        ">=64" : 0.000000
      },
      "latency_ns" : {
        "2" : 0.000000,
        "4" : 0.000000,
        "10" : 0.000000,
        "20" : 0.000000,
        "50" : 0.000000,
        "100" : 0.000000,
        "250" : 0.000000,
        "500" : 0.000000,
        "750" : 0.000000,
        "1000" : 0.000000
      },
      "latency_us" : {
        "2" : 0.000000,
        "4" : 0.000000,
        "10" : 0.000000,
        "20" : 0.000000,
        "50" : 0.010000,
        "100" : 0.310245,
        "250" : 13.027775,
        "500" : 44.528169,
        "750" : 31.110389,
        "1000" : 9.491506
      },
      "latency_ms" : {
        "2" : 1.531883,
        "4" : 0.010000,
        "10" : 0.000000,
        "20" : 0.000000,
        "50" : 0.000000,
        "100" : 0.000000,
        "250" : 0.000000,
        "500" : 0.000000,
        "750" : 0.000000,
        "1000" : 0.000000,
        "2000" : 0.000000,
        ">=2000" : 0.000000
      },
      "latency_depth" : 32,
      "latency_target" : 0,
      "latency_percentile" : 100.000000,
      "latency_window" : 0
    }
  ],
  "disk_util" : [
    {
      "name" : "nvme0n1",
      "read_ios" : 5949952,
      "write_ios" : 0,
      "read_merges" : 0,
      "write_merges" : 0,
      "read_ticks" : 2846420,
      "write_ticks" : 0,
      "in_queue" : 0,
      "util" : 99.935525
    }
  ]
}
