{
  "fio version" : "fio-3.16",
  "timestamp" : 1600567157,
  "timestamp_ms" : 1600567157820,
  "time" : "Sat Sep 19 21:59:17 2020",
  "global options" : {
    "unified_rw_reporting" : "1",
    "time_based" : "1",
    "runtime" : "90",
    "directory" : "/media/auto/work/tmp",
    "filename" : "testfile.dat",
    "filesize" : "20GiB",
    "direct" : "1",
    "ioengine" : "libaio"
  },
  "jobs" : [
    {
      "jobname" : "jobname",
      "groupid" : 0,
      "error" : 0,
      "eta" : 0,
      "elapsed" : 91,
      "job options" : {
        "name" : "jobname",
        "iodepth" : "1",
        "bs" : "32k",
        "rw" : "read"
      },
      "mixed" : {
        "io_bytes" : 126584553472,
        "io_kbytes" : 123617728,
        "bw_bytes" : 1406479411,
        "bw" : 1373515,
        "iops" : 42922.345307,
        "runtime" : 90001,
        "total_ios" : 3863054,
        "short_ios" : 0,
        "drop_ios" : 0,
        "slat_ns" : {
          "min" : 3155,
          "max" : 229040,
          "mean" : 3417.451405,
          "stddev" : 431.670059
        },
        "clat_ns" : {
          "min" : 420,
          "max" : 2223040,
          "mean" : 19387.894315,
          "stddev" : 7584.702706,
          "percentile" : {
            "1.000000" : 18048,
            "5.000000" : 18048,
            "10.000000" : 18048,
            "20.000000" : 18304,
            "30.000000" : 18304,
            "40.000000" : 18304,
            "50.000000" : 18560,
            "60.000000" : 18560,
            "70.000000" : 18816,
            "80.000000" : 19072,
            "90.000000" : 19840,
            "95.000000" : 21120,
            "99.000000" : 27008,
            "99.500000" : 87552,
            "99.900000" : 122368,
            "99.950000" : 168960,
            "99.990000" : 177152
          }
        },
        "lat_ns" : {
          "min" : 20318,
          "max" : 2230013,
          "mean" : 22894.597749,
          "stddev" : 7617.015234
        },
        "bw_min" : 1337740,
        "bw_max" : 1399104,
        "bw_agg" : 100.000000,
        "bw_mean" : 1373540.067039,
        "bw_dev" : 12185.907825,
        "bw_samples" : 179,
        "iops_min" : 41804,
        "iops_max" : 43722,
        "iops_mean" : 42923.122905,
        "iops_stddev" : 380.815604,
        "iops_samples" : 179
      },
      "job_runtime" : 90000,
      "usr_cpu" : 5.127778,
      "sys_cpu" : 19.786667,
      "ctx" : 3863422,
      "majf" : 0,
      "minf" : 20,
      "iodepth_level" : {
        "1" : 100.000000,
        "2" : 0.000000,
        "4" : 0.000000,
        "8" : 0.000000,
        "16" : 0.000000,
        "32" : 0.000000,
        ">=64" : 0.000000
      },
      "iodepth_submit" : {
        "0" : 0.000000,
        "4" : 100.000000,
        "8" : 0.000000,
        "16" : 0.000000,
        "32" : 0.000000,
        "64" : 0.000000,
        ">=64" : 0.000000
      },
      "iodepth_complete" : {
        "0" : 0.000000,
        "4" : 100.000000,
        "8" : 0.000000,
        "16" : 0.000000,
        "32" : 0.000000,
        "64" : 0.000000,
        ">=64" : 0.000000
      },
      "latency_ns" : {
        "2" : 0.000000,
        "4" : 0.000000,
        "10" : 0.000000,
        "20" : 0.000000,
        "50" : 0.000000,
        "100" : 0.000000,
        "250" : 0.000000,
        "500" : 0.010000,
        "750" : 0.010000,
        "1000" : 0.010000
      },
      "latency_us" : {
        "2" : 0.010000,
        "4" : 0.010000,
        "10" : 0.010000,
        "20" : 90.303345,
        "50" : 9.043855,
        "100" : 0.302326,
        "250" : 0.348015,
        "500" : 0.010000,
        "750" : 0.010000,
        "1000" : 0.000000
      },
      "latency_ms" : {
        "2" : 0.000000,
        "4" : 0.010000,
        "10" : 0.000000,
        "20" : 0.000000,
        "50" : 0.000000,
        "100" : 0.000000,
        "250" : 0.000000,
        "500" : 0.000000,
        "750" : 0.000000,
        "1000" : 0.000000,
        "2000" : 0.000000,
        ">=2000" : 0.000000
      },
      "latency_depth" : 1,
      "latency_target" : 0,
      "latency_percentile" : 100.000000,
      "latency_window" : 0
    }
  ],
  "disk_util" : [
    {
      "name" : "nvme0n1",
      "read_ios" : 3858895,
      "write_ios" : 0,
      "read_merges" : 0,
      "write_merges" : 0,
      "read_ticks" : 76495,
      "write_ticks" : 0,
      "in_queue" : 0,
      "util" : 99.935528
    }
  ]
}
