{
  "fio version" : "fio-3.16",
  "timestamp" : 1600546521,
  "timestamp_ms" : 1600546521507,
  "time" : "Sat Sep 19 16:15:21 2020",
  "global options" : {
    "unified_rw_reporting" : "1",
    "time_based" : "1",
    "runtime" : "90",
    "directory" : "/media/auto/work/tmp",
    "filename" : "testfile.dat",
    "filesize" : "20GiB",
    "direct" : "1",
    "ioengine" : "libaio"
  },
  "jobs" : [
    {
      "jobname" : "jobname",
      "groupid" : 0,
      "error" : 0,
      "eta" : 0,
      "elapsed" : 91,
      "job options" : {
        "name" : "jobname",
        "iodepth" : "4",
        "bs" : "256k",
        "rw" : "randread"
      },
      "mixed" : {
        "io_bytes" : 106413424640,
        "io_kbytes" : 103919360,
        "bw_bytes" : 1182358247,
        "bw" : 1154646,
        "iops" : 4510.338774,
        "runtime" : 90001,
        "total_ios" : 405935,
        "short_ios" : 0,
        "drop_ios" : 0,
        "slat_ns" : {
          "min" : 7364,
          "max" : 226003,
          "mean" : 14227.064338,
          "stddev" : 1773.034728
        },
        "clat_ns" : {
          "min" : 171802,
          "max" : 1661387,
          "mean" : 871842.212741,
          "stddev" : 161933.469344,
          "percentile" : {
            "1.000000" : 358400,
            "5.000000" : 626688,
            "10.000000" : 684032,
            "20.000000" : 757760,
            "30.000000" : 798720,
            "40.000000" : 831488,
            "50.000000" : 872448,
            "60.000000" : 905216,
            "70.000000" : 946176,
            "80.000000" : 1003520,
            "90.000000" : 1073152,
            "95.000000" : 1138688,
            "99.000000" : 1253376,
            "99.500000" : 1302528,
            "99.900000" : 1400832,
            "99.950000" : 1433600,
            "99.990000" : 1499136
          }
        },
        "lat_ns" : {
          "min" : 185638,
          "max" : 1675202,
          "mean" : 886189.562738,
          "stddev" : 161863.895379
        },
        "bw_min" : 1134371,
        "bw_max" : 1472000,
        "bw_agg" : 99.992129,
        "bw_mean" : 1154555.122222,
        "bw_dev" : 42050.303750,
        "bw_samples" : 180,
        "iops_min" : 4431,
        "iops_max" : 5750,
        "iops_mean" : 4509.977778,
        "iops_stddev" : 164.257121,
        "iops_samples" : 180
      },
      "job_runtime" : 90000,
      "usr_cpu" : 0.693333,
      "sys_cpu" : 7.255556,
      "ctx" : 392616,
      "majf" : 0,
      "minf" : 265,
      "iodepth_level" : {
        "1" : 0.100000,
        "2" : 0.100000,
        "4" : 99.999261,
        "8" : 0.000000,
        "16" : 0.000000,
        "32" : 0.000000,
        ">=64" : 0.000000
      },
      "iodepth_submit" : {
        "0" : 0.000000,
        "4" : 100.000000,
        "8" : 0.000000,
        "16" : 0.000000,
        "32" : 0.000000,
        "64" : 0.000000,
        ">=64" : 0.000000
      },
      "iodepth_complete" : {
        "0" : 0.000000,
        "4" : 100.000000,
        "8" : 0.000000,
        "16" : 0.000000,
        "32" : 0.000000,
        "64" : 0.000000,
        ">=64" : 0.000000
      },
      "latency_ns" : {
        "2" : 0.000000,
        "4" : 0.000000,
        "10" : 0.000000,
        "20" : 0.000000,
        "50" : 0.000000,
        "100" : 0.000000,
        "250" : 0.000000,
        "500" : 0.000000,
        "750" : 0.000000,
        "1000" : 0.000000
      },
      "latency_us" : {
        "2" : 0.000000,
        "4" : 0.000000,
        "10" : 0.000000,
        "20" : 0.000000,
        "50" : 0.000000,
        "100" : 0.000000,
        "250" : 0.208900,
        "500" : 1.594590,
        "750" : 17.123924,
        "1000" : 61.092539
      },
      "latency_ms" : {
        "2" : 19.980046,
        "4" : 0.000000,
        "10" : 0.000000,
        "20" : 0.000000,
        "50" : 0.000000,
        "100" : 0.000000,
        "250" : 0.000000,
        "500" : 0.000000,
        "750" : 0.000000,
        "1000" : 0.000000,
        "2000" : 0.000000,
        ">=2000" : 0.000000
      },
      "latency_depth" : 4,
      "latency_target" : 0,
      "latency_percentile" : 100.000000,
      "latency_window" : 0
    }
  ],
  "disk_util" : [
    {
      "name" : "nvme0n1",
      "read_ios" : 405547,
      "write_ios" : 0,
      "read_merges" : 0,
      "write_merges" : 0,
      "read_ticks" : 355097,
      "write_ticks" : 0,
      "in_queue" : 0,
      "util" : 99.932193
    }
  ]
}
