{
  "fio version" : "fio-3.16",
  "timestamp" : 1600542655,
  "timestamp_ms" : 1600542655966,
  "time" : "Sat Sep 19 15:10:55 2020",
  "global options" : {
    "unified_rw_reporting" : "1",
    "time_based" : "1",
    "runtime" : "90",
    "directory" : "/media/auto/work/tmp",
    "filename" : "testfile.dat",
    "filesize" : "20GiB",
    "direct" : "1",
    "ioengine" : "libaio"
  },
  "jobs" : [
    {
      "jobname" : "jobname",
      "groupid" : 0,
      "error" : 0,
      "eta" : 0,
      "elapsed" : 91,
      "job options" : {
        "name" : "jobname",
        "iodepth" : "8",
        "bs" : "8k",
        "rw" : "read"
      },
      "mixed" : {
        "io_bytes" : 176183828480,
        "io_kbytes" : 172054520,
        "bw_bytes" : 1957576343,
        "bw" : 1911695,
        "iops" : 238961.955978,
        "runtime" : 90001,
        "total_ios" : 21506815,
        "short_ios" : 0,
        "drop_ios" : 0,
        "slat_ns" : {
          "min" : 1342,
          "max" : 453841,
          "mean" : 2438.080251,
          "stddev" : 1083.305283
        },
        "clat_ns" : {
          "min" : 5069,
          "max" : 567525,
          "mean" : 30605.846896,
          "stddev" : 24536.671559,
          "percentile" : {
            "1.000000" : 16320,
            "5.000000" : 17536,
            "10.000000" : 19072,
            "20.000000" : 20096,
            "30.000000" : 20352,
            "40.000000" : 21120,
            "50.000000" : 21376,
            "60.000000" : 23424,
            "70.000000" : 28032,
            "80.000000" : 32128,
            "90.000000" : 43264,
            "95.000000" : 82432,
            "99.000000" : 150528,
            "99.500000" : 168960,
            "99.900000" : 195584,
            "99.950000" : 201728,
            "99.990000" : 261120
          }
        },
        "lat_ns" : {
          "min" : 9698,
          "max" : 570420,
          "mean" : 33128.647316,
          "stddev" : 24483.453406
        },
        "bw_min" : 1864960,
        "bw_max" : 1956432,
        "bw_agg" : 100.000000,
        "bw_mean" : 1911868.826816,
        "bw_dev" : 19617.293260,
        "bw_samples" : 179,
        "iops_min" : 233120,
        "iops_max" : 244554,
        "iops_mean" : 238983.581006,
        "iops_stddev" : 2452.127317,
        "iops_samples" : 179
      },
      "job_runtime" : 90000,
      "usr_cpu" : 19.516667,
      "sys_cpu" : 58.717778,
      "ctx" : 741866,
      "majf" : 0,
      "minf" : 28,
      "iodepth_level" : {
        "1" : 0.100000,
        "2" : 0.100000,
        "4" : 0.100000,
        "8" : 99.999707,
        "16" : 0.000000,
        "32" : 0.000000,
        ">=64" : 0.000000
      },
      "iodepth_submit" : {
        "0" : 0.000000,
        "4" : 100.000000,
        "8" : 0.000000,
        "16" : 0.000000,
        "32" : 0.000000,
        "64" : 0.000000,
        ">=64" : 0.000000
      },
      "iodepth_complete" : {
        "0" : 0.000000,
        "4" : 99.999958,
        "8" : 0.100000,
        "16" : 0.000000,
        "32" : 0.000000,
        "64" : 0.000000,
        ">=64" : 0.000000
      },
      "latency_ns" : {
        "2" : 0.000000,
        "4" : 0.000000,
        "10" : 0.000000,
        "20" : 0.000000,
        "50" : 0.000000,
        "100" : 0.000000,
        "250" : 0.000000,
        "500" : 0.000000,
        "750" : 0.000000,
        "1000" : 0.000000
      },
      "latency_us" : {
        "2" : 0.000000,
        "4" : 0.000000,
        "10" : 0.010000,
        "20" : 20.177548,
        "50" : 71.112938,
        "100" : 5.389441,
        "250" : 3.300507,
        "500" : 0.012605,
        "750" : 0.010000,
        "1000" : 0.000000
      },
      "latency_ms" : {
        "2" : 0.000000,
        "4" : 0.000000,
        "10" : 0.000000,
        "20" : 0.000000,
        "50" : 0.000000,
        "100" : 0.000000,
        "250" : 0.000000,
        "500" : 0.000000,
        "750" : 0.000000,
        "1000" : 0.000000,
        "2000" : 0.000000,
        ">=2000" : 0.000000
      },
      "latency_depth" : 8,
      "latency_target" : 0,
      "latency_percentile" : 100.000000,
      "latency_window" : 0
    }
  ],
  "disk_util" : [
    {
      "name" : "nvme0n1",
      "read_ios" : 21482905,
      "write_ios" : 0,
      "read_merges" : 0,
      "write_merges" : 0,
      "read_ticks" : 463881,
      "write_ticks" : 0,
      "in_queue" : 0,
      "util" : 99.954429
    }
  ]
}
