{
  "fio version" : "fio-3.16",
  "timestamp" : 1600542987,
  "timestamp_ms" : 1600542987328,
  "time" : "Sat Sep 19 15:16:27 2020",
  "global options" : {
    "unified_rw_reporting" : "1",
    "time_based" : "1",
    "runtime" : "90",
    "directory" : "/media/auto/work/tmp",
    "filename" : "testfile.dat",
    "filesize" : "20GiB",
    "direct" : "1",
    "ioengine" : "libaio"
  },
  "jobs" : [
    {
      "jobname" : "jobname",
      "groupid" : 0,
      "error" : 0,
      "eta" : 0,
      "elapsed" : 91,
      "job options" : {
        "name" : "jobname",
        "iodepth" : "4",
        "bs" : "16k",
        "rw" : "read"
      },
      "mixed" : {
        "io_bytes" : 202725490688,
        "io_kbytes" : 197974112,
        "bw_bytes" : 2252480424,
        "bw" : 2199687,
        "iops" : 137480.494661,
        "runtime" : 90001,
        "total_ios" : 12373382,
        "short_ios" : 0,
        "drop_ios" : 0,
        "slat_ns" : {
          "min" : 1673,
          "max" : 424686,
          "mean" : 3505.766228,
          "stddev" : 1513.628334
        },
        "clat_ns" : {
          "min" : 4910,
          "max" : 2626527,
          "mean" : 25070.944316,
          "stddev" : 21706.013675,
          "percentile" : {
            "1.000000" : 13888,
            "5.000000" : 14144,
            "10.000000" : 14144,
            "20.000000" : 14784,
            "30.000000" : 16192,
            "40.000000" : 17280,
            "50.000000" : 18560,
            "60.000000" : 19840,
            "70.000000" : 20608,
            "80.000000" : 23424,
            "90.000000" : 43264,
            "95.000000" : 68096,
            "99.000000" : 134144,
            "99.500000" : 154624,
            "99.900000" : 177152,
            "99.950000" : 189440,
            "99.990000" : 222208
          }
        },
        "lat_ns" : {
          "min" : 12263,
          "max" : 2630194,
          "mean" : 28686.612852,
          "stddev" : 21577.149537
        },
        "bw_min" : 2178720,
        "bw_max" : 2220096,
        "bw_agg" : 99.996398,
        "bw_mean" : 2199607.759777,
        "bw_dev" : 7521.962385,
        "bw_samples" : 179,
        "iops_min" : 136170,
        "iops_max" : 138756,
        "iops_mean" : 137475.469274,
        "iops_stddev" : 470.113114,
        "iops_samples" : 179
      },
      "job_runtime" : 90000,
      "usr_cpu" : 14.241111,
      "sys_cpu" : 52.592222,
      "ctx" : 3672354,
      "majf" : 0,
      "minf" : 29,
      "iodepth_level" : {
        "1" : 0.100000,
        "2" : 0.100000,
        "4" : 99.999733,
        "8" : 0.000000,
        "16" : 0.000000,
        "32" : 0.000000,
        ">=64" : 0.000000
      },
      "iodepth_submit" : {
        "0" : 0.000000,
        "4" : 100.000000,
        "8" : 0.000000,
        "16" : 0.000000,
        "32" : 0.000000,
        "64" : 0.000000,
        ">=64" : 0.000000
      },
      "iodepth_complete" : {
        "0" : 0.000000,
        "4" : 100.000000,
        "8" : 0.000000,
        "16" : 0.000000,
        "32" : 0.000000,
        "64" : 0.000000,
        ">=64" : 0.000000
      },
      "latency_ns" : {
        "2" : 0.000000,
        "4" : 0.000000,
        "10" : 0.000000,
        "20" : 0.000000,
        "50" : 0.000000,
        "100" : 0.000000,
        "250" : 0.000000,
        "500" : 0.000000,
        "750" : 0.000000,
        "1000" : 0.000000
      },
      "latency_us" : {
        "2" : 0.000000,
        "4" : 0.000000,
        "10" : 0.010000,
        "20" : 61.268431,
        "50" : 30.562873,
        "100" : 6.112411,
        "250" : 2.048429,
        "500" : 0.010000,
        "750" : 0.000000,
        "1000" : 0.000000
      },
      "latency_ms" : {
        "2" : 0.000000,
        "4" : 0.010000,
        "10" : 0.000000,
        "20" : 0.000000,
        "50" : 0.000000,
        "100" : 0.000000,
        "250" : 0.000000,
        "500" : 0.000000,
        "750" : 0.000000,
        "1000" : 0.000000,
        "2000" : 0.000000,
        ">=2000" : 0.000000
      },
      "latency_depth" : 4,
      "latency_target" : 0,
      "latency_percentile" : 100.000000,
      "latency_window" : 0
    }
  ],
  "disk_util" : [
    {
      "name" : "nvme0n1",
      "read_ios" : 12359596,
      "write_ios" : 0,
      "read_merges" : 0,
      "write_merges" : 0,
      "read_ticks" : 294048,
      "write_ticks" : 0,
      "in_queue" : 0,
      "util" : 99.961095
    }
  ]
}
