{
  "fio version" : "fio-3.16",
  "timestamp" : 1600651315,
  "timestamp_ms" : 1600651315196,
  "time" : "Sun Sep 20 21:21:55 2020",
  "global options" : {
    "unified_rw_reporting" : "1",
    "time_based" : "1",
    "runtime" : "90",
    "directory" : "/media/auto/work/tmp",
    "filename" : "testfile.dat",
    "filesize" : "20GiB",
    "direct" : "1",
    "ioengine" : "libaio"
  },
  "jobs" : [
    {
      "jobname" : "jobname",
      "groupid" : 0,
      "error" : 0,
      "eta" : 0,
      "elapsed" : 91,
      "job options" : {
        "name" : "jobname",
        "iodepth" : "1",
        "bs" : "32k",
        "rw" : "randread"
      },
      "mixed" : {
        "io_bytes" : 19057770496,
        "io_kbytes" : 18611104,
        "bw_bytes" : 211750652,
        "bw" : 206787,
        "iops" : 6462.117088,
        "runtime" : 90001,
        "total_ios" : 581597,
        "short_ios" : 0,
        "drop_ios" : 0,
        "slat_ns" : {
          "min" : 4147,
          "max" : 55173,
          "mean" : 4434.278600,
          "stddev" : 664.636063
        },
        "clat_ns" : {
          "min" : 84459,
          "max" : 936547,
          "mean" : 149596.919878,
          "stddev" : 16047.732090,
          "percentile" : {
            "1.000000" : 128512,
            "5.000000" : 129536,
            "10.000000" : 130560,
            "20.000000" : 132096,
            "30.000000" : 132096,
            "40.000000" : 136192,
            "50.000000" : 160768,
            "60.000000" : 160768,
            "70.000000" : 162816,
            "80.000000" : 162816,
            "90.000000" : 164864,
            "95.000000" : 164864,
            "99.000000" : 179200,
            "99.500000" : 195584,
            "99.900000" : 226304,
            "99.950000" : 232448,
            "99.990000" : 242688
          }
        },
        "lat_ns" : {
          "min" : 89078,
          "max" : 950022,
          "mean" : 154146.744271,
          "stddev" : 16106.503934
        },
        "bw_min" : 204800,
        "bw_max" : 212864,
        "bw_agg" : 99.995137,
        "bw_mean" : 206776.944134,
        "bw_dev" : 814.161075,
        "bw_samples" : 179,
        "iops_min" : 6400,
        "iops_max" : 6652,
        "iops_mean" : 6461.776536,
        "iops_stddev" : 25.444041,
        "iops_samples" : 179
      },
      "job_runtime" : 90000,
      "usr_cpu" : 0.998889,
      "sys_cpu" : 3.878889,
      "ctx" : 581692,
      "majf" : 0,
      "minf" : 18,
      "iodepth_level" : {
        "1" : 100.000000,
        "2" : 0.000000,
        "4" : 0.000000,
        "8" : 0.000000,
        "16" : 0.000000,
        "32" : 0.000000,
        ">=64" : 0.000000
      },
      "iodepth_submit" : {
        "0" : 0.000000,
        "4" : 100.000000,
        "8" : 0.000000,
        "16" : 0.000000,
        "32" : 0.000000,
        "64" : 0.000000,
        ">=64" : 0.000000
      },
      "iodepth_complete" : {
        "0" : 0.000000,
        "4" : 100.000000,
        "8" : 0.000000,
        "16" : 0.000000,
        "32" : 0.000000,
        "64" : 0.000000,
        ">=64" : 0.000000
      },
      "latency_ns" : {
        "2" : 0.000000,
        "4" : 0.000000,
        "10" : 0.000000,
        "20" : 0.000000,
        "50" : 0.000000,
        "100" : 0.000000,
        "250" : 0.000000,
        "500" : 0.000000,
        "750" : 0.000000,
        "1000" : 0.000000
      },
      "latency_us" : {
        "2" : 0.000000,
        "4" : 0.000000,
        "10" : 0.000000,
        "20" : 0.000000,
        "50" : 0.000000,
        "100" : 0.010000,
        "250" : 99.994154,
        "500" : 0.010000,
        "750" : 0.000000,
        "1000" : 0.010000
      },
      "latency_ms" : {
        "2" : 0.000000,
        "4" : 0.000000,
        "10" : 0.000000,
        "20" : 0.000000,
        "50" : 0.000000,
        "100" : 0.000000,
        "250" : 0.000000,
        "500" : 0.000000,
        "750" : 0.000000,
        "1000" : 0.000000,
        "2000" : 0.000000,
        ">=2000" : 0.000000
      },
      "latency_depth" : 1,
      "latency_target" : 0,
      "latency_percentile" : 100.000000,
      "latency_window" : 0
    }
  ],
  "disk_util" : [
    {
      "name" : "nvme0n1",
      "read_ios" : 580945,
      "write_ios" : 0,
      "read_merges" : 0,
      "write_merges" : 0,
      "read_ticks" : 87197,
      "write_ticks" : 0,
      "in_queue" : 0,
      "util" : 99.933304
    }
  ]
}
