{
  "fio version" : "fio-3.16",
  "timestamp" : 1600567931,
  "timestamp_ms" : 1600567931032,
  "time" : "Sat Sep 19 22:12:11 2020",
  "global options" : {
    "unified_rw_reporting" : "1",
    "time_based" : "1",
    "runtime" : "90",
    "directory" : "/media/auto/work/tmp",
    "filename" : "testfile.dat",
    "filesize" : "20GiB",
    "direct" : "1",
    "ioengine" : "libaio"
  },
  "jobs" : [
    {
      "jobname" : "jobname",
      "groupid" : 0,
      "error" : 0,
      "eta" : 0,
      "elapsed" : 91,
      "job options" : {
        "name" : "jobname",
        "iodepth" : "2",
        "bs" : "4k",
        "rw" : "randread"
      },
      "mixed" : {
        "io_bytes" : 9425723392,
        "io_kbytes" : 9204808,
        "bw_bytes" : 104729096,
        "bw" : 102274,
        "iops" : 25568.627015,
        "runtime" : 90001,
        "total_ios" : 2301202,
        "short_ios" : 0,
        "drop_ios" : 0,
        "slat_ns" : {
          "min" : 1503,
          "max" : 225884,
          "mean" : 2849.968620,
          "stddev" : 495.651940
        },
        "clat_ns" : {
          "min" : 22192,
          "max" : 456657,
          "mean" : 74679.754057,
          "stddev" : 11847.658628,
          "percentile" : {
            "1.000000" : 54528,
            "5.000000" : 66048,
            "10.000000" : 66048,
            "20.000000" : 67072,
            "30.000000" : 67072,
            "40.000000" : 68096,
            "50.000000" : 69120,
            "60.000000" : 72192,
            "70.000000" : 82432,
            "80.000000" : 83456,
            "90.000000" : 84480,
            "95.000000" : 90624,
            "99.000000" : 124416,
            "99.500000" : 134144,
            "99.900000" : 148480,
            "99.950000" : 154624,
            "99.990000" : 166912
          }
        },
        "lat_ns" : {
          "min" : 48601,
          "max" : 459652,
          "mean" : 77637.178802,
          "stddev" : 11861.672004
        },
        "bw_min" : 101696,
        "bw_max" : 102824,
        "bw_agg" : 99.992691,
        "bw_mean" : 102266.525140,
        "bw_dev" : 195.891030,
        "bw_samples" : 179,
        "iops_min" : 25424,
        "iops_max" : 25706,
        "iops_mean" : 25566.636872,
        "iops_stddev" : 48.997902,
        "iops_samples" : 179
      },
      "job_runtime" : 90000,
      "usr_cpu" : 3.880000,
      "sys_cpu" : 10.976667,
      "ctx" : 2080448,
      "majf" : 0,
      "minf" : 12,
      "iodepth_level" : {
        "1" : 0.100000,
        "2" : 99.999957,
        "4" : 0.000000,
        "8" : 0.000000,
        "16" : 0.000000,
        "32" : 0.000000,
        ">=64" : 0.000000
      },
      "iodepth_submit" : {
        "0" : 0.000000,
        "4" : 100.000000,
        "8" : 0.000000,
        "16" : 0.000000,
        "32" : 0.000000,
        "64" : 0.000000,
        ">=64" : 0.000000
      },
      "iodepth_complete" : {
        "0" : 0.000000,
        "4" : 100.000000,
        "8" : 0.000000,
        "16" : 0.000000,
        "32" : 0.000000,
        "64" : 0.000000,
        ">=64" : 0.000000
      },
      "latency_ns" : {
        "2" : 0.000000,
        "4" : 0.000000,
        "10" : 0.000000,
        "20" : 0.000000,
        "50" : 0.000000,
        "100" : 0.000000,
        "250" : 0.000000,
        "500" : 0.000000,
        "750" : 0.000000,
        "1000" : 0.000000
      },
      "latency_us" : {
        "2" : 0.000000,
        "4" : 0.000000,
        "10" : 0.000000,
        "20" : 0.000000,
        "50" : 0.612723,
        "100" : 96.235489,
        "250" : 3.151440,
        "500" : 0.010000,
        "750" : 0.000000,
        "1000" : 0.000000
      },
      "latency_ms" : {
        "2" : 0.000000,
        "4" : 0.000000,
        "10" : 0.000000,
        "20" : 0.000000,
        "50" : 0.000000,
        "100" : 0.000000,
        "250" : 0.000000,
        "500" : 0.000000,
        "750" : 0.000000,
        "1000" : 0.000000,
        "2000" : 0.000000,
        ">=2000" : 0.000000
      },
      "latency_depth" : 2,
      "latency_target" : 0,
      "latency_percentile" : 100.000000,
      "latency_window" : 0
    }
  ],
  "disk_util" : [
    {
      "name" : "nvme0n1",
      "read_ios" : 2298638,
      "write_ios" : 0,
      "read_merges" : 0,
      "write_merges" : 0,
      "read_ticks" : 170177,
      "write_ticks" : 0,
      "in_queue" : 0,
      "util" : 99.937750
    }
  ]
}
