{
  "fio version" : "fio-3.16",
  "timestamp" : 1600547294,
  "timestamp_ms" : 1600547294670,
  "time" : "Sat Sep 19 16:28:14 2020",
  "global options" : {
    "unified_rw_reporting" : "1",
    "time_based" : "1",
    "runtime" : "90",
    "directory" : "/media/auto/work/tmp",
    "filename" : "testfile.dat",
    "filesize" : "20GiB",
    "direct" : "1",
    "ioengine" : "libaio"
  },
  "jobs" : [
    {
      "jobname" : "jobname",
      "groupid" : 0,
      "error" : 0,
      "eta" : 0,
      "elapsed" : 91,
      "job options" : {
        "name" : "jobname",
        "iodepth" : "32",
        "bs" : "512k",
        "rw" : "randread"
      },
      "mixed" : {
        "io_bytes" : 109409992704,
        "io_kbytes" : 106845696,
        "bw_bytes" : 1215477511,
        "bw" : 1186989,
        "iops" : 2318.339369,
        "runtime" : 90014,
        "total_ios" : 208683,
        "short_ios" : 0,
        "drop_ios" : 0,
        "slat_ns" : {
          "min" : 10840,
          "max" : 168285,
          "mean" : 22504.786633,
          "stddev" : 3783.476482
        },
        "clat_ns" : {
          "min" : 3263963,
          "max" : 26808446,
          "mean" : 13779108.720212,
          "stddev" : 1043203.934869,
          "percentile" : {
            "1.000000" : 8355840,
            "5.000000" : 13172736,
            "10.000000" : 13434880,
            "20.000000" : 13565952,
            "30.000000" : 13697024,
            "40.000000" : 13828096,
            "50.000000" : 13959168,
            "60.000000" : 13959168,
            "70.000000" : 14090240,
            "80.000000" : 14221312,
            "90.000000" : 14483456,
            "95.000000" : 14614528,
            "99.000000" : 14876672,
            "99.500000" : 15007744,
            "99.900000" : 15269888,
            "99.950000" : 15400960,
            "99.990000" : 17956864
          }
        },
        "lat_ns" : {
          "min" : 3391041,
          "max" : 26829897,
          "mean" : 13801754.654179,
          "stddev" : 1043154.357465
        },
        "bw_min" : 1165312,
        "bw_max" : 1557504,
        "bw_agg" : 99.996977,
        "bw_mean" : 1186953.116667,
        "bw_dev" : 55303.139311,
        "bw_samples" : 180,
        "iops_min" : 2276,
        "iops_max" : 3042,
        "iops_mean" : 2318.261111,
        "iops_stddev" : 108.015174,
        "iops_samples" : 180
      },
      "job_runtime" : 90013,
      "usr_cpu" : 0.451046,
      "sys_cpu" : 5.809161,
      "ctx" : 204833,
      "majf" : 0,
      "minf" : 4107,
      "iodepth_level" : {
        "1" : 0.100000,
        "2" : 0.100000,
        "4" : 0.100000,
        "8" : 0.100000,
        "16" : 0.100000,
        "32" : 99.985145,
        ">=64" : 0.000000
      },
      "iodepth_submit" : {
        "0" : 0.000000,
        "4" : 100.000000,
        "8" : 0.000000,
        "16" : 0.000000,
        "32" : 0.000000,
        "64" : 0.000000,
        ">=64" : 0.000000
      },
      "iodepth_complete" : {
        "0" : 0.000000,
        "4" : 99.999521,
        "8" : 0.000000,
        "16" : 0.000000,
        "32" : 0.100000,
        "64" : 0.000000,
        ">=64" : 0.000000
      },
      "latency_ns" : {
        "2" : 0.000000,
        "4" : 0.000000,
        "10" : 0.000000,
        "20" : 0.000000,
        "50" : 0.000000,
        "100" : 0.000000,
        "250" : 0.000000,
        "500" : 0.000000,
        "750" : 0.000000,
        "1000" : 0.000000
      },
      "latency_us" : {
        "2" : 0.000000,
        "4" : 0.000000,
        "10" : 0.000000,
        "20" : 0.000000,
        "50" : 0.000000,
        "100" : 0.000000,
        "250" : 0.000000,
        "500" : 0.000000,
        "750" : 0.000000,
        "1000" : 0.000000
      },
      "latency_ms" : {
        "2" : 0.000000,
        "4" : 0.011980,
        "10" : 2.193758,
        "20" : 97.786595,
        "50" : 0.010000,
        "100" : 0.000000,
        "250" : 0.000000,
        "500" : 0.000000,
        "750" : 0.000000,
        "1000" : 0.000000,
        "2000" : 0.000000,
        ">=2000" : 0.000000
      },
      "latency_depth" : 32,
      "latency_target" : 0,
      "latency_percentile" : 100.000000,
      "latency_window" : 0
    }
  ],
  "disk_util" : [
    {
      "name" : "nvme0n1",
      "read_ios" : 208441,
      "write_ios" : 0,
      "read_merges" : 0,
      "write_merges" : 0,
      "read_ticks" : 2872725,
      "write_ticks" : 0,
      "in_queue" : 2469364,
      "util" : 99.935528
    }
  ]
}
