{
  "fio version" : "fio-3.16",
  "timestamp" : 1600567047,
  "timestamp_ms" : 1600567047369,
  "time" : "Sat Sep 19 21:57:27 2020",
  "global options" : {
    "unified_rw_reporting" : "1",
    "time_based" : "1",
    "runtime" : "90",
    "directory" : "/media/auto/work/tmp",
    "filename" : "testfile.dat",
    "filesize" : "20GiB",
    "direct" : "1",
    "ioengine" : "libaio"
  },
  "jobs" : [
    {
      "jobname" : "jobname",
      "groupid" : 0,
      "error" : 0,
      "eta" : 0,
      "elapsed" : 91,
      "job options" : {
        "name" : "jobname",
        "iodepth" : "2",
        "bs" : "16k",
        "rw" : "read"
      },
      "mixed" : {
        "io_bytes" : 174868103168,
        "io_kbytes" : 170769632,
        "bw_bytes" : 1942957335,
        "bw" : 1897419,
        "iops" : 118588.704570,
        "runtime" : 90001,
        "total_ios" : 10673102,
        "short_ios" : 0,
        "drop_ios" : 0,
        "slat_ns" : {
          "min" : 1723,
          "max" : 268132,
          "mean" : 2726.558705,
          "stddev" : 1046.053037
        },
        "clat_ns" : {
          "min" : 2685,
          "max" : 533120,
          "mean" : 13644.634838,
          "stddev" : 7378.258953,
          "percentile" : {
            "1.000000" : 10688,
            "5.000000" : 11200,
            "10.000000" : 11584,
            "20.000000" : 11968,
            "30.000000" : 12224,
            "40.000000" : 12480,
            "50.000000" : 12608,
            "60.000000" : 12864,
            "70.000000" : 13120,
            "80.000000" : 14400,
            "90.000000" : 16320,
            "95.000000" : 17536,
            "99.000000" : 20864,
            "99.500000" : 23936,
            "99.900000" : 152576,
            "99.950000" : 160768,
            "99.990000" : 177152
          }
        },
        "lat_ns" : {
          "min" : 12133,
          "max" : 535024,
          "mean" : 16461.991200,
          "stddev" : 7561.294943
        },
        "bw_min" : 1789344,
        "bw_max" : 2083072,
        "bw_agg" : 99.999640,
        "bw_mean" : 1897412.178771,
        "bw_dev" : 47972.310007,
        "bw_samples" : 179,
        "iops_min" : 111834,
        "iops_max" : 130192,
        "iops_mean" : 118588.273743,
        "iops_stddev" : 2998.270700,
        "iops_samples" : 179
      },
      "job_runtime" : 90000,
      "usr_cpu" : 12.347778,
      "sys_cpu" : 42.963333,
      "ctx" : 8252367,
      "majf" : 0,
      "minf" : 21,
      "iodepth_level" : {
        "1" : 0.100000,
        "2" : 99.999916,
        "4" : 0.000000,
        "8" : 0.000000,
        "16" : 0.000000,
        "32" : 0.000000,
        ">=64" : 0.000000
      },
      "iodepth_submit" : {
        "0" : 0.000000,
        "4" : 100.000000,
        "8" : 0.000000,
        "16" : 0.000000,
        "32" : 0.000000,
        "64" : 0.000000,
        ">=64" : 0.000000
      },
      "iodepth_complete" : {
        "0" : 0.000000,
        "4" : 100.000000,
        "8" : 0.000000,
        "16" : 0.000000,
        "32" : 0.000000,
        "64" : 0.000000,
        ">=64" : 0.000000
      },
      "latency_ns" : {
        "2" : 0.000000,
        "4" : 0.000000,
        "10" : 0.000000,
        "20" : 0.000000,
        "50" : 0.000000,
        "100" : 0.000000,
        "250" : 0.000000,
        "500" : 0.000000,
        "750" : 0.000000,
        "1000" : 0.000000
      },
      "latency_us" : {
        "2" : 0.000000,
        "4" : 0.019694,
        "10" : 0.037065,
        "20" : 98.268938,
        "50" : 1.345654,
        "100" : 0.084212,
        "250" : 0.243725,
        "500" : 0.010000,
        "750" : 0.010000,
        "1000" : 0.000000
      },
      "latency_ms" : {
        "2" : 0.000000,
        "4" : 0.000000,
        "10" : 0.000000,
        "20" : 0.000000,
        "50" : 0.000000,
        "100" : 0.000000,
        "250" : 0.000000,
        "500" : 0.000000,
        "750" : 0.000000,
        "1000" : 0.000000,
        "2000" : 0.000000,
        ">=2000" : 0.000000
      },
      "latency_depth" : 2,
      "latency_target" : 0,
      "latency_percentile" : 100.000000,
      "latency_window" : 0
    }
  ],
  "disk_util" : [
    {
      "name" : "nvme0n1",
      "read_ios" : 10661765,
      "write_ios" : 0,
      "read_merges" : 0,
      "write_merges" : 0,
      "read_ticks" : 145619,
      "write_ticks" : 0,
      "in_queue" : 0,
      "util" : 99.929974
    }
  ]
}
