{
  "fio version" : "fio-3.16",
  "timestamp" : 1600567489,
  "timestamp_ms" : 1600567489203,
  "time" : "Sat Sep 19 22:04:49 2020",
  "global options" : {
    "unified_rw_reporting" : "1",
    "time_based" : "1",
    "runtime" : "90",
    "directory" : "/media/auto/work/tmp",
    "filename" : "testfile.dat",
    "filesize" : "20GiB",
    "direct" : "1",
    "ioengine" : "libaio"
  },
  "jobs" : [
    {
      "jobname" : "jobname",
      "groupid" : 0,
      "error" : 0,
      "eta" : 0,
      "elapsed" : 91,
      "job options" : {
        "name" : "jobname",
        "iodepth" : "2",
        "bs" : "256k",
        "rw" : "read"
      },
      "mixed" : {
        "io_bytes" : 238414987264,
        "io_kbytes" : 232827136,
        "bw_bytes" : 2649025980,
        "bw" : 2586939,
        "iops" : 10105.232164,
        "runtime" : 90001,
        "total_ios" : 909481,
        "short_ios" : 0,
        "drop_ios" : 0,
        "slat_ns" : {
          "min" : 7133,
          "max" : 108163,
          "mean" : 12708.557267,
          "stddev" : 2037.621270
        },
        "clat_ns" : {
          "min" : 46137,
          "max" : 1650075,
          "mean" : 184615.697456,
          "stddev" : 72890.765616,
          "percentile" : {
            "1.000000" : 84480,
            "5.000000" : 89600,
            "10.000000" : 99840,
            "20.000000" : 129536,
            "30.000000" : 132096,
            "40.000000" : 136192,
            "50.000000" : 160768,
            "60.000000" : 201728,
            "70.000000" : 230400,
            "80.000000" : 254976,
            "90.000000" : 284672,
            "95.000000" : 313344,
            "99.000000" : 366592,
            "99.500000" : 391168,
            "99.900000" : 432128,
            "99.950000" : 456704,
            "99.990000" : 493568
          }
        },
        "lat_ns" : {
          "min" : 89027,
          "max" : 1687786,
          "mean" : 197434.584242,
          "stddev" : 72760.192463
        },
        "bw_min" : 2552832,
        "bw_max" : 2609664,
        "bw_agg" : 99.994744,
        "bw_mean" : 2586803.022346,
        "bw_dev" : 12541.885723,
        "bw_samples" : 179,
        "iops_min" : 9972,
        "iops_max" : 10194,
        "iops_mean" : 10104.681564,
        "iops_stddev" : 49.008188,
        "iops_samples" : 179
      },
      "job_runtime" : 90000,
      "usr_cpu" : 1.272222,
      "sys_cpu" : 14.466667,
      "ctx" : 875862,
      "majf" : 0,
      "minf" : 140,
      "iodepth_level" : {
        "1" : 0.100000,
        "2" : 99.998681,
        "4" : 0.000000,
        "8" : 0.000000,
        "16" : 0.000000,
        "32" : 0.000000,
        ">=64" : 0.000000
      },
      "iodepth_submit" : {
        "0" : 0.000000,
        "4" : 100.000000,
        "8" : 0.000000,
        "16" : 0.000000,
        "32" : 0.000000,
        "64" : 0.000000,
        ">=64" : 0.000000
      },
      "iodepth_complete" : {
        "0" : 0.000000,
        "4" : 100.000000,
        "8" : 0.000000,
        "16" : 0.000000,
        "32" : 0.000000,
        "64" : 0.000000,
        ">=64" : 0.000000
      },
      "latency_ns" : {
        "2" : 0.000000,
        "4" : 0.000000,
        "10" : 0.000000,
        "20" : 0.000000,
        "50" : 0.000000,
        "100" : 0.000000,
        "250" : 0.000000,
        "500" : 0.000000,
        "750" : 0.000000,
        "1000" : 0.000000
      },
      "latency_us" : {
        "2" : 0.000000,
        "4" : 0.000000,
        "10" : 0.000000,
        "20" : 0.000000,
        "50" : 0.010000,
        "100" : 10.127754,
        "250" : 67.906971,
        "500" : 21.956478,
        "750" : 0.010000,
        "1000" : 0.000000
      },
      "latency_ms" : {
        "2" : 0.010000,
        "4" : 0.000000,
        "10" : 0.000000,
        "20" : 0.000000,
        "50" : 0.000000,
        "100" : 0.000000,
        "250" : 0.000000,
        "500" : 0.000000,
        "750" : 0.000000,
        "1000" : 0.000000,
        "2000" : 0.000000,
        ">=2000" : 0.000000
      },
      "latency_depth" : 2,
      "latency_target" : 0,
      "latency_percentile" : 100.000000,
      "latency_window" : 0
    }
  ],
  "disk_util" : [
    {
      "name" : "nvme0n1",
      "read_ios" : 908476,
      "write_ios" : 0,
      "read_merges" : 0,
      "write_merges" : 0,
      "read_ticks" : 171075,
      "write_ticks" : 0,
      "in_queue" : 0,
      "util" : 99.935528
    }
  ]
}
