{
  "fio version" : "fio-3.16",
  "timestamp" : 1600543208,
  "timestamp_ms" : 1600543208248,
  "time" : "Sat Sep 19 15:20:08 2020",
  "global options" : {
    "unified_rw_reporting" : "1",
    "time_based" : "1",
    "runtime" : "90",
    "directory" : "/media/auto/work/tmp",
    "filename" : "testfile.dat",
    "filesize" : "20GiB",
    "direct" : "1",
    "ioengine" : "libaio"
  },
  "jobs" : [
    {
      "jobname" : "jobname",
      "groupid" : 0,
      "error" : 0,
      "eta" : 0,
      "elapsed" : 91,
      "job options" : {
        "name" : "jobname",
        "iodepth" : "16",
        "bs" : "16k",
        "rw" : "read"
      },
      "mixed" : {
        "io_bytes" : 211044515840,
        "io_kbytes" : 206098160,
        "bw_bytes" : 2344913010,
        "bw" : 2289954,
        "iops" : 143122.131976,
        "runtime" : 90001,
        "total_ios" : 12881135,
        "short_ios" : 0,
        "drop_ios" : 0,
        "slat_ns" : {
          "min" : 1693,
          "max" : 399018,
          "mean" : 3487.500741,
          "stddev" : 1510.429131
        },
        "clat_ns" : {
          "min" : 26861,
          "max" : 887745,
          "mean" : 107782.186123,
          "stddev" : 63051.808983,
          "percentile" : {
            "1.000000" : 49920,
            "5.000000" : 60160,
            "10.000000" : 66048,
            "20.000000" : 70144,
            "30.000000" : 71168,
            "40.000000" : 72192,
            "50.000000" : 76288,
            "60.000000" : 88576,
            "70.000000" : 101888,
            "80.000000" : 130560,
            "90.000000" : 222208,
            "95.000000" : 254976,
            "99.000000" : 305152,
            "99.500000" : 321536,
            "99.900000" : 354304,
            "99.950000" : 370688,
            "99.990000" : 415744
          }
        },
        "lat_ns" : {
          "min" : 31069,
          "max" : 889599,
          "mean" : 111380.455889,
          "stddev" : 62804.549210
        },
        "bw_min" : 2268512,
        "bw_max" : 2312288,
        "bw_agg" : 99.999092,
        "bw_mean" : 2289933.217877,
        "bw_dev" : 7152.564872,
        "bw_samples" : 179,
        "iops_min" : 141782,
        "iops_max" : 144518,
        "iops_mean" : 143120.849162,
        "iops_stddev" : 447.067655,
        "iops_samples" : 179
      },
      "job_runtime" : 90000,
      "usr_cpu" : 14.968889,
      "sys_cpu" : 52.543333,
      "ctx" : 2221102,
      "majf" : 0,
      "minf" : 77,
      "iodepth_level" : {
        "1" : 0.100000,
        "2" : 0.100000,
        "4" : 0.100000,
        "8" : 0.100000,
        "16" : 99.998719,
        "32" : 0.000000,
        ">=64" : 0.000000
      },
      "iodepth_submit" : {
        "0" : 0.000000,
        "4" : 100.000000,
        "8" : 0.000000,
        "16" : 0.000000,
        "32" : 0.000000,
        "64" : 0.000000,
        ">=64" : 0.000000
      },
      "iodepth_complete" : {
        "0" : 0.000000,
        "4" : 99.999915,
        "8" : 0.000000,
        "16" : 0.100000,
        "32" : 0.000000,
        "64" : 0.000000,
        ">=64" : 0.000000
      },
      "latency_ns" : {
        "2" : 0.000000,
        "4" : 0.000000,
        "10" : 0.000000,
        "20" : 0.000000,
        "50" : 0.000000,
        "100" : 0.000000,
        "250" : 0.000000,
        "500" : 0.000000,
        "750" : 0.000000,
        "1000" : 0.000000
      },
      "latency_us" : {
        "2" : 0.000000,
        "4" : 0.000000,
        "10" : 0.000000,
        "20" : 0.000000,
        "50" : 0.999656,
        "100" : 67.070122,
        "250" : 26.126813,
        "500" : 5.802291,
        "750" : 0.010000,
        "1000" : 0.010000
      },
      "latency_ms" : {
        "2" : 0.000000,
        "4" : 0.000000,
        "10" : 0.000000,
        "20" : 0.000000,
        "50" : 0.000000,
        "100" : 0.000000,
        "250" : 0.000000,
        "500" : 0.000000,
        "750" : 0.000000,
        "1000" : 0.000000,
        "2000" : 0.000000,
        ">=2000" : 0.000000
      },
      "latency_depth" : 16,
      "latency_target" : 0,
      "latency_percentile" : 100.000000,
      "latency_window" : 0
    }
  ],
  "disk_util" : [
    {
      "name" : "nvme0n1",
      "read_ios" : 12866919,
      "write_ios" : 0,
      "read_merges" : 0,
      "write_merges" : 0,
      "read_ticks" : 1097479,
      "write_ticks" : 0,
      "in_queue" : 0,
      "util" : 99.959984
    }
  ]
}
