{
  "fio version" : "fio-3.16",
  "timestamp" : 1600649326,
  "timestamp_ms" : 1600649326929,
  "time" : "Sun Sep 20 20:48:46 2020",
  "global options" : {
    "unified_rw_reporting" : "1",
    "time_based" : "1",
    "runtime" : "90",
    "directory" : "/media/auto/work/tmp",
    "filename" : "testfile.dat",
    "filesize" : "20GiB",
    "direct" : "1",
    "ioengine" : "libaio"
  },
  "jobs" : [
    {
      "jobname" : "jobname",
      "groupid" : 0,
      "error" : 0,
      "eta" : 0,
      "elapsed" : 91,
      "job options" : {
        "name" : "jobname",
        "iodepth" : "1",
        "bs" : "4k",
        "rw" : "randread"
      },
      "mixed" : {
        "io_bytes" : 4835139584,
        "io_kbytes" : 4721816,
        "bw_bytes" : 53723176,
        "bw" : 52464,
        "iops" : 13116.009822,
        "runtime" : 90001,
        "total_ios" : 1180454,
        "short_ios" : 0,
        "drop_ios" : 0,
        "slat_ns" : {
          "min" : 1422,
          "max" : 266530,
          "mean" : 2806.054069,
          "stddev" : 685.062920
        },
        "clat_ns" : {
          "min" : 15880,
          "max" : 3818593,
          "mean" : 72732.815787,
          "stddev" : 9322.083351,
          "percentile" : {
            "1.000000" : 51968,
            "5.000000" : 66048,
            "10.000000" : 67072,
            "20.000000" : 67072,
            "30.000000" : 67072,
            "40.000000" : 68096,
            "50.000000" : 68096,
            "60.000000" : 69120,
            "70.000000" : 82432,
            "80.000000" : 82432,
            "90.000000" : 83456,
            "95.000000" : 83456,
            "99.000000" : 86528,
            "99.500000" : 88576,
            "99.900000" : 109056,
            "99.950000" : 121344,
            "99.990000" : 150528
          }
        },
        "lat_ns" : {
          "min" : 48732,
          "max" : 3823211,
          "mean" : 75647.337434,
          "stddev" : 9410.463258
        },
        "bw_min" : 51640,
        "bw_max" : 52760,
        "bw_agg" : 99.993867,
        "bw_mean" : 52460.782123,
        "bw_dev" : 178.799689,
        "bw_samples" : 179,
        "iops_min" : 12910,
        "iops_max" : 13190,
        "iops_mean" : 13115.167598,
        "iops_stddev" : 44.723556,
        "iops_samples" : 179
      },
      "job_runtime" : 90000,
      "usr_cpu" : 2.137778,
      "sys_cpu" : 5.574444,
      "ctx" : 1180581,
      "majf" : 0,
      "minf" : 12,
      "iodepth_level" : {
        "1" : 100.000000,
        "2" : 0.000000,
        "4" : 0.000000,
        "8" : 0.000000,
        "16" : 0.000000,
        "32" : 0.000000,
        ">=64" : 0.000000
      },
      "iodepth_submit" : {
        "0" : 0.000000,
        "4" : 100.000000,
        "8" : 0.000000,
        "16" : 0.000000,
        "32" : 0.000000,
        "64" : 0.000000,
        ">=64" : 0.000000
      },
      "iodepth_complete" : {
        "0" : 0.000000,
        "4" : 100.000000,
        "8" : 0.000000,
        "16" : 0.000000,
        "32" : 0.000000,
        "64" : 0.000000,
        ">=64" : 0.000000
      },
      "latency_ns" : {
        "2" : 0.000000,
        "4" : 0.000000,
        "10" : 0.000000,
        "20" : 0.000000,
        "50" : 0.000000,
        "100" : 0.000000,
        "250" : 0.000000,
        "500" : 0.000000,
        "750" : 0.000000,
        "1000" : 0.000000
      },
      "latency_us" : {
        "2" : 0.000000,
        "4" : 0.000000,
        "10" : 0.000000,
        "20" : 0.010000,
        "50" : 0.559954,
        "100" : 99.257828,
        "250" : 0.181371,
        "500" : 0.010000,
        "750" : 0.000000,
        "1000" : 0.000000
      },
      "latency_ms" : {
        "2" : 0.010000,
        "4" : 0.010000,
        "10" : 0.000000,
        "20" : 0.000000,
        "50" : 0.000000,
        "100" : 0.000000,
        "250" : 0.000000,
        "500" : 0.000000,
        "750" : 0.000000,
        "1000" : 0.000000,
        "2000" : 0.000000,
        ">=2000" : 0.000000
      },
      "latency_depth" : 1,
      "latency_target" : 0,
      "latency_percentile" : 100.000000,
      "latency_window" : 0
    }
  ],
  "disk_util" : [
    {
      "name" : "nvme0n1",
      "read_ios" : 1179141,
      "write_ios" : 3,
      "read_merges" : 0,
      "write_merges" : 1,
      "read_ticks" : 85360,
      "write_ticks" : 9,
      "in_queue" : 8,
      "util" : 99.932193
    }
  ]
}
