{
  "fio version" : "fio-3.16",
  "timestamp" : 1600649768,
  "timestamp_ms" : 1600649768780,
  "time" : "Sun Sep 20 20:56:08 2020",
  "global options" : {
    "unified_rw_reporting" : "1",
    "time_based" : "1",
    "runtime" : "90",
    "directory" : "/media/auto/work/tmp",
    "filename" : "testfile.dat",
    "filesize" : "20GiB",
    "direct" : "1",
    "ioengine" : "libaio"
  },
  "jobs" : [
    {
      "jobname" : "jobname",
      "groupid" : 0,
      "error" : 0,
      "eta" : 0,
      "elapsed" : 91,
      "job options" : {
        "name" : "jobname",
        "iodepth" : "16",
        "bs" : "4k",
        "rw" : "randread"
      },
      "mixed" : {
        "io_bytes" : 53563568128,
        "io_kbytes" : 52308172,
        "bw_bytes" : 595144144,
        "bw" : 581195,
        "iops" : 145298.863346,
        "runtime" : 90001,
        "total_ios" : 13077043,
        "short_ios" : 0,
        "drop_ios" : 0,
        "slat_ns" : {
          "min" : 1302,
          "max" : 381465,
          "mean" : 2564.571253,
          "stddev" : 1282.017832
        },
        "clat_ns" : {
          "min" : 26360,
          "max" : 914325,
          "mean" : 106972.604156,
          "stddev" : 41042.027174,
          "percentile" : {
            "1.000000" : 64256,
            "5.000000" : 67072,
            "10.000000" : 69120,
            "20.000000" : 75264,
            "30.000000" : 81408,
            "40.000000" : 86528,
            "50.000000" : 93696,
            "60.000000" : 102912,
            "70.000000" : 118272,
            "80.000000" : 134144,
            "90.000000" : 160768,
            "95.000000" : 187392,
            "99.000000" : 250880,
            "99.500000" : 276480,
            "99.900000" : 342016,
            "99.950000" : 366592,
            "99.990000" : 432128
          }
        },
        "lat_ns" : {
          "min" : 41639,
          "max" : 916009,
          "mean" : 109632.403770,
          "stddev" : 41051.089943
        },
        "bw_min" : 570600,
        "bw_max" : 586626,
        "bw_agg" : 99.998074,
        "bw_mean" : 581183.804469,
        "bw_dev" : 2619.731016,
        "bw_samples" : 179,
        "iops_min" : 142650,
        "iops_max" : 146656,
        "iops_mean" : 145295.972067,
        "iops_stddev" : 654.940571,
        "iops_samples" : 179
      },
      "job_runtime" : 90000,
      "usr_cpu" : 17.106667,
      "sys_cpu" : 44.691111,
      "ctx" : 4842146,
      "majf" : 0,
      "minf" : 27,
      "iodepth_level" : {
        "1" : 0.100000,
        "2" : 0.100000,
        "4" : 0.100000,
        "8" : 0.100000,
        "16" : 99.999885,
        "32" : 0.000000,
        ">=64" : 0.000000
      },
      "iodepth_submit" : {
        "0" : 0.000000,
        "4" : 100.000000,
        "8" : 0.000000,
        "16" : 0.000000,
        "32" : 0.000000,
        "64" : 0.000000,
        ">=64" : 0.000000
      },
      "iodepth_complete" : {
        "0" : 0.000000,
        "4" : 99.999992,
        "8" : 0.000000,
        "16" : 0.100000,
        "32" : 0.000000,
        "64" : 0.000000,
        ">=64" : 0.000000
      },
      "latency_ns" : {
        "2" : 0.000000,
        "4" : 0.000000,
        "10" : 0.000000,
        "20" : 0.000000,
        "50" : 0.000000,
        "100" : 0.000000,
        "250" : 0.000000,
        "500" : 0.000000,
        "750" : 0.000000,
        "1000" : 0.000000
      },
      "latency_us" : {
        "2" : 0.000000,
        "4" : 0.000000,
        "10" : 0.000000,
        "20" : 0.000000,
        "50" : 0.101743,
        "100" : 57.399475,
        "250" : 41.473902,
        "500" : 1.022670,
        "750" : 0.010000,
        "1000" : 0.010000
      },
      "latency_ms" : {
        "2" : 0.000000,
        "4" : 0.000000,
        "10" : 0.000000,
        "20" : 0.000000,
        "50" : 0.000000,
        "100" : 0.000000,
        "250" : 0.000000,
        "500" : 0.000000,
        "750" : 0.000000,
        "1000" : 0.000000,
        "2000" : 0.000000,
        ">=2000" : 0.000000
      },
      "latency_depth" : 16,
      "latency_target" : 0,
      "latency_percentile" : 100.000000,
      "latency_window" : 0
    }
  ],
  "disk_util" : [
    {
      "name" : "nvme0n1",
      "read_ios" : 13062665,
      "write_ios" : 0,
      "read_merges" : 0,
      "write_merges" : 0,
      "read_ticks" : 1352883,
      "write_ticks" : 0,
      "in_queue" : 0,
      "util" : 99.946643
    }
  ]
}
