{
  "fio version" : "fio-3.16",
  "timestamp" : 1600652861,
  "timestamp_ms" : 1600652861631,
  "time" : "Sun Sep 20 21:47:41 2020",
  "global options" : {
    "unified_rw_reporting" : "1",
    "time_based" : "1",
    "runtime" : "90",
    "directory" : "/media/auto/work/tmp",
    "filename" : "testfile.dat",
    "filesize" : "20GiB",
    "direct" : "1",
    "ioengine" : "libaio"
  },
  "jobs" : [
    {
      "jobname" : "jobname",
      "groupid" : 0,
      "error" : 0,
      "eta" : 0,
      "elapsed" : 91,
      "job options" : {
        "name" : "jobname",
        "iodepth" : "4",
        "bs" : "512k",
        "rw" : "randread"
      },
      "mixed" : {
        "io_bytes" : 319654723584,
        "io_kbytes" : 312162816,
        "bw_bytes" : 3551679687,
        "bw" : 3468437,
        "iops" : 6774.291397,
        "runtime" : 90001,
        "total_ios" : 609693,
        "short_ios" : 0,
        "drop_ios" : 0,
        "slat_ns" : {
          "min" : 12924,
          "max" : 328025,
          "mean" : 22632.356448,
          "stddev" : 3324.245529
        },
        "clat_ns" : {
          "min" : 221996,
          "max" : 1674240,
          "mean" : 567150.677641,
          "stddev" : 81644.551507,
          "percentile" : {
            "1.000000" : 391168,
            "5.000000" : 436224,
            "10.000000" : 464896,
            "20.000000" : 497664,
            "30.000000" : 522240,
            "40.000000" : 544768,
            "50.000000" : 561152,
            "60.000000" : 585728,
            "70.000000" : 610304,
            "80.000000" : 634880,
            "90.000000" : 675840,
            "95.000000" : 708608,
            "99.000000" : 765952,
            "99.500000" : 798720,
            "99.900000" : 856064,
            "99.950000" : 880640,
            "99.990000" : 929792
          }
        },
        "lat_ns" : {
          "min" : 296436,
          "max" : 1827207,
          "mean" : 589898.861658,
          "stddev" : 81575.285795
        },
        "bw_min" : 3235840,
        "bw_max" : 3540992,
        "bw_agg" : 99.995110,
        "bw_mean" : 3468267.388889,
        "bw_dev" : 25636.462786,
        "bw_samples" : 180,
        "iops_min" : 6320,
        "iops_max" : 6916,
        "iops_mean" : 6773.944444,
        "iops_stddev" : 50.093736,
        "iops_samples" : 180
      },
      "job_runtime" : 90000,
      "usr_cpu" : 0.888889,
      "sys_cpu" : 16.424444,
      "ctx" : 608913,
      "majf" : 0,
      "minf" : 522,
      "iodepth_level" : {
        "1" : 0.100000,
        "2" : 0.100000,
        "4" : 99.999508,
        "8" : 0.000000,
        "16" : 0.000000,
        "32" : 0.000000,
        ">=64" : 0.000000
      },
      "iodepth_submit" : {
        "0" : 0.000000,
        "4" : 100.000000,
        "8" : 0.000000,
        "16" : 0.000000,
        "32" : 0.000000,
        "64" : 0.000000,
        ">=64" : 0.000000
      },
      "iodepth_complete" : {
        "0" : 0.000000,
        "4" : 100.000000,
        "8" : 0.000000,
        "16" : 0.000000,
        "32" : 0.000000,
        "64" : 0.000000,
        ">=64" : 0.000000
      },
      "latency_ns" : {
        "2" : 0.000000,
        "4" : 0.000000,
        "10" : 0.000000,
        "20" : 0.000000,
        "50" : 0.000000,
        "100" : 0.000000,
        "250" : 0.000000,
        "500" : 0.000000,
        "750" : 0.000000,
        "1000" : 0.000000
      },
      "latency_us" : {
        "2" : 0.000000,
        "4" : 0.000000,
        "10" : 0.000000,
        "20" : 0.000000,
        "50" : 0.000000,
        "100" : 0.000000,
        "250" : 0.010000,
        "500" : 20.475059,
        "750" : 77.843275,
        "1000" : 1.680026
      },
      "latency_ms" : {
        "2" : 0.010000,
        "4" : 0.000000,
        "10" : 0.000000,
        "20" : 0.000000,
        "50" : 0.000000,
        "100" : 0.000000,
        "250" : 0.000000,
        "500" : 0.000000,
        "750" : 0.000000,
        "1000" : 0.000000,
        "2000" : 0.000000,
        ">=2000" : 0.000000
      },
      "latency_depth" : 4,
      "latency_target" : 0,
      "latency_percentile" : 100.000000,
      "latency_window" : 0
    }
  ],
  "disk_util" : [
    {
      "name" : "nvme0n1",
      "read_ios" : 761261,
      "write_ios" : 0,
      "read_merges" : 0,
      "write_merges" : 0,
      "read_ticks" : 408492,
      "write_ticks" : 0,
      "in_queue" : 0,
      "util" : 99.937747
    }
  ]
}
