{
  "fio version" : "fio-3.16",
  "timestamp" : 1600652751,
  "timestamp_ms" : 1600652751173,
  "time" : "Sun Sep 20 21:45:51 2020",
  "global options" : {
    "unified_rw_reporting" : "1",
    "time_based" : "1",
    "runtime" : "90",
    "directory" : "/media/auto/work/tmp",
    "filename" : "testfile.dat",
    "filesize" : "20GiB",
    "direct" : "1",
    "ioengine" : "libaio"
  },
  "jobs" : [
    {
      "jobname" : "jobname",
      "groupid" : 0,
      "error" : 0,
      "eta" : 0,
      "elapsed" : 91,
      "job options" : {
        "name" : "jobname",
        "iodepth" : "2",
        "bs" : "512k",
        "rw" : "randread"
      },
      "mixed" : {
        "io_bytes" : 271379333120,
        "io_kbytes" : 265018880,
        "bw_bytes" : 3015292420,
        "bw" : 2944621,
        "iops" : 5751.213875,
        "runtime" : 90001,
        "total_ios" : 517615,
        "short_ios" : 0,
        "drop_ios" : 0,
        "slat_ns" : {
          "min" : 19927,
          "max" : 178655,
          "mean" : 24024.024045,
          "stddev" : 3113.820252
        },
        "clat_ns" : {
          "min" : 157325,
          "max" : 885340,
          "mean" : 323036.941781,
          "stddev" : 49607.424440,
          "percentile" : {
            "1.000000" : 250880,
            "5.000000" : 264192,
            "10.000000" : 268288,
            "20.000000" : 280576,
            "30.000000" : 292864,
            "40.000000" : 305152,
            "50.000000" : 313344,
            "60.000000" : 325632,
            "70.000000" : 337920,
            "80.000000" : 358400,
            "90.000000" : 391168,
            "95.000000" : 423936,
            "99.000000" : 477184,
            "99.500000" : 501760,
            "99.900000" : 544768,
            "99.950000" : 569344,
            "99.990000" : 602112
          }
        },
        "lat_ns" : {
          "min" : 177884,
          "max" : 1065278,
          "mean" : 347177.625693,
          "stddev" : 49649.166100
        },
        "bw_min" : 2896223,
        "bw_max" : 3169280,
        "bw_agg" : 99.994065,
        "bw_mean" : 2944446.229050,
        "bw_dev" : 42913.811472,
        "bw_samples" : 179,
        "iops_min" : 5656,
        "iops_max" : 6190,
        "iops_mean" : 5750.849162,
        "iops_stddev" : 83.826966,
        "iops_samples" : 179
      },
      "job_runtime" : 90000,
      "usr_cpu" : 0.751111,
      "sys_cpu" : 14.782222,
      "ctx" : 517871,
      "majf" : 0,
      "minf" : 266,
      "iodepth_level" : {
        "1" : 0.100000,
        "2" : 99.999807,
        "4" : 0.000000,
        "8" : 0.000000,
        "16" : 0.000000,
        "32" : 0.000000,
        ">=64" : 0.000000
      },
      "iodepth_submit" : {
        "0" : 0.000000,
        "4" : 100.000000,
        "8" : 0.000000,
        "16" : 0.000000,
        "32" : 0.000000,
        "64" : 0.000000,
        ">=64" : 0.000000
      },
      "iodepth_complete" : {
        "0" : 0.000000,
        "4" : 100.000000,
        "8" : 0.000000,
        "16" : 0.000000,
        "32" : 0.000000,
        "64" : 0.000000,
        ">=64" : 0.000000
      },
      "latency_ns" : {
        "2" : 0.000000,
        "4" : 0.000000,
        "10" : 0.000000,
        "20" : 0.000000,
        "50" : 0.000000,
        "100" : 0.000000,
        "250" : 0.000000,
        "500" : 0.000000,
        "750" : 0.000000,
        "1000" : 0.000000
      },
      "latency_us" : {
        "2" : 0.000000,
        "4" : 0.000000,
        "10" : 0.000000,
        "20" : 0.000000,
        "50" : 0.000000,
        "100" : 0.000000,
        "250" : 0.846575,
        "500" : 98.625619,
        "750" : 0.527612,
        "1000" : 0.010000
      },
      "latency_ms" : {
        "2" : 0.000000,
        "4" : 0.000000,
        "10" : 0.000000,
        "20" : 0.000000,
        "50" : 0.000000,
        "100" : 0.000000,
        "250" : 0.000000,
        "500" : 0.000000,
        "750" : 0.000000,
        "1000" : 0.000000,
        "2000" : 0.000000,
        ">=2000" : 0.000000
      },
      "latency_depth" : 2,
      "latency_target" : 0,
      "latency_percentile" : 100.000000,
      "latency_window" : 0
    }
  ],
  "disk_util" : [
    {
      "name" : "nvme0n1",
      "read_ios" : 1034064,
      "write_ios" : 0,
      "read_merges" : 0,
      "write_merges" : 0,
      "read_ticks" : 309511,
      "write_ticks" : 0,
      "in_queue" : 0,
      "util" : 99.935525
    }
  ]
}
