{
  "fio version" : "fio-3.16",
  "timestamp" : 1600544423,
  "timestamp_ms" : 1600544423128,
  "time" : "Sat Sep 19 15:40:23 2020",
  "global options" : {
    "unified_rw_reporting" : "1",
    "time_based" : "1",
    "runtime" : "90",
    "directory" : "/media/auto/work/tmp",
    "filename" : "testfile.dat",
    "filesize" : "20GiB",
    "direct" : "1",
    "ioengine" : "libaio"
  },
  "jobs" : [
    {
      "jobname" : "jobname",
      "groupid" : 0,
      "error" : 0,
      "eta" : 0,
      "elapsed" : 91,
      "job options" : {
        "name" : "jobname",
        "iodepth" : "8",
        "bs" : "512k",
        "rw" : "read"
      },
      "mixed" : {
        "io_bytes" : 326048940032,
        "io_kbytes" : 318407168,
        "bw_bytes" : 3622685496,
        "bw" : 3537778,
        "iops" : 6909.724228,
        "runtime" : 90002,
        "total_ios" : 621889,
        "short_ios" : 0,
        "drop_ios" : 0,
        "slat_ns" : {
          "min" : 10349,
          "max" : 165029,
          "mean" : 19710.436924,
          "stddev" : 3379.167629
        },
        "clat_ns" : {
          "min" : 300123,
          "max" : 2169690,
          "mean" : 1137392.089323,
          "stddev" : 105194.850157,
          "percentile" : {
            "1.000000" : 888832,
            "5.000000" : 946176,
            "10.000000" : 995328,
            "20.000000" : 1073152,
            "30.000000" : 1122304,
            "40.000000" : 1138688,
            "50.000000" : 1138688,
            "60.000000" : 1138688,
            "70.000000" : 1155072,
            "80.000000" : 1187840,
            "90.000000" : 1286144,
            "95.000000" : 1335296,
            "99.000000" : 1400832,
            "99.500000" : 1417216,
            "99.900000" : 1449984,
            "99.950000" : 1466368,
            "99.990000" : 1548288
          }
        },
        "lat_ns" : {
          "min" : 321803,
          "max" : 2185660,
          "mean" : 1157217.457281,
          "stddev" : 105103.181019
        },
        "bw_min" : 3528704,
        "bw_max" : 3542016,
        "bw_agg" : 99.994460,
        "bw_mean" : 3537582.011111,
        "bw_dev" : 3356.711942,
        "bw_samples" : 180,
        "iops_min" : 6892,
        "iops_max" : 6918,
        "iops_mean" : 6909.333333,
        "iops_stddev" : 6.563825,
        "iops_samples" : 180
      },
      "job_runtime" : 90001,
      "usr_cpu" : 0.894435,
      "sys_cpu" : 14.812058,
      "ctx" : 622261,
      "majf" : 0,
      "minf" : 1036,
      "iodepth_level" : {
        "1" : 0.100000,
        "2" : 0.100000,
        "4" : 0.100000,
        "8" : 99.980865,
        "16" : 0.000000,
        "32" : 0.000000,
        ">=64" : 0.000000
      },
      "iodepth_submit" : {
        "0" : 0.000000,
        "4" : 100.000000,
        "8" : 0.000000,
        "16" : 0.000000,
        "32" : 0.000000,
        "64" : 0.000000,
        ">=64" : 0.000000
      },
      "iodepth_complete" : {
        "0" : 0.000000,
        "4" : 99.997266,
        "8" : 0.100000,
        "16" : 0.000000,
        "32" : 0.000000,
        "64" : 0.000000,
        ">=64" : 0.000000
      },
      "latency_ns" : {
        "2" : 0.000000,
        "4" : 0.000000,
        "10" : 0.000000,
        "20" : 0.000000,
        "50" : 0.000000,
        "100" : 0.000000,
        "250" : 0.000000,
        "500" : 0.000000,
        "750" : 0.000000,
        "1000" : 0.000000
      },
      "latency_us" : {
        "2" : 0.000000,
        "4" : 0.000000,
        "10" : 0.000000,
        "20" : 0.000000,
        "50" : 0.000000,
        "100" : 0.000000,
        "250" : 0.000000,
        "500" : 0.010000,
        "750" : 0.010000,
        "1000" : 10.784883
      },
      "latency_ms" : {
        "2" : 89.204665,
        "4" : 0.010000,
        "10" : 0.000000,
        "20" : 0.000000,
        "50" : 0.000000,
        "100" : 0.000000,
        "250" : 0.000000,
        "500" : 0.000000,
        "750" : 0.000000,
        "1000" : 0.000000,
        "2000" : 0.000000,
        ">=2000" : 0.000000
      },
      "latency_depth" : 8,
      "latency_target" : 0,
      "latency_percentile" : 100.000000,
      "latency_window" : 0
    }
  ],
  "disk_util" : [
    {
      "name" : "nvme0n1",
      "read_ios" : 621242,
      "write_ios" : 0,
      "read_merges" : 0,
      "write_merges" : 0,
      "read_ticks" : 709978,
      "write_ticks" : 0,
      "in_queue" : 0,
      "util" : 99.938861
    }
  ]
}
