{
  "fio version" : "fio-3.16",
  "timestamp" : 1600652088,
  "timestamp_ms" : 1600652088406,
  "time" : "Sun Sep 20 21:34:48 2020",
  "global options" : {
    "unified_rw_reporting" : "1",
    "time_based" : "1",
    "runtime" : "90",
    "directory" : "/media/auto/work/tmp",
    "filename" : "testfile.dat",
    "filesize" : "20GiB",
    "direct" : "1",
    "ioengine" : "libaio"
  },
  "jobs" : [
    {
      "jobname" : "jobname",
      "groupid" : 0,
      "error" : 0,
      "eta" : 0,
      "elapsed" : 91,
      "job options" : {
        "name" : "jobname",
        "iodepth" : "2",
        "bs" : "256k",
        "rw" : "randread"
      },
      "mixed" : {
        "io_bytes" : 96869548032,
        "io_kbytes" : 94599168,
        "bw_bytes" : 1076316352,
        "bw" : 1051090,
        "iops" : 4105.821046,
        "runtime" : 90001,
        "total_ios" : 369528,
        "short_ios" : 0,
        "drop_ios" : 0,
        "slat_ns" : {
          "min" : 7264,
          "max" : 108153,
          "mean" : 14164.088792,
          "stddev" : 1334.489335
        },
        "clat_ns" : {
          "min" : 140634,
          "max" : 1333922,
          "mean" : 472177.862471,
          "stddev" : 89093.625585,
          "percentile" : {
            "1.000000" : 254976,
            "5.000000" : 370688,
            "10.000000" : 374784,
            "20.000000" : 399360,
            "30.000000" : 432128,
            "40.000000" : 440320,
            "50.000000" : 448512,
            "60.000000" : 473088,
            "70.000000" : 501760,
            "80.000000" : 536576,
            "90.000000" : 593920,
            "95.000000" : 643072,
            "99.000000" : 741376,
            "99.500000" : 782336,
            "99.900000" : 880640,
            "99.950000" : 905216,
            "99.990000" : 987136
          }
        },
        "lat_ns" : {
          "min" : 154420,
          "max" : 1348159,
          "mean" : 486469.195246,
          "stddev" : 89091.627047
        },
        "bw_min" : 932352,
        "bw_max" : 1337344,
        "bw_agg" : 99.996649,
        "bw_mean" : 1051054.782123,
        "bw_dev" : 33591.175617,
        "bw_samples" : 179,
        "iops_min" : 3642,
        "iops_max" : 5224,
        "iops_mean" : 4105.670391,
        "iops_stddev" : 131.217581,
        "iops_samples" : 179
      },
      "job_runtime" : 90000,
      "usr_cpu" : 0.578889,
      "sys_cpu" : 6.582222,
      "ctx" : 369606,
      "majf" : 0,
      "minf" : 138,
      "iodepth_level" : {
        "1" : 0.100000,
        "2" : 99.999729,
        "4" : 0.000000,
        "8" : 0.000000,
        "16" : 0.000000,
        "32" : 0.000000,
        ">=64" : 0.000000
      },
      "iodepth_submit" : {
        "0" : 0.000000,
        "4" : 100.000000,
        "8" : 0.000000,
        "16" : 0.000000,
        "32" : 0.000000,
        "64" : 0.000000,
        ">=64" : 0.000000
      },
      "iodepth_complete" : {
        "0" : 0.000000,
        "4" : 100.000000,
        "8" : 0.000000,
        "16" : 0.000000,
        "32" : 0.000000,
        "64" : 0.000000,
        ">=64" : 0.000000
      },
      "latency_ns" : {
        "2" : 0.000000,
        "4" : 0.000000,
        "10" : 0.000000,
        "20" : 0.000000,
        "50" : 0.000000,
        "100" : 0.000000,
        "250" : 0.000000,
        "500" : 0.000000,
        "750" : 0.000000,
        "1000" : 0.000000
      },
      "latency_us" : {
        "2" : 0.000000,
        "4" : 0.000000,
        "10" : 0.000000,
        "20" : 0.000000,
        "50" : 0.000000,
        "100" : 0.000000,
        "250" : 0.965827,
        "500" : 67.881189,
        "750" : 30.241281,
        "1000" : 0.903856
      },
      "latency_ms" : {
        "2" : 0.010000,
        "4" : 0.000000,
        "10" : 0.000000,
        "20" : 0.000000,
        "50" : 0.000000,
        "100" : 0.000000,
        "250" : 0.000000,
        "500" : 0.000000,
        "750" : 0.000000,
        "1000" : 0.000000,
        "2000" : 0.000000,
        ">=2000" : 0.000000
      },
      "latency_depth" : 2,
      "latency_target" : 0,
      "latency_percentile" : 100.000000,
      "latency_window" : 0
    }
  ],
  "disk_util" : [
    {
      "name" : "nvme0n1",
      "read_ios" : 369121,
      "write_ios" : 0,
      "read_merges" : 0,
      "write_merges" : 0,
      "read_ticks" : 175919,
      "write_ticks" : 0,
      "in_queue" : 0,
      "util" : 99.938861
    }
  ]
}
